#
# There is insufficient memory for the Java Runtime Environment to continue.
# Native memory allocation (mmap) failed to map 65536 bytes for Failed to commit metaspace.
# Possible reasons:
#   The system is out of physical RAM or swap space
#   The process is running with CompressedOops enabled, and the Java Heap may be blocking the growth of the native heap
# Possible solutions:
#   Reduce memory load on the system
#   Increase physical memory or swap space
#   Check if swap backing store is full
#   Decrease Java heap size (-Xmx/-Xms)
#   Decrease number of Java threads
#   Decrease Java thread stack sizes (-Xss)
#   Set larger code cache with -XX:ReservedCodeCacheSize=
#   JVM is running with Unscaled Compressed Oops mode in which the Java heap is
#     placed in the first 4GB address space. The Java Heap base address is the
#     maximum limit for the native heap growth. Please use -XX:HeapBaseMinAddress
#     to set the Java Heap base and to place the Java Heap above 4GB virtual address.
# This output file may be truncated or incomplete.
#
#  Out of Memory Error (virtualSpaceNode.cpp:110), pid=9960, tid=9560
#
# JRE version: OpenJDK Runtime Environment Corretto-17.0.8.8.1 (17.0.8.1+8) (build 17.0.8.1+8-LTS)
# Java VM: OpenJDK 64-Bit Server VM Corretto-17.0.8.8.1 (17.0.8.1+8-LTS, mixed mode, emulated-client, sharing, tiered, compressed oops, compressed class ptrs, g1 gc, windows-amd64)
# No core dump will be written. Minidumps are not enabled by default on client versions of Windows
#

---------------  S U M M A R Y ------------

Command Line: -XX:TieredStopAtLevel=1 -Dspring.output.ansi.enabled=always -Dcom.sun.management.jmxremote -Dspring.jmx.enabled=true -Dspring.liveBeansView.mbeanDomain -Dspring.application.admin.enabled=true -Dmanagement.endpoints.jmx.exposure.include=* -javaagent:C:\Program Files\JetBrains\IntelliJ IDEA 2023.2\lib\idea_rt.jar=53228:C:\Program Files\JetBrains\IntelliJ IDEA 2023.2\bin -Dfile.encoding=UTF-8 jdev.mentoria.lojavirtual.LojaVirtualMentoriaApplication

Host: Intel(R) Core(TM) i5-7200U CPU @ 2.50GHz, 4 cores, 7G,  Windows 10 , 64 bit Build 19041 (10.0.19041.3155)
Time: Sun Sep 10 22:07:53 2023 Hora oficial do Brasil elapsed time: 4.554829 seconds (0d 0h 0m 4s)

---------------  T H R E A D  ---------------

Current thread (0x0000023b43248ed0):  VMThread "VM Thread" [stack: 0x000000b0e1000000,0x000000b0e1100000] [id=9560]

Stack: [0x000000b0e1000000,0x000000b0e1100000]
Native frames: (J=compiled Java code, j=interpreted, Vv=VM code, C=native code)
V  [jvm.dll+0x64c9da]
V  [jvm.dll+0x800834]
V  [jvm.dll+0x801fee]
V  [jvm.dll+0x802643]
V  [jvm.dll+0x23715b]
V  [jvm.dll+0x7fc8fb]
V  [jvm.dll+0x5f3916]
V  [jvm.dll+0x1b61be]
V  [jvm.dll+0x5f6164]
V  [jvm.dll+0x1edbda]
V  [jvm.dll+0x31a6af]
V  [jvm.dll+0x806a9b]
V  [jvm.dll+0x807778]
V  [jvm.dll+0x807ca5]
V  [jvm.dll+0x808074]
V  [jvm.dll+0x80813e]
V  [jvm.dll+0x7b392a]
V  [jvm.dll+0x64b845]
C  [ucrtbase.dll+0x21bb2]
C  [KERNEL32.DLL+0x17614]
C  [ntdll.dll+0x526b1]

VM_Operation (0x000000b0e24fc570): CollectForMetadataAllocation, mode: safepoint, requested by thread 0x0000023b43d8a050


---------------  P R O C E S S  ---------------

Threads class SMR info:
_java_thread_list=0x0000023b8a3ac710, length=24, elements={
0x0000023b319aeee0, 0x0000023b4324ea60, 0x0000023b4324f7f0, 0x0000023b43264790,
0x0000023b43265160, 0x0000023b432692f0, 0x0000023b4326cc10, 0x0000023b43269bc0,
0x0000023b432704f0, 0x0000023b43239cf0, 0x0000023b434972a0, 0x0000023b43497e50,
0x0000023b437fc960, 0x0000023b4386b460, 0x0000023b43a049c0, 0x0000023b43d7d4c0,
0x0000023b43d8a050, 0x0000023b43e0c580, 0x0000023b43e31330, 0x0000023b899aa5b0,
0x0000023b899ab4e0, 0x0000023b899aa0a0, 0x0000023b899aaac0, 0x0000023b899ab9f0
}

Java Threads: ( => current thread )
  0x0000023b319aeee0 JavaThread "main" [_thread_blocked, id=13256, stack(0x000000b0e0a00000,0x000000b0e0b00000)]
  0x0000023b4324ea60 JavaThread "Reference Handler" daemon [_thread_blocked, id=16344, stack(0x000000b0e1100000,0x000000b0e1200000)]
  0x0000023b4324f7f0 JavaThread "Finalizer" daemon [_thread_blocked, id=4864, stack(0x000000b0e1200000,0x000000b0e1300000)]
  0x0000023b43264790 JavaThread "Signal Dispatcher" daemon [_thread_blocked, id=11568, stack(0x000000b0e1300000,0x000000b0e1400000)]
  0x0000023b43265160 JavaThread "Attach Listener" daemon [_thread_blocked, id=8152, stack(0x000000b0e1400000,0x000000b0e1500000)]
  0x0000023b432692f0 JavaThread "Service Thread" daemon [_thread_blocked, id=7020, stack(0x000000b0e1500000,0x000000b0e1600000)]
  0x0000023b4326cc10 JavaThread "Monitor Deflation Thread" daemon [_thread_blocked, id=12292, stack(0x000000b0e1600000,0x000000b0e1700000)]
  0x0000023b43269bc0 JavaThread "C1 CompilerThread0" daemon [_thread_blocked, id=12096, stack(0x000000b0e1700000,0x000000b0e1800000)]
  0x0000023b432704f0 JavaThread "Sweeper thread" daemon [_thread_blocked, id=1584, stack(0x000000b0e1800000,0x000000b0e1900000)]
  0x0000023b43239cf0 JavaThread "Common-Cleaner" daemon [_thread_blocked, id=2916, stack(0x000000b0e1900000,0x000000b0e1a00000)]
  0x0000023b434972a0 JavaThread "C1 CompilerThread1" daemon [_thread_blocked, id=12324, stack(0x000000b0e1a00000,0x000000b0e1b00000)]
  0x0000023b43497e50 JavaThread "C1 CompilerThread2" daemon [_thread_blocked, id=10476, stack(0x000000b0e1b00000,0x000000b0e1c00000)]
  0x0000023b437fc960 JavaThread "Monitor Ctrl-Break" daemon [_thread_in_native, id=9272, stack(0x000000b0e1c00000,0x000000b0e1d00000)]
  0x0000023b4386b460 JavaThread "Notification Thread" daemon [_thread_blocked, id=3692, stack(0x000000b0e1d00000,0x000000b0e1e00000)]
  0x0000023b43a049c0 JavaThread "RMI TCP Accept-0" daemon [_thread_in_native, id=15852, stack(0x000000b0e1e00000,0x000000b0e1f00000)]
  0x0000023b43d7d4c0 JavaThread "Thread-0" [_thread_blocked, id=12656, stack(0x000000b0e2600000,0x000000b0e2700000)]
  0x0000023b43d8a050 JavaThread "restartedMain" [_thread_blocked, id=11768, stack(0x000000b0e2400000,0x000000b0e2500000)]
  0x0000023b43e0c580 JavaThread "RMI TCP Connection(1)-192.168.0.199" daemon [_thread_in_native, id=9528, stack(0x000000b0e2700000,0x000000b0e2800000)]
  0x0000023b43e31330 JavaThread "RMI Scheduler(0)" daemon [_thread_blocked, id=14344, stack(0x000000b0e2500000,0x000000b0e2600000)]
  0x0000023b899aa5b0 JavaThread "Catalina-utility-1" [_thread_blocked, id=12312, stack(0x000000b0e2800000,0x000000b0e2900000)]
  0x0000023b899ab4e0 JavaThread "Catalina-utility-2" [_thread_blocked, id=6196, stack(0x000000b0e2900000,0x000000b0e2a00000)]
  0x0000023b899aa0a0 JavaThread "container-0" [_thread_blocked, id=10520, stack(0x000000b0e2a00000,0x000000b0e2b00000)]
  0x0000023b899aaac0 JavaThread "PostgreSQL-JDBC-SharedTimer-1" daemon [_thread_blocked, id=7888, stack(0x000000b0e2c00000,0x000000b0e2d00000)]
  0x0000023b899ab9f0 JavaThread "PoolHikari housekeeper" daemon [_thread_blocked, id=1368, stack(0x000000b0e2d00000,0x000000b0e2e00000)]

Other Threads:
=>0x0000023b43248ed0 VMThread "VM Thread" [stack: 0x000000b0e1000000,0x000000b0e1100000] [id=9560]
  0x0000023b43a27f30 WatcherThread [stack: 0x000000b0e1f00000,0x000000b0e2000000] [id=2492]
  0x0000023b31a0bde0 GCTaskThread "GC Thread#0" [stack: 0x000000b0e0b00000,0x000000b0e0c00000] [id=15288]
  0x0000023b43cd3b60 GCTaskThread "GC Thread#1" [stack: 0x000000b0e2000000,0x000000b0e2100000] [id=1120]
  0x0000023b43cd3e20 GCTaskThread "GC Thread#2" [stack: 0x000000b0e2100000,0x000000b0e2200000] [id=15752]
  0x0000023b43cf38c0 GCTaskThread "GC Thread#3" [stack: 0x000000b0e2200000,0x000000b0e2300000] [id=1352]
  0x0000023b31a1d890 ConcurrentGCThread "G1 Main Marker" [stack: 0x000000b0e0c00000,0x000000b0e0d00000] [id=10840]
  0x0000023b31a1e1b0 ConcurrentGCThread "G1 Conc#0" [stack: 0x000000b0e0d00000,0x000000b0e0e00000] [id=4620]
  0x0000023b31a6e750 ConcurrentGCThread "G1 Refine#0" [stack: 0x000000b0e0e00000,0x000000b0e0f00000] [id=7772]
  0x0000023b436190e0 ConcurrentGCThread "G1 Refine#1" [stack: 0x000000b0e2300000,0x000000b0e2400000] [id=1456]
  0x0000023b43106230 ConcurrentGCThread "G1 Service" [stack: 0x000000b0e0f00000,0x000000b0e1000000] [id=8036]

Threads with active compile tasks:

VM state: at safepoint (normal execution)

VM Mutex/Monitor currently owned by a thread:  ([mutex/lock_event])
[0x0000023b3199ac00] Metaspace_lock - owner thread: 0x0000023b43248ed0
[0x0000023b319a9190] Threads_lock - owner thread: 0x0000023b43248ed0
[0x0000023b319a8800] Heap_lock - owner thread: 0x0000023b43d8a050

Heap address: 0x0000000081e00000, size: 2018 MB, Compressed Oops mode: 32-bit

CDS archive(s) mapped at: [0x0000023b44000000-0x0000023b44bd0000-0x0000023b44bd0000), size 12386304, SharedBaseAddress: 0x0000023b44000000, ArchiveRelocationMode: 1.
Compressed class space mapped at: 0x0000023b45000000-0x0000023b85000000, reserved size: 1073741824
Narrow klass base: 0x0000023b44000000, Narrow klass shift: 0, Narrow klass range: 0x100000000

GC Precious Log:
 CPUs: 4 total, 4 available
 Memory: 8066M
 Large Page Support: Disabled
 NUMA Support: Disabled
 Compressed Oops: Enabled (32-bit)
 Heap Region Size: 1M
 Heap Min Capacity: 8M
 Heap Initial Capacity: 128M
 Heap Max Capacity: 2018M
 Pre-touch: Disabled
 Parallel Workers: 4
 Concurrent Workers: 1
 Concurrent Refinement Workers: 4
 Periodic GC: Disabled

Heap:
 garbage-first heap   total 102400K, used 20655K [0x0000000081e00000, 0x0000000100000000)
  region size 1024K, 4 young (4096K), 2 survivors (2048K)
 Metaspace       used 35890K, committed 36288K, reserved 1114112K
  class space    used 4999K, committed 5184K, reserved 1048576K

Heap Regions: E=young(eden), S=young(survivor), O=old, HS=humongous(starts), HC=humongous(continues), CS=collection set, F=free, OA=open archive, CA=closed archive, TAMS=top-at-mark-start (previous, next)
|   0|0x0000000081e00000, 0x0000000081f00000, 0x0000000081f00000|100%|HS|  |TAMS 0x0000000081f00000, 0x0000000081f00000| Complete 
|   1|0x0000000081f00000, 0x0000000082000000, 0x0000000082000000|100%| O|  |TAMS 0x0000000082000000, 0x0000000082000000| Untracked 
|   2|0x0000000082000000, 0x0000000082100000, 0x0000000082100000|100%| O|  |TAMS 0x0000000082100000, 0x0000000082100000| Untracked 
|   3|0x0000000082100000, 0x0000000082200000, 0x0000000082200000|100%| O|  |TAMS 0x0000000082200000, 0x0000000082200000| Untracked 
|   4|0x0000000082200000, 0x0000000082300000, 0x0000000082300000|100%| O|  |TAMS 0x0000000082300000, 0x0000000082300000| Untracked 
|   5|0x0000000082300000, 0x0000000082400000, 0x0000000082400000|100%| O|  |TAMS 0x0000000082400000, 0x0000000082400000| Untracked 
|   6|0x0000000082400000, 0x0000000082500000, 0x0000000082500000|100%| O|  |TAMS 0x0000000082400000, 0x0000000082500000| Untracked 
|   7|0x0000000082500000, 0x0000000082600000, 0x0000000082600000|100%| O|  |TAMS 0x0000000082500000, 0x0000000082600000| Untracked 
|   8|0x0000000082600000, 0x0000000082700000, 0x0000000082700000|100%| O|  |TAMS 0x0000000082600000, 0x0000000082700000| Untracked 
|   9|0x0000000082700000, 0x0000000082800000, 0x0000000082800000|100%| O|  |TAMS 0x0000000082700000, 0x0000000082800000| Untracked 
|  10|0x0000000082800000, 0x0000000082831e00, 0x0000000082900000| 19%| O|  |TAMS 0x0000000082800000, 0x0000000082831e00| Untracked 
|  11|0x0000000082900000, 0x0000000082900000, 0x0000000082a00000|  0%| F|  |TAMS 0x0000000082900000, 0x0000000082900000| Untracked 
|  12|0x0000000082a00000, 0x0000000082a00000, 0x0000000082b00000|  0%| F|  |TAMS 0x0000000082a00000, 0x0000000082a00000| Untracked 
|  13|0x0000000082b00000, 0x0000000082b00000, 0x0000000082c00000|  0%| F|  |TAMS 0x0000000082b00000, 0x0000000082b00000| Untracked 
|  14|0x0000000082c00000, 0x0000000082c00000, 0x0000000082d00000|  0%| F|  |TAMS 0x0000000082c00000, 0x0000000082c00000| Untracked 
|  15|0x0000000082d00000, 0x0000000082d00000, 0x0000000082e00000|  0%| F|  |TAMS 0x0000000082d00000, 0x0000000082d00000| Untracked 
|  16|0x0000000082e00000, 0x0000000082e00000, 0x0000000082f00000|  0%| F|  |TAMS 0x0000000082e00000, 0x0000000082e00000| Untracked 
|  17|0x0000000082f00000, 0x0000000083000000, 0x0000000083000000|100%| O|  |TAMS 0x0000000082f00000, 0x0000000083000000| Untracked 
|  18|0x0000000083000000, 0x0000000083100000, 0x0000000083100000|100%| O|  |TAMS 0x0000000083000000, 0x0000000083100000| Untracked 
|  19|0x0000000083100000, 0x0000000083200000, 0x0000000083200000|100%| O|  |TAMS 0x0000000083100000, 0x0000000083200000| Untracked 
|  20|0x0000000083200000, 0x0000000083300000, 0x0000000083300000|100%| O|  |TAMS 0x0000000083200000, 0x0000000083300000| Untracked 
|  21|0x0000000083300000, 0x0000000083400000, 0x0000000083400000|100%| O|  |TAMS 0x0000000083300000, 0x0000000083400000| Untracked 
|  22|0x0000000083400000, 0x0000000083500000, 0x0000000083500000|100%| O|  |TAMS 0x0000000083400000, 0x0000000083500000| Untracked 
|  23|0x0000000083500000, 0x0000000083600000, 0x0000000083600000|100%| O|  |TAMS 0x0000000083500000, 0x0000000083600000| Untracked 
|  24|0x0000000083600000, 0x0000000083600000, 0x0000000083700000|  0%| F|  |TAMS 0x0000000083600000, 0x0000000083600000| Untracked 
|  25|0x0000000083700000, 0x0000000083700000, 0x0000000083800000|  0%| F|  |TAMS 0x0000000083700000, 0x0000000083700000| Untracked 
|  26|0x0000000083800000, 0x0000000083800000, 0x0000000083900000|  0%| F|  |TAMS 0x0000000083800000, 0x0000000083800000| Untracked 
|  27|0x0000000083900000, 0x0000000083900000, 0x0000000083a00000|  0%| F|  |TAMS 0x0000000083900000, 0x0000000083900000| Untracked 
|  28|0x0000000083a00000, 0x0000000083a00000, 0x0000000083b00000|  0%| F|  |TAMS 0x0000000083a00000, 0x0000000083a00000| Untracked 
|  29|0x0000000083b00000, 0x0000000083b00000, 0x0000000083c00000|  0%| F|  |TAMS 0x0000000083b00000, 0x0000000083b00000| Untracked 
|  30|0x0000000083c00000, 0x0000000083c00000, 0x0000000083d00000|  0%| F|  |TAMS 0x0000000083c00000, 0x0000000083c00000| Untracked 
|  31|0x0000000083d00000, 0x0000000083d00000, 0x0000000083e00000|  0%| F|  |TAMS 0x0000000083d00000, 0x0000000083d00000| Untracked 
|  32|0x0000000083e00000, 0x0000000083e00000, 0x0000000083f00000|  0%| F|  |TAMS 0x0000000083e00000, 0x0000000083e00000| Untracked 
|  33|0x0000000083f00000, 0x0000000083f00000, 0x0000000084000000|  0%| F|  |TAMS 0x0000000083f00000, 0x0000000083f00000| Untracked 
|  34|0x0000000084000000, 0x0000000084000000, 0x0000000084100000|  0%| F|  |TAMS 0x0000000084000000, 0x0000000084000000| Untracked 
|  35|0x0000000084100000, 0x0000000084100000, 0x0000000084200000|  0%| F|  |TAMS 0x0000000084100000, 0x0000000084100000| Untracked 
|  36|0x0000000084200000, 0x0000000084200000, 0x0000000084300000|  0%| F|  |TAMS 0x0000000084200000, 0x0000000084200000| Untracked 
|  37|0x0000000084300000, 0x0000000084300000, 0x0000000084400000|  0%| F|  |TAMS 0x0000000084300000, 0x0000000084300000| Untracked 
|  38|0x0000000084400000, 0x0000000084400000, 0x0000000084500000|  0%| F|  |TAMS 0x0000000084400000, 0x0000000084400000| Untracked 
|  39|0x0000000084500000, 0x0000000084500000, 0x0000000084600000|  0%| F|  |TAMS 0x0000000084500000, 0x0000000084500000| Untracked 
|  40|0x0000000084600000, 0x0000000084600000, 0x0000000084700000|  0%| F|  |TAMS 0x0000000084600000, 0x0000000084600000| Untracked 
|  41|0x0000000084700000, 0x0000000084700000, 0x0000000084800000|  0%| F|  |TAMS 0x0000000084700000, 0x0000000084700000| Untracked 
|  42|0x0000000084800000, 0x0000000084800000, 0x0000000084900000|  0%| F|  |TAMS 0x0000000084800000, 0x0000000084800000| Untracked 
|  43|0x0000000084900000, 0x0000000084900000, 0x0000000084a00000|  0%| F|  |TAMS 0x0000000084900000, 0x0000000084900000| Untracked 
|  44|0x0000000084a00000, 0x0000000084a00000, 0x0000000084b00000|  0%| F|  |TAMS 0x0000000084a00000, 0x0000000084a00000| Untracked 
|  45|0x0000000084b00000, 0x0000000084b00000, 0x0000000084c00000|  0%| F|  |TAMS 0x0000000084b00000, 0x0000000084b00000| Untracked 
|  46|0x0000000084c00000, 0x0000000084c00000, 0x0000000084d00000|  0%| F|  |TAMS 0x0000000084c00000, 0x0000000084c00000| Untracked 
|  47|0x0000000084d00000, 0x0000000084d00000, 0x0000000084e00000|  0%| F|  |TAMS 0x0000000084d00000, 0x0000000084d00000| Untracked 
|  48|0x0000000084e00000, 0x0000000084e00000, 0x0000000084f00000|  0%| F|  |TAMS 0x0000000084e00000, 0x0000000084e00000| Untracked 
|  49|0x0000000084f00000, 0x0000000084f00000, 0x0000000085000000|  0%| F|  |TAMS 0x0000000084f00000, 0x0000000084f00000| Untracked 
|  50|0x0000000085000000, 0x0000000085000000, 0x0000000085100000|  0%| F|  |TAMS 0x0000000085000000, 0x0000000085000000| Untracked 
|  51|0x0000000085100000, 0x0000000085100000, 0x0000000085200000|  0%| F|  |TAMS 0x0000000085100000, 0x0000000085100000| Untracked 
|  52|0x0000000085200000, 0x0000000085200000, 0x0000000085300000|  0%| F|  |TAMS 0x0000000085200000, 0x0000000085200000| Untracked 
|  53|0x0000000085300000, 0x0000000085300000, 0x0000000085400000|  0%| F|  |TAMS 0x0000000085300000, 0x0000000085300000| Untracked 
|  54|0x0000000085400000, 0x0000000085400000, 0x0000000085500000|  0%| F|  |TAMS 0x0000000085400000, 0x0000000085400000| Untracked 
|  55|0x0000000085500000, 0x0000000085500000, 0x0000000085600000|  0%| F|  |TAMS 0x0000000085500000, 0x0000000085500000| Untracked 
|  56|0x0000000085600000, 0x0000000085600000, 0x0000000085700000|  0%| F|  |TAMS 0x0000000085600000, 0x0000000085600000| Untracked 
|  57|0x0000000085700000, 0x0000000085700000, 0x0000000085800000|  0%| F|  |TAMS 0x0000000085700000, 0x0000000085700000| Untracked 
|  58|0x0000000085800000, 0x0000000085800000, 0x0000000085900000|  0%| F|  |TAMS 0x0000000085800000, 0x0000000085800000| Untracked 
|  59|0x0000000085900000, 0x0000000085900000, 0x0000000085a00000|  0%| F|  |TAMS 0x0000000085900000, 0x0000000085900000| Untracked 
|  60|0x0000000085a00000, 0x0000000085a00000, 0x0000000085b00000|  0%| F|  |TAMS 0x0000000085a00000, 0x0000000085a00000| Untracked 
|  61|0x0000000085b00000, 0x0000000085b00000, 0x0000000085c00000|  0%| F|  |TAMS 0x0000000085b00000, 0x0000000085b00000| Untracked 
|  62|0x0000000085c00000, 0x0000000085c00000, 0x0000000085d00000|  0%| F|  |TAMS 0x0000000085c00000, 0x0000000085c00000| Untracked 
|  63|0x0000000085d00000, 0x0000000085d00000, 0x0000000085e00000|  0%| F|  |TAMS 0x0000000085d00000, 0x0000000085d00000| Untracked 
|  64|0x0000000085e00000, 0x0000000085e00000, 0x0000000085f00000|  0%| F|  |TAMS 0x0000000085e00000, 0x0000000085e00000| Untracked 
|  65|0x0000000085f00000, 0x0000000085f00000, 0x0000000086000000|  0%| F|  |TAMS 0x0000000085f00000, 0x0000000085f00000| Untracked 
|  66|0x0000000086000000, 0x0000000086000000, 0x0000000086100000|  0%| F|  |TAMS 0x0000000086000000, 0x0000000086000000| Untracked 
|  67|0x0000000086100000, 0x0000000086100000, 0x0000000086200000|  0%| F|  |TAMS 0x0000000086100000, 0x0000000086100000| Untracked 
|  68|0x0000000086200000, 0x0000000086200000, 0x0000000086300000|  0%| F|  |TAMS 0x0000000086200000, 0x0000000086200000| Untracked 
|  69|0x0000000086300000, 0x0000000086300000, 0x0000000086400000|  0%| F|  |TAMS 0x0000000086300000, 0x0000000086300000| Untracked 
|  70|0x0000000086400000, 0x0000000086400000, 0x0000000086500000|  0%| F|  |TAMS 0x0000000086400000, 0x0000000086400000| Untracked 
|  71|0x0000000086500000, 0x0000000086500000, 0x0000000086600000|  0%| F|  |TAMS 0x0000000086500000, 0x0000000086500000| Untracked 
|  72|0x0000000086600000, 0x0000000086600000, 0x0000000086700000|  0%| F|  |TAMS 0x0000000086600000, 0x0000000086600000| Untracked 
|  73|0x0000000086700000, 0x0000000086700000, 0x0000000086800000|  0%| F|  |TAMS 0x0000000086700000, 0x0000000086700000| Untracked 
|  74|0x0000000086800000, 0x0000000086800000, 0x0000000086900000|  0%| F|  |TAMS 0x0000000086800000, 0x0000000086800000| Untracked 
|  75|0x0000000086900000, 0x0000000086900000, 0x0000000086a00000|  0%| F|  |TAMS 0x0000000086900000, 0x0000000086900000| Untracked 
|  76|0x0000000086a00000, 0x0000000086a00000, 0x0000000086b00000|  0%| F|  |TAMS 0x0000000086a00000, 0x0000000086a00000| Untracked 
|  77|0x0000000086b00000, 0x0000000086b00000, 0x0000000086c00000|  0%| F|  |TAMS 0x0000000086b00000, 0x0000000086b00000| Untracked 
|  78|0x0000000086c00000, 0x0000000086c00000, 0x0000000086d00000|  0%| F|  |TAMS 0x0000000086c00000, 0x0000000086c00000| Untracked 
|  79|0x0000000086d00000, 0x0000000086d00000, 0x0000000086e00000|  0%| F|  |TAMS 0x0000000086d00000, 0x0000000086d00000| Untracked 
|  80|0x0000000086e00000, 0x0000000086ef9e28, 0x0000000086f00000| 97%| S|CS|TAMS 0x0000000086e00000, 0x0000000086e00000| Complete 
|  81|0x0000000086f00000, 0x0000000087000000, 0x0000000087000000|100%| S|CS|TAMS 0x0000000086f00000, 0x0000000086f00000| Complete 
|  82|0x0000000087000000, 0x0000000087000000, 0x0000000087100000|  0%| F|  |TAMS 0x0000000087000000, 0x0000000087000000| Untracked 
|  83|0x0000000087100000, 0x0000000087100000, 0x0000000087200000|  0%| F|  |TAMS 0x0000000087100000, 0x0000000087100000| Untracked 
|  84|0x0000000087200000, 0x0000000087200000, 0x0000000087300000|  0%| F|  |TAMS 0x0000000087200000, 0x0000000087200000| Untracked 
|  85|0x0000000087300000, 0x0000000087300000, 0x0000000087400000|  0%| F|  |TAMS 0x0000000087300000, 0x0000000087300000| Untracked 
|  86|0x0000000087400000, 0x0000000087400000, 0x0000000087500000|  0%| F|  |TAMS 0x0000000087400000, 0x0000000087400000| Untracked 
|  87|0x0000000087500000, 0x0000000087500000, 0x0000000087600000|  0%| F|  |TAMS 0x0000000087500000, 0x0000000087500000| Untracked 
|  88|0x0000000087600000, 0x0000000087600000, 0x0000000087700000|  0%| F|  |TAMS 0x0000000087600000, 0x0000000087600000| Untracked 
|  89|0x0000000087700000, 0x0000000087700000, 0x0000000087800000|  0%| F|  |TAMS 0x0000000087700000, 0x0000000087700000| Untracked 
|  90|0x0000000087800000, 0x0000000087800000, 0x0000000087900000|  0%| F|  |TAMS 0x0000000087800000, 0x0000000087800000| Untracked 
|  91|0x0000000087900000, 0x0000000087900000, 0x0000000087a00000|  0%| F|  |TAMS 0x0000000087900000, 0x0000000087900000| Untracked 
|  92|0x0000000087a00000, 0x0000000087a00000, 0x0000000087b00000|  0%| F|  |TAMS 0x0000000087a00000, 0x0000000087a00000| Untracked 
|  93|0x0000000087b00000, 0x0000000087b00000, 0x0000000087c00000|  0%| F|  |TAMS 0x0000000087b00000, 0x0000000087b00000| Untracked 
|  94|0x0000000087c00000, 0x0000000087c00000, 0x0000000087d00000|  0%| F|  |TAMS 0x0000000087c00000, 0x0000000087c00000| Untracked 
|  95|0x0000000087d00000, 0x0000000087d00000, 0x0000000087e00000|  0%| F|  |TAMS 0x0000000087d00000, 0x0000000087d00000| Untracked 
|  96|0x0000000087e00000, 0x0000000087e00000, 0x0000000087f00000|  0%| F|  |TAMS 0x0000000087e00000, 0x0000000087e00000| Untracked 
|  97|0x0000000087f00000, 0x0000000087f00000, 0x0000000088000000|  0%| F|  |TAMS 0x0000000087f00000, 0x0000000087f00000| Untracked 
|  98|0x0000000088000000, 0x0000000088080800, 0x0000000088100000| 50%| E|  |TAMS 0x0000000088000000, 0x0000000088000000| Complete 
| 127|0x0000000089d00000, 0x0000000089e00000, 0x0000000089e00000|100%| E|CS|TAMS 0x0000000089d00000, 0x0000000089d00000| Complete 

Card table byte_map: [0x0000023b3c8b0000,0x0000023b3ccb0000] _byte_map_base: 0x0000023b3c4a1000

Marking Bits (Prev, Next): (CMBitMap*) 0x0000023b31a0d360, (CMBitMap*) 0x0000023b31a0d320
 Prev Bits: [0x0000023b3f040000, 0x0000023b40fc8000)
 Next Bits: [0x0000023b3d0b0000, 0x0000023b3f038000)

Polling page: 0x0000023b2f8f0000

Metaspace:

Usage:
  Non-class:     30.17 MB used.
      Class:      4.88 MB used.
       Both:     35.05 MB used.

Virtual space:
  Non-class space:       64.00 MB reserved,      30.38 MB ( 47%) committed,  1 nodes.
      Class space:        1.00 GB reserved,       5.06 MB ( <1%) committed,  1 nodes.
             Both:        1.06 GB reserved,      35.44 MB (  3%) committed. 

Chunk freelists:
   Non-Class:  816.00 KB
       Class:  10.94 MB
        Both:  11.73 MB

MaxMetaspaceSize: unlimited
CompressedClassSpaceSize: 1.00 GB
Initial GC threshold: 21.00 MB
Current GC threshold: 35.75 MB
CDS: on
MetaspaceReclaimPolicy: balanced
 - commit_granule_bytes: 65536.
 - commit_granule_words: 8192.
 - virtual_space_node_default_size: 8388608.
 - enlarge_chunks_in_place: 1.
 - new_chunks_are_fully_committed: 0.
 - uncommit_free_chunks: 1.
 - use_allocation_guard: 0.
 - handle_deallocations: 1.


Internal statistics:

num_allocs_failed_limit: 9.
num_arena_births: 620.
num_arena_deaths: 0.
num_vsnodes_births: 2.
num_vsnodes_deaths: 0.
num_space_committed: 567.
num_space_uncommitted: 0.
num_chunks_returned_to_freelist: 9.
num_chunks_taken_from_freelist: 1900.
num_chunk_merges: 9.
num_chunk_splits: 1350.
num_chunks_enlarged: 983.
num_inconsistent_stats: 0.

CodeCache: size=49152Kb used=8330Kb max_used=8330Kb free=40821Kb
 bounds [0x0000023b394b0000, 0x0000023b39ce0000, 0x0000023b3c4b0000]
 total_blobs=4394 nmethods=3861 adapters=458
 compilation: enabled
              stopped_count=0, restarted_count=0
 full_count=0

Compilation events (20 events):
Event: 4.444 Thread 0x0000023b43497e50 3853       1       java.util.stream.IntPipeline::adapt (37 bytes)
Event: 4.444 Thread 0x0000023b43269bc0 nmethod 3852 0x0000023b39ccd510 code [0x0000023b39ccd6e0, 0x0000023b39ccd9f8]
Event: 4.444 Thread 0x0000023b43497e50 nmethod 3853 0x0000023b39ccdb10 code [0x0000023b39ccdce0, 0x0000023b39cce048]
Event: 4.445 Thread 0x0000023b434972a0 nmethod 3851 0x0000023b39cce190 code [0x0000023b39cce380, 0x0000023b39cce768]
Event: 4.478 Thread 0x0000023b434972a0 3854       1       java.lang.StringLatin1$CharsSpliterator::tryAdvance (60 bytes)
Event: 4.478 Thread 0x0000023b43497e50 3855       1       java.lang.String::regionMatches (189 bytes)
Event: 4.478 Thread 0x0000023b434972a0 nmethod 3854 0x0000023b39ccef90 code [0x0000023b39ccf140, 0x0000023b39ccf358]
Event: 4.479 Thread 0x0000023b43497e50 nmethod 3855 0x0000023b39ccf490 code [0x0000023b39ccf640, 0x0000023b39ccfa38]
Event: 4.481 Thread 0x0000023b43497e50 3856       1       java.util.HashSet::clear (8 bytes)
Event: 4.481 Thread 0x0000023b43497e50 nmethod 3856 0x0000023b39ccfc10 code [0x0000023b39ccfda0, 0x0000023b39ccfe88]
Event: 4.481 Thread 0x0000023b434972a0 3857       1       sun.util.locale.LocaleUtils::caseIgnoreMatch (73 bytes)
Event: 4.482 Thread 0x0000023b434972a0 nmethod 3857 0x0000023b39ccff10 code [0x0000023b39cd0100, 0x0000023b39cd05f8]
Event: 4.482 Thread 0x0000023b434972a0 3858       1       sun.util.locale.BaseLocale$Key::equals (109 bytes)
Event: 4.483 Thread 0x0000023b434972a0 nmethod 3858 0x0000023b39cd0a10 code [0x0000023b39cd0c00, 0x0000023b39cd1078]
Event: 4.494 Thread 0x0000023b434972a0 3859       1       java.nio.MappedByteBuffer::position (6 bytes)
Event: 4.494 Thread 0x0000023b434972a0 nmethod 3859 0x0000023b39cd1310 code [0x0000023b39cd14a0, 0x0000023b39cd1588]
Event: 4.508 Thread 0x0000023b434972a0 3860       1       java.time.format.DateTimeFormatter::getDecimalStyle (5 bytes)
Event: 4.508 Thread 0x0000023b43269bc0 3861       1       ch.qos.logback.core.pattern.FormattingConverter::write (154 bytes)
Event: 4.508 Thread 0x0000023b434972a0 nmethod 3860 0x0000023b39cd1c10 code [0x0000023b39cd1da0, 0x0000023b39cd1e78]
Event: 4.509 Thread 0x0000023b43269bc0 nmethod 3861 0x0000023b39cd1f10 code [0x0000023b39cd2160, 0x0000023b39cd2638]

GC Heap History (18 events):
Event: 0.671 GC heap before
{Heap before GC invocations=0 (full 0):
 garbage-first heap   total 131072K, used 13312K [0x0000000081e00000, 0x0000000100000000)
  region size 1024K, 13 young (13312K), 0 survivors (0K)
 Metaspace       used 5401K, committed 5568K, reserved 1114112K
  class space    used 652K, committed 768K, reserved 1048576K
}
Event: 0.677 GC heap after
{Heap after GC invocations=1 (full 0):
 garbage-first heap   total 131072K, used 6476K [0x0000000081e00000, 0x0000000100000000)
  region size 1024K, 2 young (2048K), 2 survivors (2048K)
 Metaspace       used 5401K, committed 5568K, reserved 1114112K
  class space    used 652K, committed 768K, reserved 1048576K
}
Event: 1.048 GC heap before
{Heap before GC invocations=1 (full 0):
 garbage-first heap   total 131072K, used 15692K [0x0000000081e00000, 0x0000000100000000)
  region size 1024K, 11 young (11264K), 2 survivors (2048K)
 Metaspace       used 6916K, committed 7040K, reserved 1114112K
  class space    used 878K, committed 960K, reserved 1048576K
}
Event: 1.054 GC heap after
{Heap after GC invocations=2 (full 0):
 garbage-first heap   total 131072K, used 7298K [0x0000000081e00000, 0x0000000100000000)
  region size 1024K, 1 young (1024K), 1 survivors (1024K)
 Metaspace       used 6916K, committed 7040K, reserved 1114112K
  class space    used 878K, committed 960K, reserved 1048576K
}
Event: 1.687 GC heap before
{Heap before GC invocations=2 (full 0):
 garbage-first heap   total 131072K, used 28802K [0x0000000081e00000, 0x0000000100000000)
  region size 1024K, 23 young (23552K), 1 survivors (1024K)
 Metaspace       used 11452K, committed 11712K, reserved 1114112K
  class space    used 1569K, committed 1728K, reserved 1048576K
}
Event: 1.692 GC heap after
{Heap after GC invocations=3 (full 0):
 garbage-first heap   total 131072K, used 9342K [0x0000000081e00000, 0x0000000100000000)
  region size 1024K, 3 young (3072K), 3 survivors (3072K)
 Metaspace       used 11452K, committed 11712K, reserved 1114112K
  class space    used 1569K, committed 1728K, reserved 1048576K
}
Event: 2.826 GC heap before
{Heap before GC invocations=3 (full 0):
 garbage-first heap   total 131072K, used 75902K [0x0000000081e00000, 0x0000000100000000)
  region size 1024K, 70 young (71680K), 3 survivors (3072K)
 Metaspace       used 21226K, committed 21504K, reserved 1114112K
  class space    used 2875K, committed 3008K, reserved 1048576K
}
Event: 2.835 GC heap after
{Heap after GC invocations=4 (full 0):
 garbage-first heap   total 131072K, used 13682K [0x0000000081e00000, 0x0000000100000000)
  region size 1024K, 7 young (7168K), 7 survivors (7168K)
 Metaspace       used 21226K, committed 21504K, reserved 1114112K
  class space    used 2875K, committed 3008K, reserved 1048576K
}
Event: 3.336 GC heap before
{Heap before GC invocations=5 (full 0):
 garbage-first heap   total 51200K, used 39282K [0x0000000081e00000, 0x0000000100000000)
  region size 1024K, 33 young (33792K), 7 survivors (7168K)
 Metaspace       used 24971K, committed 25408K, reserved 1114112K
  class space    used 3453K, committed 3648K, reserved 1048576K
}
Event: 3.347 GC heap after
{Heap after GC invocations=6 (full 0):
 garbage-first heap   total 51200K, used 16132K [0x0000000081e00000, 0x0000000100000000)
  region size 1024K, 7 young (7168K), 7 survivors (7168K)
 Metaspace       used 24971K, committed 25408K, reserved 1114112K
  class space    used 3453K, committed 3648K, reserved 1048576K
}
Event: 3.362 GC heap before
{Heap before GC invocations=6 (full 0):
 garbage-first heap   total 51200K, used 17156K [0x0000000081e00000, 0x0000000100000000)
  region size 1024K, 8 young (8192K), 7 survivors (7168K)
 Metaspace       used 24990K, committed 25408K, reserved 1114112K
  class space    used 3456K, committed 3648K, reserved 1048576K
}
Event: 3.369 GC heap after
{Heap after GC invocations=7 (full 0):
 garbage-first heap   total 51200K, used 16683K [0x0000000081e00000, 0x0000000100000000)
  region size 1024K, 1 young (1024K), 1 survivors (1024K)
 Metaspace       used 24990K, committed 25408K, reserved 1114112K
  class space    used 3456K, committed 3648K, reserved 1048576K
}
Event: 3.691 GC heap before
{Heap before GC invocations=7 (full 0):
 garbage-first heap   total 51200K, used 36139K [0x0000000081e00000, 0x0000000100000000)
  region size 1024K, 20 young (20480K), 1 survivors (1024K)
 Metaspace       used 27602K, committed 28096K, reserved 1114112K
  class space    used 3809K, committed 4032K, reserved 1048576K
}
Event: 3.694 GC heap after
{Heap after GC invocations=8 (full 0):
 garbage-first heap   total 51200K, used 17707K [0x0000000081e00000, 0x0000000100000000)
  region size 1024K, 2 young (2048K), 2 survivors (2048K)
 Metaspace       used 27602K, committed 28096K, reserved 1114112K
  class space    used 3809K, committed 4032K, reserved 1048576K
}
Event: 4.043 GC heap before
{Heap before GC invocations=8 (full 0):
 garbage-first heap   total 51200K, used 36139K [0x0000000081e00000, 0x0000000100000000)
  region size 1024K, 21 young (21504K), 2 survivors (2048K)
 Metaspace       used 30901K, committed 31360K, reserved 1114112K
  class space    used 4279K, committed 4544K, reserved 1048576K
}
Event: 4.047 GC heap after
{Heap after GC invocations=9 (full 0):
 garbage-first heap   total 102400K, used 18895K [0x0000000081e00000, 0x0000000100000000)
  region size 1024K, 2 young (2048K), 2 survivors (2048K)
 Metaspace       used 30901K, committed 31360K, reserved 1114112K
  class space    used 4279K, committed 4544K, reserved 1048576K
}
Event: 4.510 GC heap before
{Heap before GC invocations=9 (full 0):
 garbage-first heap   total 102400K, used 36303K [0x0000000081e00000, 0x0000000100000000)
  region size 1024K, 20 young (20480K), 2 survivors (2048K)
 Metaspace       used 35533K, committed 35968K, reserved 1114112K
  class space    used 4962K, committed 5184K, reserved 1048576K
}
Event: 4.515 GC heap after
{Heap after GC invocations=10 (full 0):
 garbage-first heap   total 102400K, used 19631K [0x0000000081e00000, 0x0000000100000000)
  region size 1024K, 2 young (2048K), 2 survivors (2048K)
 Metaspace       used 35533K, committed 35968K, reserved 1114112K
  class space    used 4962K, committed 5184K, reserved 1048576K
}

Dll operation events (14 events):
Event: 0.010 Loaded shared library C:\Users\Lenovo\.jdks\corretto-17.0.8.1\bin\java.dll
Event: 0.030 Loaded shared library C:\Users\Lenovo\.jdks\corretto-17.0.8.1\bin\jsvml.dll
Event: 0.166 Loaded shared library C:\Users\Lenovo\.jdks\corretto-17.0.8.1\bin\zip.dll
Event: 0.169 Loaded shared library C:\Users\Lenovo\.jdks\corretto-17.0.8.1\bin\instrument.dll
Event: 0.182 Loaded shared library C:\Users\Lenovo\.jdks\corretto-17.0.8.1\bin\net.dll
Event: 0.185 Loaded shared library C:\Users\Lenovo\.jdks\corretto-17.0.8.1\bin\nio.dll
Event: 0.190 Loaded shared library C:\Users\Lenovo\.jdks\corretto-17.0.8.1\bin\zip.dll
Event: 0.302 Loaded shared library C:\Program Files\JetBrains\IntelliJ IDEA 2023.2\bin\breakgen64.dll
Event: 0.308 Loaded shared library C:\Users\Lenovo\.jdks\corretto-17.0.8.1\bin\jimage.dll
Event: 0.341 Loaded shared library C:\Users\Lenovo\.jdks\corretto-17.0.8.1\bin\management.dll
Event: 0.358 Loaded shared library C:\Users\Lenovo\.jdks\corretto-17.0.8.1\bin\management_ext.dll
Event: 3.286 Loaded shared library C:\apache-tomcat-10.0.12\bin\tcnative-1.dll
Event: 3.571 Loaded shared library C:\Users\Lenovo\.jdks\corretto-17.0.8.1\bin\sunmscapi.dll
Event: 4.164 Loaded shared library C:\Users\Lenovo\.jdks\corretto-17.0.8.1\bin\verify.dll

Deoptimization events (4 events):
Event: 1.808 Thread 0x0000023b43d8a050 DEOPT PACKING pc=0x0000023b399f2f99 sp=0x000000b0e24fd0a0
Event: 1.808 Thread 0x0000023b43d8a050 DEOPT UNPACKING pc=0x0000023b39507143 sp=0x000000b0e24fc580 mode 3
Event: 3.744 Thread 0x0000023b43d8a050 DEOPT PACKING pc=0x0000023b39c65a9d sp=0x000000b0e24fbb20
Event: 3.744 Thread 0x0000023b43d8a050 DEOPT UNPACKING pc=0x0000023b39507143 sp=0x000000b0e24fb088 mode 3

Classes unloaded (0 events):
No events

Classes redefined (0 events):
No events

Internal exceptions (20 events):
Event: 3.286 Thread 0x0000023b43d8a050 Exception <a 'java/lang/NoSuchFieldError'{0x00000000832f48a0}: org.apache.tomcat.jni.Sockaddr.pool J> (0x00000000832f48a0) 
thrown [s\src\hotspot\share\prims\jni.cpp, line 1771]
Event: 3.394 Thread 0x0000023b43d8a050 Exception <a 'java/lang/NoSuchMethodError'{0x0000000085652400}: 'void java.lang.invoke.DirectMethodHandle$Holder.invokeInterface(java.lang.Object, java.lang.Object, int)'> (0x0000000085652400) 
thrown [s\src\hotspot\share\interpreter\linkResolver.cpp, line 759]
Event: 3.397 Thread 0x0000023b43d8a050 Exception <a 'java/lang/IncompatibleClassChangeError'{0x00000000856a1f58}: Found class java.lang.Object, but interface was expected> (0x00000000856a1f58) 
thrown [s\src\hotspot\share\interpreter\linkResolver.cpp, line 826]
Event: 3.398 Thread 0x0000023b43d8a050 Exception <a 'java/lang/NoSuchMethodError'{0x00000000856ba9c8}: 'void java.lang.invoke.DirectMethodHandle$Holder.invokeStatic(java.lang.Object, int, java.lang.Object)'> (0x00000000856ba9c8) 
thrown [s\src\hotspot\share\interpreter\linkResolver.cpp, line 759]
Event: 3.402 Thread 0x0000023b43d8a050 Exception <a 'java/lang/NoSuchMethodError'{0x00000000856ffbc8}: 'void java.lang.invoke.DirectMethodHandle$Holder.invokeVirtual(java.lang.Object, java.lang.Object, int)'> (0x00000000856ffbc8) 
thrown [s\src\hotspot\share\interpreter\linkResolver.cpp, line 759]
Event: 3.402 Thread 0x0000023b43d8a050 Exception <a 'java/lang/NoSuchMethodError'{0x0000000085506230}: 'void java.lang.invoke.DirectMethodHandle$Holder.invokeStatic(java.lang.Object, java.lang.Object, java.lang.Object, int, java.lang.Object)'> (0x0000000085506230) 
thrown [s\src\hotspot\share\interpreter\linkResolver.cpp, line 759]
Event: 3.403 Thread 0x0000023b43d8a050 Exception <a 'java/lang/NoSuchMethodError'{0x000000008550d738}: 'java.lang.Object java.lang.invoke.DirectMethodHandle$Holder.newInvokeSpecial(java.lang.Object, java.lang.Object, java.lang.Object, int)'> (0x000000008550d738) 
thrown [s\src\hotspot\share\interpreter\linkResolver.cpp, line 759]
Event: 3.403 Thread 0x0000023b43d8a050 Exception <a 'java/lang/NoSuchMethodError'{0x0000000085511a20}: 'java.lang.Object java.lang.invoke.DirectMethodHandle$Holder.invokeSpecial(java.lang.Object, java.lang.Object, java.lang.Object, java.lang.Object, int)'> (0x0000000085511a20) 
thrown [s\src\hotspot\share\interpreter\linkResolver.cpp, line 759]
Event: 3.403 Thread 0x0000023b43d8a050 Exception <a 'java/lang/NoSuchMethodError'{0x00000000855155e8}: 'java.lang.Object java.lang.invoke.Invokers$Holder.linkToTargetMethod(java.lang.Object, java.lang.Object, int, java.lang.Object)'> (0x00000000855155e8) 
thrown [s\src\hotspot\share\interpreter\linkResolver.cpp, line 759]
Event: 3.596 Thread 0x0000023b43d8a050 Exception <a 'sun/nio/fs/WindowsException'{0x0000000083f410f0}> (0x0000000083f410f0) 
thrown [s\src\hotspot\share\prims\jni.cpp, line 516]
Event: 3.596 Thread 0x0000023b43d8a050 Exception <a 'sun/nio/fs/WindowsException'{0x0000000083f46b80}> (0x0000000083f46b80) 
thrown [s\src\hotspot\share\prims\jni.cpp, line 516]
Event: 3.597 Thread 0x0000023b43d8a050 Exception <a 'sun/nio/fs/WindowsException'{0x0000000083f47260}> (0x0000000083f47260) 
thrown [s\src\hotspot\share\prims\jni.cpp, line 516]
Event: 3.618 Thread 0x0000023b43d8a050 Exception <a 'java/lang/NoSuchMethodError'{0x0000000083e61090}: 'java.lang.Object java.lang.invoke.DirectMethodHandle$Holder.invokeSpecial(java.lang.Object, java.lang.Object, long, java.lang.Object, java.lang.Object, java.lang.Object, java.lang.Object, java.lang.Object, java.lang.Object)'> (0x0000000083e61090) 
thrown [s\src\hotspot\share\interpreter\linkResolver.cpp, line 759]
Event: 3.618 Thread 0x0000023b43d8a050 Exception <a 'java/lang/NoSuchMethodError'{0x0000000083e65bb8}: 'java.lang.Object java.lang.invoke.DelegatingMethodHandle$Holder.reinvoke_L(java.lang.Object, long, java.lang.Object, java.lang.Object, java.lang.Object, java.lang.Object, java.lang.Object, java.lang.Object)'> (0x0000000083e65bb8) 
thrown [s\src\hotspot\share\interpreter\linkResolver.cpp, line 759]
Event: 3.684 Thread 0x0000023b43d8a050 Exception <a 'java/io/FileNotFoundException'{0x0000000083c577f0}> (0x0000000083c577f0) 
thrown [s\src\hotspot\share\prims\jni.cpp, line 516]
Event: 3.707 Thread 0x0000023b43d8a050 Exception <a 'java/lang/NoSuchMethodError'{0x0000000089dbfd48}: 'int java.lang.invoke.DirectMethodHandle$Holder.invokeInterface(java.lang.Object, java.lang.Object, java.lang.Object, java.lang.Object)'> (0x0000000089dbfd48) 
thrown [s\src\hotspot\share\interpreter\linkResolver.cpp, line 759]
Event: 3.750 Thread 0x0000023b43d8a050 Exception <a 'java/lang/NoSuchMethodError'{0x0000000085536c80}: 'long java.lang.invoke.DirectMethodHandle$Holder.invokeVirtual(java.lang.Object, java.lang.Object)'> (0x0000000085536c80) 
thrown [s\src\hotspot\share\interpreter\linkResolver.cpp, line 759]
Event: 3.754 Thread 0x0000023b43d8a050 Exception <a 'java/io/FileNotFoundException'{0x000000008556b8d8}> (0x000000008556b8d8) 
thrown [s\src\hotspot\share\prims\jni.cpp, line 516]
Event: 3.782 Thread 0x0000023b43e0c580 Exception <a 'java/lang/reflect/InvocationTargetException'{0x0000000085309528}> (0x0000000085309528) 
thrown [s\src\hotspot\share\runtime\reflection.cpp, line 1121]
Event: 4.287 Thread 0x0000023b43e0c580 Exception <a 'java/lang/reflect/InvocationTargetException'{0x0000000087609528}> (0x0000000087609528) 
thrown [s\src\hotspot\share\runtime\reflection.cpp, line 1121]

VM Operations (20 events):
Event: 3.559 Executing VM operation: HandshakeAllThreads done
Event: 3.657 Executing VM operation: HandshakeAllThreads
Event: 3.657 Executing VM operation: HandshakeAllThreads done
Event: 3.690 Executing VM operation: G1CollectForAllocation
Event: 3.694 Executing VM operation: G1CollectForAllocation done
Event: 3.727 Executing VM operation: HandshakeAllThreads
Event: 3.727 Executing VM operation: HandshakeAllThreads done
Event: 3.727 Executing VM operation: HandshakeAllThreads
Event: 3.727 Executing VM operation: HandshakeAllThreads done
Event: 3.757 Executing VM operation: HandshakeAllThreads
Event: 3.757 Executing VM operation: HandshakeAllThreads done
Event: 3.831 Executing VM operation: HandshakeAllThreads
Event: 3.831 Executing VM operation: HandshakeAllThreads done
Event: 3.964 Executing VM operation: HandshakeAllThreads
Event: 3.964 Executing VM operation: HandshakeAllThreads done
Event: 4.042 Executing VM operation: G1CollectForAllocation
Event: 4.047 Executing VM operation: G1CollectForAllocation done
Event: 4.510 Executing VM operation: CollectForMetadataAllocation
Event: 4.515 Executing VM operation: CollectForMetadataAllocation done
Event: 4.553 Executing VM operation: CollectForMetadataAllocation

Events (20 events):
Event: 4.492 loading class java/util/TimerTask
Event: 4.492 loading class java/util/TimerTask done
Event: 4.495 loading class java/util/concurrent/atomic/AtomicReferenceFieldUpdater
Event: 4.495 loading class java/util/concurrent/atomic/AtomicReferenceFieldUpdater done
Event: 4.495 loading class java/util/concurrent/atomic/AtomicReferenceFieldUpdater$AtomicReferenceFieldUpdaterImpl
Event: 4.495 loading class java/util/concurrent/atomic/AtomicReferenceFieldUpdater$AtomicReferenceFieldUpdaterImpl done
Event: 4.496 loading class java/util/concurrent/atomic/AtomicReferenceFieldUpdater$AtomicReferenceFieldUpdaterImpl$1
Event: 4.496 loading class java/util/concurrent/atomic/AtomicReferenceFieldUpdater$AtomicReferenceFieldUpdaterImpl$1 done
Event: 4.498 loading class java/util/Timer
Event: 4.498 loading class java/util/Timer done
Event: 4.498 loading class java/util/TaskQueue
Event: 4.498 loading class java/util/TaskQueue done
Event: 4.498 loading class java/util/TimerThread
Event: 4.498 loading class java/util/TimerThread done
Event: 4.498 loading class java/util/Timer$ThreadReaper
Event: 4.498 loading class java/util/Timer$ThreadReaper done
Event: 4.498 Thread 0x0000023b899aaac0 Thread added: 0x0000023b899aaac0
Event: 4.508 Thread 0x0000023b899ab9f0 Thread added: 0x0000023b899ab9f0
Event: 4.509 loading class java/util/concurrent/ThreadPoolExecutor$CallerRunsPolicy
Event: 4.509 loading class java/util/concurrent/ThreadPoolExecutor$CallerRunsPolicy done


Dynamic libraries:
0x00007ff7ec920000 - 0x00007ff7ec92d000 	C:\Users\Lenovo\.jdks\corretto-17.0.8.1\bin\java.exe
0x00007fff95650000 - 0x00007fff95848000 	C:\WINDOWS\SYSTEM32\ntdll.dll
0x00007fff93e00000 - 0x00007fff93ebf000 	C:\WINDOWS\System32\KERNEL32.DLL
0x00007fff92f60000 - 0x00007fff93256000 	C:\WINDOWS\System32\KERNELBASE.dll
0x00007fff92de0000 - 0x00007fff92ee0000 	C:\WINDOWS\System32\ucrtbase.dll
0x00007fff8dbe0000 - 0x00007fff8dbf7000 	C:\Users\Lenovo\.jdks\corretto-17.0.8.1\bin\jli.dll
0x00007fff93c60000 - 0x00007fff93dfd000 	C:\WINDOWS\System32\USER32.dll
0x00007fff92ee0000 - 0x00007fff92f02000 	C:\WINDOWS\System32\win32u.dll
0x00007fff8e5a0000 - 0x00007fff8e5b5000 	C:\Users\Lenovo\.jdks\corretto-17.0.8.1\bin\VCRUNTIME140.dll
0x00007fff936c0000 - 0x00007fff936ec000 	C:\WINDOWS\System32\GDI32.dll
0x00007fff93390000 - 0x00007fff934a5000 	C:\WINDOWS\System32\gdi32full.dll
0x00007fff80e90000 - 0x00007fff8112a000 	C:\WINDOWS\WinSxS\amd64_microsoft.windows.common-controls_6595b64144ccf1df_6.0.19041.1110_none_60b5254171f9507e\COMCTL32.dll
0x00007fff93610000 - 0x00007fff936ad000 	C:\WINDOWS\System32\msvcp_win.dll
0x00007fff954f0000 - 0x00007fff9558e000 	C:\WINDOWS\System32\msvcrt.dll
0x00007fff94730000 - 0x00007fff94760000 	C:\WINDOWS\System32\IMM32.DLL
0x00007fff7f370000 - 0x00007fff7f40b000 	C:\Users\Lenovo\.jdks\corretto-17.0.8.1\bin\msvcp140.dll
0x00007fff54f90000 - 0x00007fff55bad000 	C:\Users\Lenovo\.jdks\corretto-17.0.8.1\bin\server\jvm.dll
0x00007fff93bb0000 - 0x00007fff93c5f000 	C:\WINDOWS\System32\ADVAPI32.dll
0x00007fff94d00000 - 0x00007fff94d9c000 	C:\WINDOWS\System32\sechost.dll
0x00007fff94760000 - 0x00007fff94886000 	C:\WINDOWS\System32\RPCRT4.dll
0x00007fff922e0000 - 0x00007fff9232b000 	C:\WINDOWS\SYSTEM32\POWRPROF.dll
0x00007fff7bbe0000 - 0x00007fff7bbe9000 	C:\WINDOWS\SYSTEM32\WSOCK32.dll
0x00007fff93ec0000 - 0x00007fff93f2b000 	C:\WINDOWS\System32\WS2_32.dll
0x00007fff79130000 - 0x00007fff79157000 	C:\WINDOWS\SYSTEM32\WINMM.dll
0x00007fff8caf0000 - 0x00007fff8cafa000 	C:\WINDOWS\SYSTEM32\VERSION.dll
0x00007fff92150000 - 0x00007fff92162000 	C:\WINDOWS\SYSTEM32\UMPDC.dll
0x00007fff915b0000 - 0x00007fff915c2000 	C:\WINDOWS\SYSTEM32\kernel.appcore.dll
0x00007fff8ff70000 - 0x00007fff8ff7a000 	C:\Users\Lenovo\.jdks\corretto-17.0.8.1\bin\jimage.dll
0x00007fff91350000 - 0x00007fff91534000 	C:\WINDOWS\SYSTEM32\DBGHELP.DLL
0x00007fff7b490000 - 0x00007fff7b4c4000 	C:\WINDOWS\SYSTEM32\dbgcore.DLL
0x00007fff93260000 - 0x00007fff932e2000 	C:\WINDOWS\System32\bcryptPrimitives.dll
0x00007fff8d6f0000 - 0x00007fff8d6fe000 	C:\Users\Lenovo\.jdks\corretto-17.0.8.1\bin\instrument.dll
0x00007fff8d360000 - 0x00007fff8d385000 	C:\Users\Lenovo\.jdks\corretto-17.0.8.1\bin\java.dll
0x00007fff62e80000 - 0x00007fff62f56000 	C:\Users\Lenovo\.jdks\corretto-17.0.8.1\bin\jsvml.dll
0x00007fff94da0000 - 0x00007fff954e4000 	C:\WINDOWS\System32\SHELL32.dll
0x00007fff90a70000 - 0x00007fff91203000 	C:\WINDOWS\SYSTEM32\windows.storage.dll
0x00007fff941d0000 - 0x00007fff94524000 	C:\WINDOWS\System32\combase.dll
0x00007fff92770000 - 0x00007fff9279e000 	C:\WINDOWS\SYSTEM32\Wldp.dll
0x00007fff94680000 - 0x00007fff9472d000 	C:\WINDOWS\System32\SHCORE.dll
0x00007fff93a20000 - 0x00007fff93a75000 	C:\WINDOWS\System32\shlwapi.dll
0x00007fff92c60000 - 0x00007fff92c85000 	C:\WINDOWS\SYSTEM32\profapi.dll
0x00007fff87e20000 - 0x00007fff87e38000 	C:\Users\Lenovo\.jdks\corretto-17.0.8.1\bin\zip.dll
0x00007fff8d340000 - 0x00007fff8d359000 	C:\Users\Lenovo\.jdks\corretto-17.0.8.1\bin\net.dll
0x00007fff89d60000 - 0x00007fff89e6a000 	C:\WINDOWS\SYSTEM32\WINHTTP.dll
0x00007fff924d0000 - 0x00007fff9253a000 	C:\WINDOWS\system32\mswsock.dll
0x00007fff87e40000 - 0x00007fff87e55000 	C:\Users\Lenovo\.jdks\corretto-17.0.8.1\bin\nio.dll
0x00007fff82190000 - 0x00007fff821aa000 	C:\Program Files\JetBrains\IntelliJ IDEA 2023.2\bin\breakgen64.dll
0x00007fff921b0000 - 0x00007fff9227a000 	C:\WINDOWS\SYSTEM32\DNSAPI.dll
0x00007fff92170000 - 0x00007fff921ab000 	C:\WINDOWS\SYSTEM32\IPHLPAPI.DLL
0x00007fff936f0000 - 0x00007fff936f8000 	C:\WINDOWS\System32\NSI.dll
0x00007fff85220000 - 0x00007fff8522a000 	C:\Windows\System32\rasadhlp.dll
0x00007fff83c70000 - 0x00007fff83cf2000 	C:\WINDOWS\System32\fwpuclnt.dll
0x00007fff932f0000 - 0x00007fff93317000 	C:\WINDOWS\System32\bcrypt.dll
0x00007fff84410000 - 0x00007fff84419000 	C:\Users\Lenovo\.jdks\corretto-17.0.8.1\bin\management.dll
0x00007fff843f0000 - 0x00007fff843fb000 	C:\Users\Lenovo\.jdks\corretto-17.0.8.1\bin\management_ext.dll
0x00007fff936b0000 - 0x00007fff936b8000 	C:\WINDOWS\System32\PSAPI.DLL
0x00007fff926c0000 - 0x00007fff926d8000 	C:\WINDOWS\SYSTEM32\CRYPTSP.dll
0x00007fff91d70000 - 0x00007fff91da4000 	C:\WINDOWS\system32\rsaenh.dll
0x00007fff92c20000 - 0x00007fff92c4e000 	C:\WINDOWS\SYSTEM32\USERENV.dll
0x00007fff926e0000 - 0x00007fff926ec000 	C:\WINDOWS\SYSTEM32\CRYPTBASE.dll
0x00007fff8bc50000 - 0x00007fff8bc67000 	C:\WINDOWS\SYSTEM32\dhcpcsvc6.DLL
0x00007fff8b750000 - 0x00007fff8b76d000 	C:\WINDOWS\SYSTEM32\dhcpcsvc.DLL
0x00007fff69040000 - 0x00007fff69057000 	C:\WINDOWS\system32\napinsp.dll
0x00007fff69020000 - 0x00007fff6903b000 	C:\WINDOWS\system32\pnrpnsp.dll
0x00007fff6b580000 - 0x00007fff6b595000 	C:\WINDOWS\system32\wshbth.dll
0x00007fff8f730000 - 0x00007fff8f74d000 	C:\WINDOWS\system32\NLAapi.dll
0x00007fff69060000 - 0x00007fff69072000 	C:\WINDOWS\System32\winrnr.dll
0x0000000180000000 - 0x0000000180286000 	C:\apache-tomcat-10.0.12\bin\tcnative-1.dll
0x00007fff934b0000 - 0x00007fff9360e000 	C:\WINDOWS\System32\CRYPT32.dll
0x00007fff84360000 - 0x00007fff8436e000 	C:\Users\Lenovo\.jdks\corretto-17.0.8.1\bin\sunmscapi.dll
0x00007fff927e0000 - 0x00007fff92808000 	C:\WINDOWS\SYSTEM32\ncrypt.dll
0x00007fff927a0000 - 0x00007fff927db000 	C:\WINDOWS\SYSTEM32\NTASN1.dll
0x00007fff8d950000 - 0x00007fff8d960000 	C:\Users\Lenovo\.jdks\corretto-17.0.8.1\bin\verify.dll

dbghelp: loaded successfully - version: 4.0.5 - missing functions: none
symbol engine: initialized successfully - sym options: 0x614 - pdb path: .;C:\Users\Lenovo\.jdks\corretto-17.0.8.1\bin;C:\WINDOWS\SYSTEM32;C:\WINDOWS\WinSxS\amd64_microsoft.windows.common-controls_6595b64144ccf1df_6.0.19041.1110_none_60b5254171f9507e;C:\Users\Lenovo\.jdks\corretto-17.0.8.1\bin\server;C:\Program Files\JetBrains\IntelliJ IDEA 2023.2\bin;C:\apache-tomcat-10.0.12\bin

VM Arguments:
jvm_args: -XX:TieredStopAtLevel=1 -Dspring.output.ansi.enabled=always -Dcom.sun.management.jmxremote -Dspring.jmx.enabled=true -Dspring.liveBeansView.mbeanDomain -Dspring.application.admin.enabled=true -Dmanagement.endpoints.jmx.exposure.include=* -javaagent:C:\Program Files\JetBrains\IntelliJ IDEA 2023.2\lib\idea_rt.jar=53228:C:\Program Files\JetBrains\IntelliJ IDEA 2023.2\bin -Dfile.encoding=UTF-8 
java_command: jdev.mentoria.lojavirtual.LojaVirtualMentoriaApplication
java_class_path (initial): C:\Users\Lenovo\Documents\workspace-spring-tool-suite-4-4.19.1.RELEASE\loja_virtual_mentoria\target\classes;C:\Users\Lenovo\.m2\repository\org\springframework\boot\spring-boot-starter-data-jpa\3.1.3\spring-boot-starter-data-jpa-3.1.3.jar;C:\Users\Lenovo\.m2\repository\org\springframework\boot\spring-boot-starter-aop\3.1.3\spring-boot-starter-aop-3.1.3.jar;C:\Users\Lenovo\.m2\repository\org\aspectj\aspectjweaver\1.9.20\aspectjweaver-1.9.20.jar;C:\Users\Lenovo\.m2\repository\org\springframework\boot\spring-boot-starter-jdbc\3.1.3\spring-boot-starter-jdbc-3.1.3.jar;C:\Users\Lenovo\.m2\repository\com\zaxxer\HikariCP\5.0.1\HikariCP-5.0.1.jar;C:\Users\Lenovo\.m2\repository\org\springframework\spring-jdbc\6.0.11\spring-jdbc-6.0.11.jar;C:\Users\Lenovo\.m2\repository\org\hibernate\orm\hibernate-core\6.2.7.Final\hibernate-core-6.2.7.Final.jar;C:\Users\Lenovo\.m2\repository\jakarta\persistence\jakarta.persistence-api\3.1.0\jakarta.persistence-api-3.1.0.jar;C:\Users\Lenovo\.m2\repository\jakarta\transaction\jakarta.transaction-api\2.0.1\jakarta.transaction-api-2.0.1.jar;C:\Users\Lenovo\.m2\repository\org\jboss\logging\jboss-logging\3.5.3.Final\jboss-logging-3.5.3.Final.jar;C:\Users\Lenovo\.m2\repository\org\hibernate\common\hibernate-commons-annotations\6.0.6.Final\hibernate-commons-annotations-6.0.6.Final.jar;C:\Users\Lenovo\.m2\repository\io\smallrye\jandex\3.0.5\jandex-3.0.5.jar;C:\Users\Lenovo\.m2\repository\com\fasterxml\classmate\1.5.1\classmate-1.5.1.jar;C:\Users\Lenovo\.m2\repository\net\bytebuddy\byte-buddy\1.14.6\byte-buddy-1.14.6.jar;C:\Users\Lenovo\.m2\repository\org\glassfish\jaxb\jaxb-runtime\4.0.3\jaxb-runtime-4.0.3.jar;C:\Users\Lenovo\.m2\repository\org\glassfish\jaxb\jaxb-core\4.0.3\jaxb-core-4.0.3.jar;C:\Users\Lenovo\.m2\repository\org\eclipse\angus\angus-activation\2.0.1\angus-activation-2.0.1.jar;C:\Users\Lenovo\.m2\repository\org\glassfish\jaxb\txw2\4.0.3\txw2-4.0.3.jar;C:\Users\Lenovo\.m2\repository\com\sun\istack\istack-common
Launcher Type: SUN_STANDARD

[Global flags]
     intx CICompilerCount                          = 3                                         {product} {ergonomic}
     uint ConcGCThreads                            = 1                                         {product} {ergonomic}
     uint G1ConcRefinementThreads                  = 4                                         {product} {ergonomic}
   size_t G1HeapRegionSize                         = 1048576                                   {product} {ergonomic}
    uintx GCDrainStackTargetSize                   = 64                                        {product} {ergonomic}
   size_t InitialHeapSize                          = 134217728                                 {product} {ergonomic}
     bool ManagementServer                         = true                                      {product} {command line}
   size_t MarkStackSize                            = 4194304                                   {product} {ergonomic}
   size_t MaxHeapSize                              = 2116026368                                {product} {ergonomic}
   size_t MaxNewSize                               = 1268776960                                {product} {ergonomic}
   size_t MinHeapDeltaBytes                        = 1048576                                   {product} {ergonomic}
   size_t MinHeapSize                              = 8388608                                   {product} {ergonomic}
    uintx NonProfiledCodeHeapSize                  = 0                                      {pd product} {ergonomic}
     bool ProfileInterpreter                       = false                                  {pd product} {command line}
    uintx ProfiledCodeHeapSize                     = 0                                      {pd product} {ergonomic}
   size_t SoftMaxHeapSize                          = 2116026368                             {manageable} {ergonomic}
     intx TieredStopAtLevel                        = 1                                         {product} {command line}
     bool UseCompressedClassPointers               = true                           {product lp64_product} {ergonomic}
     bool UseCompressedOops                        = true                           {product lp64_product} {ergonomic}
     bool UseG1GC                                  = true                                      {product} {ergonomic}
     bool UseLargePagesIndividualAllocation        = false                                  {pd product} {ergonomic}

Logging:
Log output configuration:
 #0: stdout all=warning uptime,level,tags
 #1: stderr all=off uptime,level,tags

Environment Variables:
JAVA_HOME=C:\Program Files\Java\jdk-16.0.2
CLASSPATH=.;C:\Program Files\Java\jdk-16.0.2\lib
PATH=C:\Program Files\Java\jdk-16.0.2;C:\Program Files\Java\jdk-16.0.2\bin;C:\apache-tomcat-10.0.12\bin;C:\Program Files\Common Files\Oracle\Java\javapath;C:\Windows\system32;C:\Windows;C:\Windows\System32\Wbem;C:\Windows\System32\WindowsPowerShell\v1.0\;C:\Program Files (x86)\NVIDIA Corporation\PhysX\Common;C:\WINDOWS\system32;C:\WINDOWS;C:\WINDOWS\System32\Wbem;C:\WINDOWS\System32\WindowsPowerShell\v1.0\;C:\WINDOWS\System32\OpenSSH\;C:\Program Files\NVIDIA Corporation\NVIDIA NvDLISR;C:\apache-maven-3.8.5\bin;C:\Program Files\Git\cmd;C:\Users\Lenovo\AppData\Local\Microsoft\WindowsApps;C:\Program Files\JetBrains\IntelliJ IDEA 2023.2\bin;
USERNAME=Lenovo
OS=Windows_NT
PROCESSOR_IDENTIFIER=Intel64 Family 6 Model 142 Stepping 9, GenuineIntel
TMP=C:\Users\Lenovo\AppData\Local\Temp
TEMP=C:\Users\Lenovo\AppData\Local\Temp



---------------  S Y S T E M  ---------------

OS:
 Windows 10 , 64 bit Build 19041 (10.0.19041.3155)
OS uptime: 7 days 0:52 hours

CPU: total 4 (initial active 4) (2 cores per cpu, 2 threads per core) family 6 model 142 stepping 9 microcode 0xd6, cx8, cmov, fxsr, ht, mmx, 3dnowpref, sse, sse2, sse3, ssse3, sse4.1, sse4.2, popcnt, lzcnt, tsc, tscinvbit, avx, avx2, aes, erms, clmul, bmi1, bmi2, adx, fma, vzeroupper, clflush, clflushopt
Processor Information for all 4 processors :
  Max Mhz: 2712, Current Mhz: 2511, Mhz Limit: 2495

Memory: 4k page, system-wide physical 8066M (552M free)
TotalPageFile size 11266M (AvailPageFile size 2M)
current process WorkingSet (physical memory assigned to process): 168M, peak: 168M
current process commit charge ("private bytes"): 235M, peak: 239M

vm_info: OpenJDK 64-Bit Server VM (17.0.8.1+8-LTS) for windows-amd64 JRE (17.0.8.1+8-LTS), built on Aug 19 2023 03:47:39 by "Administrator" with MS VC++ 15.9 (VS2017)

END.
