#
# There is insufficient memory for the Java Runtime Environment to continue.
# Native memory allocation (malloc) failed to allocate 48272 bytes for Chunk::new
# Possible reasons:
#   The system is out of physical RAM or swap space
#   The process is running with CompressedOops enabled, and the Java Heap may be blocking the growth of the native heap
# Possible solutions:
#   Reduce memory load on the system
#   Increase physical memory or swap space
#   Check if swap backing store is full
#   Decrease Java heap size (-Xmx/-Xms)
#   Decrease number of Java threads
#   Decrease Java thread stack sizes (-Xss)
#   Set larger code cache with -XX:ReservedCodeCacheSize=
#   JVM is running with Unscaled Compressed Oops mode in which the Java heap is
#     placed in the first 4GB address space. The Java Heap base address is the
#     maximum limit for the native heap growth. Please use -XX:HeapBaseMinAddress
#     to set the Java Heap base and to place the Java Heap above 4GB virtual address.
# This output file may be truncated or incomplete.
#
#  Out of Memory Error (arena.cpp:189), pid=11856, tid=15996
#
# JRE version: OpenJDK Runtime Environment Temurin-17.0.7+7 (17.0.7+7) (build 17.0.7+7)
# Java VM: OpenJDK 64-Bit Server VM Temurin-17.0.7+7 (17.0.7+7, mixed mode, tiered, compressed oops, compressed class ptrs, g1 gc, windows-amd64)
# No core dump will be written. Minidumps are not enabled by default on client versions of Windows
#

---------------  S U M M A R Y ------------

Command Line: -Dfile.encoding=UTF-8 -XX:+ShowCodeDetailsInExceptionMessages jdev.mentoria.lojavirtual.LojaVirtualMentoriaApplication

Host: Intel(R) Core(TM) i5-7200U CPU @ 2.50GHz, 4 cores, 7G,  Windows 10 , 64 bit Build 19041 (10.0.19041.3155)
Time: Sat Sep 16 07:25:13 2023 Hora oficial do Brasil elapsed time: 0.542582 seconds (0d 0h 0m 0s)

---------------  T H R E A D  ---------------

Current thread (0x0000024bc43dd830):  JavaThread "C2 CompilerThread0" daemon [_thread_in_native, id=15996, stack(0x000000d3dde00000,0x000000d3ddf00000)]


Current CompileTask:
C2:    542  530   !   4       java.util.zip.ZipFile::getEntry (59 bytes)

Stack: [0x000000d3dde00000,0x000000d3ddf00000]
Native frames: (J=compiled Java code, j=interpreted, Vv=VM code, C=native code)
V  [jvm.dll+0x67754a]
V  [jvm.dll+0x834304]
V  [jvm.dll+0x835aae]
V  [jvm.dll+0x836113]
V  [jvm.dll+0x24696f]
V  [jvm.dll+0xac0ac]
V  [jvm.dll+0xac67c]
V  [jvm.dll+0x11e887]
V  [jvm.dll+0x609cc5]
V  [jvm.dll+0x608394]
V  [jvm.dll+0x2194b8]
V  [jvm.dll+0x218a61]
V  [jvm.dll+0x1a4d8d]
V  [jvm.dll+0x2284da]
V  [jvm.dll+0x226615]
V  [jvm.dll+0x7ea90b]
V  [jvm.dll+0x7e4e7a]
V  [jvm.dll+0x676395]
C  [ucrtbase.dll+0x21bb2]
C  [KERNEL32.DLL+0x17614]
C  [ntdll.dll+0x526b1]


---------------  P R O C E S S  ---------------

Threads class SMR info:
_java_thread_list=0x0000024bc46966d0, length=13, elements={
0x0000024ba8a2e900, 0x0000024bc42877d0, 0x0000024bc4288a50, 0x0000024bc429ccb0,
0x0000024bc429d570, 0x0000024bc429de30, 0x0000024bc429e6f0, 0x0000024bc43dd830,
0x0000024bc43e0150, 0x0000024bc43f2650, 0x0000024bc4568000, 0x0000024bc457b590,
0x0000024bc460c1d0
}

Java Threads: ( => current thread )
  0x0000024ba8a2e900 JavaThread "main" [_thread_in_vm, id=7420, stack(0x000000d3dd100000,0x000000d3dd200000)]
  0x0000024bc42877d0 JavaThread "Reference Handler" daemon [_thread_blocked, id=10104, stack(0x000000d3dd800000,0x000000d3dd900000)]
  0x0000024bc4288a50 JavaThread "Finalizer" daemon [_thread_blocked, id=8188, stack(0x000000d3dd900000,0x000000d3dda00000)]
  0x0000024bc429ccb0 JavaThread "Signal Dispatcher" daemon [_thread_blocked, id=17928, stack(0x000000d3dda00000,0x000000d3ddb00000)]
  0x0000024bc429d570 JavaThread "Attach Listener" daemon [_thread_blocked, id=15248, stack(0x000000d3ddb00000,0x000000d3ddc00000)]
  0x0000024bc429de30 JavaThread "Service Thread" daemon [_thread_blocked, id=9360, stack(0x000000d3ddc00000,0x000000d3ddd00000)]
  0x0000024bc429e6f0 JavaThread "Monitor Deflation Thread" daemon [_thread_blocked, id=11332, stack(0x000000d3ddd00000,0x000000d3dde00000)]
=>0x0000024bc43dd830 JavaThread "C2 CompilerThread0" daemon [_thread_in_native, id=15996, stack(0x000000d3dde00000,0x000000d3ddf00000)]
  0x0000024bc43e0150 JavaThread "C1 CompilerThread0" daemon [_thread_in_native, id=8012, stack(0x000000d3ddf00000,0x000000d3de000000)]
  0x0000024bc43f2650 JavaThread "Sweeper thread" daemon [_thread_blocked, id=2204, stack(0x000000d3de000000,0x000000d3de100000)]
  0x0000024bc4568000 JavaThread "Notification Thread" daemon [_thread_blocked, id=2216, stack(0x000000d3de100000,0x000000d3de200000)]
  0x0000024bc457b590 JavaThread "Common-Cleaner" daemon [_thread_blocked, id=18928, stack(0x000000d3de300000,0x000000d3de400000)]
  0x0000024bc460c1d0 JavaThread "C2 CompilerThread1" daemon [_thread_blocked, id=16608, stack(0x000000d3de400000,0x000000d3de500000)]

Other Threads:
  0x0000024bc4208060 VMThread "VM Thread" [stack: 0x000000d3dd700000,0x000000d3dd800000] [id=16164]
  0x0000024bc4572900 WatcherThread [stack: 0x000000d3de200000,0x000000d3de300000] [id=17572]
  0x0000024baabf0a40 GCTaskThread "GC Thread#0" [stack: 0x000000d3dd200000,0x000000d3dd300000] [id=18788]
  0x0000024baac014d0 ConcurrentGCThread "G1 Main Marker" [stack: 0x000000d3dd300000,0x000000d3dd400000] [id=9992]
  0x0000024baac01df0 ConcurrentGCThread "G1 Conc#0" [stack: 0x000000d3dd400000,0x000000d3dd500000] [id=7472]
  0x0000024baac57ba0 ConcurrentGCThread "G1 Refine#0" [stack: 0x000000d3dd500000,0x000000d3dd600000] [id=8804]
  0x0000024bc40c20b0 ConcurrentGCThread "G1 Service" [stack: 0x000000d3dd600000,0x000000d3dd700000] [id=14712]

Threads with active compile tasks:
C2 CompilerThread0      571  530   !   4       java.util.zip.ZipFile::getEntry (59 bytes)
C1 CompilerThread0      571  531       3       java.net.URLStreamHandler::parseURL (1201 bytes)

VM state: not at safepoint (normal execution)

VM Mutex/Monitor currently owned by a thread:  ([mutex/lock_event])
[0x0000024baab93d90] Metaspace_lock - owner thread: 0x0000024ba8a2e900

Heap address: 0x0000000081e00000, size: 2018 MB, Compressed Oops mode: 32-bit

CDS archive(s) not mapped
Compressed class space mapped at: 0x0000000100000000-0x0000000140000000, reserved size: 1073741824
Narrow klass base: 0x0000000000000000, Narrow klass shift: 3, Narrow klass range: 0x140000000

GC Precious Log:
 CPUs: 4 total, 4 available
 Memory: 8066M
 Large Page Support: Disabled
 NUMA Support: Disabled
 Compressed Oops: Enabled (32-bit)
 Heap Region Size: 1M
 Heap Min Capacity: 8M
 Heap Initial Capacity: 128M
 Heap Max Capacity: 2018M
 Pre-touch: Disabled
 Parallel Workers: 4
 Concurrent Workers: 1
 Concurrent Refinement Workers: 4
 Periodic GC: Disabled

Heap:
 garbage-first heap   total 131072K, used 8192K [0x0000000081e00000, 0x0000000100000000)
  region size 1024K, 9 young (9216K), 0 survivors (0K)
 Metaspace       used 8041K, committed 8256K, reserved 1114112K
  class space    used 693K, committed 832K, reserved 1048576K

Heap Regions: E=young(eden), S=young(survivor), O=old, HS=humongous(starts), HC=humongous(continues), CS=collection set, F=free, OA=open archive, CA=closed archive, TAMS=top-at-mark-start (previous, next)
|   0|0x0000000081e00000, 0x0000000081f00000, 0x0000000081f00000|100%|HS|  |TAMS 0x0000000081e00000, 0x0000000081e00000| Complete 
|   1|0x0000000081f00000, 0x0000000081f00000, 0x0000000082000000|  0%| F|  |TAMS 0x0000000081f00000, 0x0000000081f00000| Untracked 
|   2|0x0000000082000000, 0x0000000082000000, 0x0000000082100000|  0%| F|  |TAMS 0x0000000082000000, 0x0000000082000000| Untracked 
|   3|0x0000000082100000, 0x0000000082100000, 0x0000000082200000|  0%| F|  |TAMS 0x0000000082100000, 0x0000000082100000| Untracked 
|   4|0x0000000082200000, 0x0000000082200000, 0x0000000082300000|  0%| F|  |TAMS 0x0000000082200000, 0x0000000082200000| Untracked 
|   5|0x0000000082300000, 0x0000000082300000, 0x0000000082400000|  0%| F|  |TAMS 0x0000000082300000, 0x0000000082300000| Untracked 
|   6|0x0000000082400000, 0x0000000082400000, 0x0000000082500000|  0%| F|  |TAMS 0x0000000082400000, 0x0000000082400000| Untracked 
|   7|0x0000000082500000, 0x0000000082500000, 0x0000000082600000|  0%| F|  |TAMS 0x0000000082500000, 0x0000000082500000| Untracked 
|   8|0x0000000082600000, 0x0000000082600000, 0x0000000082700000|  0%| F|  |TAMS 0x0000000082600000, 0x0000000082600000| Untracked 
|   9|0x0000000082700000, 0x0000000082700000, 0x0000000082800000|  0%| F|  |TAMS 0x0000000082700000, 0x0000000082700000| Untracked 
|  10|0x0000000082800000, 0x0000000082800000, 0x0000000082900000|  0%| F|  |TAMS 0x0000000082800000, 0x0000000082800000| Untracked 
|  11|0x0000000082900000, 0x0000000082900000, 0x0000000082a00000|  0%| F|  |TAMS 0x0000000082900000, 0x0000000082900000| Untracked 
|  12|0x0000000082a00000, 0x0000000082a00000, 0x0000000082b00000|  0%| F|  |TAMS 0x0000000082a00000, 0x0000000082a00000| Untracked 
|  13|0x0000000082b00000, 0x0000000082b00000, 0x0000000082c00000|  0%| F|  |TAMS 0x0000000082b00000, 0x0000000082b00000| Untracked 
|  14|0x0000000082c00000, 0x0000000082c00000, 0x0000000082d00000|  0%| F|  |TAMS 0x0000000082c00000, 0x0000000082c00000| Untracked 
|  15|0x0000000082d00000, 0x0000000082d00000, 0x0000000082e00000|  0%| F|  |TAMS 0x0000000082d00000, 0x0000000082d00000| Untracked 
|  16|0x0000000082e00000, 0x0000000082e00000, 0x0000000082f00000|  0%| F|  |TAMS 0x0000000082e00000, 0x0000000082e00000| Untracked 
|  17|0x0000000082f00000, 0x0000000082f00000, 0x0000000083000000|  0%| F|  |TAMS 0x0000000082f00000, 0x0000000082f00000| Untracked 
|  18|0x0000000083000000, 0x0000000083000000, 0x0000000083100000|  0%| F|  |TAMS 0x0000000083000000, 0x0000000083000000| Untracked 
|  19|0x0000000083100000, 0x0000000083100000, 0x0000000083200000|  0%| F|  |TAMS 0x0000000083100000, 0x0000000083100000| Untracked 
|  20|0x0000000083200000, 0x0000000083200000, 0x0000000083300000|  0%| F|  |TAMS 0x0000000083200000, 0x0000000083200000| Untracked 
|  21|0x0000000083300000, 0x0000000083300000, 0x0000000083400000|  0%| F|  |TAMS 0x0000000083300000, 0x0000000083300000| Untracked 
|  22|0x0000000083400000, 0x0000000083400000, 0x0000000083500000|  0%| F|  |TAMS 0x0000000083400000, 0x0000000083400000| Untracked 
|  23|0x0000000083500000, 0x0000000083500000, 0x0000000083600000|  0%| F|  |TAMS 0x0000000083500000, 0x0000000083500000| Untracked 
|  24|0x0000000083600000, 0x0000000083600000, 0x0000000083700000|  0%| F|  |TAMS 0x0000000083600000, 0x0000000083600000| Untracked 
|  25|0x0000000083700000, 0x0000000083700000, 0x0000000083800000|  0%| F|  |TAMS 0x0000000083700000, 0x0000000083700000| Untracked 
|  26|0x0000000083800000, 0x0000000083800000, 0x0000000083900000|  0%| F|  |TAMS 0x0000000083800000, 0x0000000083800000| Untracked 
|  27|0x0000000083900000, 0x0000000083900000, 0x0000000083a00000|  0%| F|  |TAMS 0x0000000083900000, 0x0000000083900000| Untracked 
|  28|0x0000000083a00000, 0x0000000083a00000, 0x0000000083b00000|  0%| F|  |TAMS 0x0000000083a00000, 0x0000000083a00000| Untracked 
|  29|0x0000000083b00000, 0x0000000083b00000, 0x0000000083c00000|  0%| F|  |TAMS 0x0000000083b00000, 0x0000000083b00000| Untracked 
|  30|0x0000000083c00000, 0x0000000083c00000, 0x0000000083d00000|  0%| F|  |TAMS 0x0000000083c00000, 0x0000000083c00000| Untracked 
|  31|0x0000000083d00000, 0x0000000083d00000, 0x0000000083e00000|  0%| F|  |TAMS 0x0000000083d00000, 0x0000000083d00000| Untracked 
|  32|0x0000000083e00000, 0x0000000083e00000, 0x0000000083f00000|  0%| F|  |TAMS 0x0000000083e00000, 0x0000000083e00000| Untracked 
|  33|0x0000000083f00000, 0x0000000083f00000, 0x0000000084000000|  0%| F|  |TAMS 0x0000000083f00000, 0x0000000083f00000| Untracked 
|  34|0x0000000084000000, 0x0000000084000000, 0x0000000084100000|  0%| F|  |TAMS 0x0000000084000000, 0x0000000084000000| Untracked 
|  35|0x0000000084100000, 0x0000000084100000, 0x0000000084200000|  0%| F|  |TAMS 0x0000000084100000, 0x0000000084100000| Untracked 
|  36|0x0000000084200000, 0x0000000084200000, 0x0000000084300000|  0%| F|  |TAMS 0x0000000084200000, 0x0000000084200000| Untracked 
|  37|0x0000000084300000, 0x0000000084300000, 0x0000000084400000|  0%| F|  |TAMS 0x0000000084300000, 0x0000000084300000| Untracked 
|  38|0x0000000084400000, 0x0000000084400000, 0x0000000084500000|  0%| F|  |TAMS 0x0000000084400000, 0x0000000084400000| Untracked 
|  39|0x0000000084500000, 0x0000000084500000, 0x0000000084600000|  0%| F|  |TAMS 0x0000000084500000, 0x0000000084500000| Untracked 
|  40|0x0000000084600000, 0x0000000084600000, 0x0000000084700000|  0%| F|  |TAMS 0x0000000084600000, 0x0000000084600000| Untracked 
|  41|0x0000000084700000, 0x0000000084700000, 0x0000000084800000|  0%| F|  |TAMS 0x0000000084700000, 0x0000000084700000| Untracked 
|  42|0x0000000084800000, 0x0000000084800000, 0x0000000084900000|  0%| F|  |TAMS 0x0000000084800000, 0x0000000084800000| Untracked 
|  43|0x0000000084900000, 0x0000000084900000, 0x0000000084a00000|  0%| F|  |TAMS 0x0000000084900000, 0x0000000084900000| Untracked 
|  44|0x0000000084a00000, 0x0000000084a00000, 0x0000000084b00000|  0%| F|  |TAMS 0x0000000084a00000, 0x0000000084a00000| Untracked 
|  45|0x0000000084b00000, 0x0000000084b00000, 0x0000000084c00000|  0%| F|  |TAMS 0x0000000084b00000, 0x0000000084b00000| Untracked 
|  46|0x0000000084c00000, 0x0000000084c00000, 0x0000000084d00000|  0%| F|  |TAMS 0x0000000084c00000, 0x0000000084c00000| Untracked 
|  47|0x0000000084d00000, 0x0000000084d00000, 0x0000000084e00000|  0%| F|  |TAMS 0x0000000084d00000, 0x0000000084d00000| Untracked 
|  48|0x0000000084e00000, 0x0000000084e00000, 0x0000000084f00000|  0%| F|  |TAMS 0x0000000084e00000, 0x0000000084e00000| Untracked 
|  49|0x0000000084f00000, 0x0000000084f00000, 0x0000000085000000|  0%| F|  |TAMS 0x0000000084f00000, 0x0000000084f00000| Untracked 
|  50|0x0000000085000000, 0x0000000085000000, 0x0000000085100000|  0%| F|  |TAMS 0x0000000085000000, 0x0000000085000000| Untracked 
|  51|0x0000000085100000, 0x0000000085100000, 0x0000000085200000|  0%| F|  |TAMS 0x0000000085100000, 0x0000000085100000| Untracked 
|  52|0x0000000085200000, 0x0000000085200000, 0x0000000085300000|  0%| F|  |TAMS 0x0000000085200000, 0x0000000085200000| Untracked 
|  53|0x0000000085300000, 0x0000000085300000, 0x0000000085400000|  0%| F|  |TAMS 0x0000000085300000, 0x0000000085300000| Untracked 
|  54|0x0000000085400000, 0x0000000085400000, 0x0000000085500000|  0%| F|  |TAMS 0x0000000085400000, 0x0000000085400000| Untracked 
|  55|0x0000000085500000, 0x0000000085500000, 0x0000000085600000|  0%| F|  |TAMS 0x0000000085500000, 0x0000000085500000| Untracked 
|  56|0x0000000085600000, 0x0000000085600000, 0x0000000085700000|  0%| F|  |TAMS 0x0000000085600000, 0x0000000085600000| Untracked 
|  57|0x0000000085700000, 0x0000000085700000, 0x0000000085800000|  0%| F|  |TAMS 0x0000000085700000, 0x0000000085700000| Untracked 
|  58|0x0000000085800000, 0x0000000085800000, 0x0000000085900000|  0%| F|  |TAMS 0x0000000085800000, 0x0000000085800000| Untracked 
|  59|0x0000000085900000, 0x0000000085900000, 0x0000000085a00000|  0%| F|  |TAMS 0x0000000085900000, 0x0000000085900000| Untracked 
|  60|0x0000000085a00000, 0x0000000085a00000, 0x0000000085b00000|  0%| F|  |TAMS 0x0000000085a00000, 0x0000000085a00000| Untracked 
|  61|0x0000000085b00000, 0x0000000085b00000, 0x0000000085c00000|  0%| F|  |TAMS 0x0000000085b00000, 0x0000000085b00000| Untracked 
|  62|0x0000000085c00000, 0x0000000085c00000, 0x0000000085d00000|  0%| F|  |TAMS 0x0000000085c00000, 0x0000000085c00000| Untracked 
|  63|0x0000000085d00000, 0x0000000085d00000, 0x0000000085e00000|  0%| F|  |TAMS 0x0000000085d00000, 0x0000000085d00000| Untracked 
|  64|0x0000000085e00000, 0x0000000085e00000, 0x0000000085f00000|  0%| F|  |TAMS 0x0000000085e00000, 0x0000000085e00000| Untracked 
|  65|0x0000000085f00000, 0x0000000085f00000, 0x0000000086000000|  0%| F|  |TAMS 0x0000000085f00000, 0x0000000085f00000| Untracked 
|  66|0x0000000086000000, 0x0000000086000000, 0x0000000086100000|  0%| F|  |TAMS 0x0000000086000000, 0x0000000086000000| Untracked 
|  67|0x0000000086100000, 0x0000000086100000, 0x0000000086200000|  0%| F|  |TAMS 0x0000000086100000, 0x0000000086100000| Untracked 
|  68|0x0000000086200000, 0x0000000086200000, 0x0000000086300000|  0%| F|  |TAMS 0x0000000086200000, 0x0000000086200000| Untracked 
|  69|0x0000000086300000, 0x0000000086300000, 0x0000000086400000|  0%| F|  |TAMS 0x0000000086300000, 0x0000000086300000| Untracked 
|  70|0x0000000086400000, 0x0000000086400000, 0x0000000086500000|  0%| F|  |TAMS 0x0000000086400000, 0x0000000086400000| Untracked 
|  71|0x0000000086500000, 0x0000000086500000, 0x0000000086600000|  0%| F|  |TAMS 0x0000000086500000, 0x0000000086500000| Untracked 
|  72|0x0000000086600000, 0x0000000086600000, 0x0000000086700000|  0%| F|  |TAMS 0x0000000086600000, 0x0000000086600000| Untracked 
|  73|0x0000000086700000, 0x0000000086700000, 0x0000000086800000|  0%| F|  |TAMS 0x0000000086700000, 0x0000000086700000| Untracked 
|  74|0x0000000086800000, 0x0000000086800000, 0x0000000086900000|  0%| F|  |TAMS 0x0000000086800000, 0x0000000086800000| Untracked 
|  75|0x0000000086900000, 0x0000000086900000, 0x0000000086a00000|  0%| F|  |TAMS 0x0000000086900000, 0x0000000086900000| Untracked 
|  76|0x0000000086a00000, 0x0000000086a00000, 0x0000000086b00000|  0%| F|  |TAMS 0x0000000086a00000, 0x0000000086a00000| Untracked 
|  77|0x0000000086b00000, 0x0000000086b00000, 0x0000000086c00000|  0%| F|  |TAMS 0x0000000086b00000, 0x0000000086b00000| Untracked 
|  78|0x0000000086c00000, 0x0000000086c00000, 0x0000000086d00000|  0%| F|  |TAMS 0x0000000086c00000, 0x0000000086c00000| Untracked 
|  79|0x0000000086d00000, 0x0000000086d00000, 0x0000000086e00000|  0%| F|  |TAMS 0x0000000086d00000, 0x0000000086d00000| Untracked 
|  80|0x0000000086e00000, 0x0000000086e00000, 0x0000000086f00000|  0%| F|  |TAMS 0x0000000086e00000, 0x0000000086e00000| Untracked 
|  81|0x0000000086f00000, 0x0000000086f00000, 0x0000000087000000|  0%| F|  |TAMS 0x0000000086f00000, 0x0000000086f00000| Untracked 
|  82|0x0000000087000000, 0x0000000087000000, 0x0000000087100000|  0%| F|  |TAMS 0x0000000087000000, 0x0000000087000000| Untracked 
|  83|0x0000000087100000, 0x0000000087100000, 0x0000000087200000|  0%| F|  |TAMS 0x0000000087100000, 0x0000000087100000| Untracked 
|  84|0x0000000087200000, 0x0000000087200000, 0x0000000087300000|  0%| F|  |TAMS 0x0000000087200000, 0x0000000087200000| Untracked 
|  85|0x0000000087300000, 0x0000000087300000, 0x0000000087400000|  0%| F|  |TAMS 0x0000000087300000, 0x0000000087300000| Untracked 
|  86|0x0000000087400000, 0x0000000087400000, 0x0000000087500000|  0%| F|  |TAMS 0x0000000087400000, 0x0000000087400000| Untracked 
|  87|0x0000000087500000, 0x0000000087500000, 0x0000000087600000|  0%| F|  |TAMS 0x0000000087500000, 0x0000000087500000| Untracked 
|  88|0x0000000087600000, 0x0000000087600000, 0x0000000087700000|  0%| F|  |TAMS 0x0000000087600000, 0x0000000087600000| Untracked 
|  89|0x0000000087700000, 0x0000000087700000, 0x0000000087800000|  0%| F|  |TAMS 0x0000000087700000, 0x0000000087700000| Untracked 
|  90|0x0000000087800000, 0x0000000087800000, 0x0000000087900000|  0%| F|  |TAMS 0x0000000087800000, 0x0000000087800000| Untracked 
|  91|0x0000000087900000, 0x0000000087900000, 0x0000000087a00000|  0%| F|  |TAMS 0x0000000087900000, 0x0000000087900000| Untracked 
|  92|0x0000000087a00000, 0x0000000087a00000, 0x0000000087b00000|  0%| F|  |TAMS 0x0000000087a00000, 0x0000000087a00000| Untracked 
|  93|0x0000000087b00000, 0x0000000087b00000, 0x0000000087c00000|  0%| F|  |TAMS 0x0000000087b00000, 0x0000000087b00000| Untracked 
|  94|0x0000000087c00000, 0x0000000087c00000, 0x0000000087d00000|  0%| F|  |TAMS 0x0000000087c00000, 0x0000000087c00000| Untracked 
|  95|0x0000000087d00000, 0x0000000087d00000, 0x0000000087e00000|  0%| F|  |TAMS 0x0000000087d00000, 0x0000000087d00000| Untracked 
|  96|0x0000000087e00000, 0x0000000087e00000, 0x0000000087f00000|  0%| F|  |TAMS 0x0000000087e00000, 0x0000000087e00000| Untracked 
|  97|0x0000000087f00000, 0x0000000087f00000, 0x0000000088000000|  0%| F|  |TAMS 0x0000000087f00000, 0x0000000087f00000| Untracked 
|  98|0x0000000088000000, 0x0000000088000000, 0x0000000088100000|  0%| F|  |TAMS 0x0000000088000000, 0x0000000088000000| Untracked 
|  99|0x0000000088100000, 0x0000000088100000, 0x0000000088200000|  0%| F|  |TAMS 0x0000000088100000, 0x0000000088100000| Untracked 
| 100|0x0000000088200000, 0x0000000088200000, 0x0000000088300000|  0%| F|  |TAMS 0x0000000088200000, 0x0000000088200000| Untracked 
| 101|0x0000000088300000, 0x0000000088300000, 0x0000000088400000|  0%| F|  |TAMS 0x0000000088300000, 0x0000000088300000| Untracked 
| 102|0x0000000088400000, 0x0000000088400000, 0x0000000088500000|  0%| F|  |TAMS 0x0000000088400000, 0x0000000088400000| Untracked 
| 103|0x0000000088500000, 0x0000000088500000, 0x0000000088600000|  0%| F|  |TAMS 0x0000000088500000, 0x0000000088500000| Untracked 
| 104|0x0000000088600000, 0x0000000088600000, 0x0000000088700000|  0%| F|  |TAMS 0x0000000088600000, 0x0000000088600000| Untracked 
| 105|0x0000000088700000, 0x0000000088700000, 0x0000000088800000|  0%| F|  |TAMS 0x0000000088700000, 0x0000000088700000| Untracked 
| 106|0x0000000088800000, 0x0000000088800000, 0x0000000088900000|  0%| F|  |TAMS 0x0000000088800000, 0x0000000088800000| Untracked 
| 107|0x0000000088900000, 0x0000000088900000, 0x0000000088a00000|  0%| F|  |TAMS 0x0000000088900000, 0x0000000088900000| Untracked 
| 108|0x0000000088a00000, 0x0000000088a00000, 0x0000000088b00000|  0%| F|  |TAMS 0x0000000088a00000, 0x0000000088a00000| Untracked 
| 109|0x0000000088b00000, 0x0000000088b00000, 0x0000000088c00000|  0%| F|  |TAMS 0x0000000088b00000, 0x0000000088b00000| Untracked 
| 110|0x0000000088c00000, 0x0000000088c00000, 0x0000000088d00000|  0%| F|  |TAMS 0x0000000088c00000, 0x0000000088c00000| Untracked 
| 111|0x0000000088d00000, 0x0000000088d00000, 0x0000000088e00000|  0%| F|  |TAMS 0x0000000088d00000, 0x0000000088d00000| Untracked 
| 112|0x0000000088e00000, 0x0000000088e00000, 0x0000000088f00000|  0%| F|  |TAMS 0x0000000088e00000, 0x0000000088e00000| Untracked 
| 113|0x0000000088f00000, 0x0000000088f00000, 0x0000000089000000|  0%| F|  |TAMS 0x0000000088f00000, 0x0000000088f00000| Untracked 
| 114|0x0000000089000000, 0x0000000089000000, 0x0000000089100000|  0%| F|  |TAMS 0x0000000089000000, 0x0000000089000000| Untracked 
| 115|0x0000000089100000, 0x0000000089100000, 0x0000000089200000|  0%| F|  |TAMS 0x0000000089100000, 0x0000000089100000| Untracked 
| 116|0x0000000089200000, 0x0000000089200000, 0x0000000089300000|  0%| F|  |TAMS 0x0000000089200000, 0x0000000089200000| Untracked 
| 117|0x0000000089300000, 0x0000000089300000, 0x0000000089400000|  0%| F|  |TAMS 0x0000000089300000, 0x0000000089300000| Untracked 
| 118|0x0000000089400000, 0x0000000089400000, 0x0000000089500000|  0%| F|  |TAMS 0x0000000089400000, 0x0000000089400000| Untracked 
| 119|0x0000000089500000, 0x0000000089585b28, 0x0000000089600000| 52%| E|  |TAMS 0x0000000089500000, 0x0000000089500000| Complete 
| 120|0x0000000089600000, 0x0000000089700000, 0x0000000089700000|100%| E|CS|TAMS 0x0000000089600000, 0x0000000089600000| Complete 
| 121|0x0000000089700000, 0x0000000089800000, 0x0000000089800000|100%| E|CS|TAMS 0x0000000089700000, 0x0000000089700000| Complete 
| 122|0x0000000089800000, 0x0000000089900000, 0x0000000089900000|100%| E|CS|TAMS 0x0000000089800000, 0x0000000089800000| Complete 
| 123|0x0000000089900000, 0x0000000089a00000, 0x0000000089a00000|100%| E|  |TAMS 0x0000000089900000, 0x0000000089900000| Complete 
| 124|0x0000000089a00000, 0x0000000089b00000, 0x0000000089b00000|100%| E|CS|TAMS 0x0000000089a00000, 0x0000000089a00000| Complete 
| 125|0x0000000089b00000, 0x0000000089c00000, 0x0000000089c00000|100%| E|CS|TAMS 0x0000000089b00000, 0x0000000089b00000| Complete 
| 126|0x0000000089c00000, 0x0000000089d00000, 0x0000000089d00000|100%| E|CS|TAMS 0x0000000089c00000, 0x0000000089c00000| Complete 
| 127|0x0000000089d00000, 0x0000000089e00000, 0x0000000089e00000|100%| E|CS|TAMS 0x0000000089d00000, 0x0000000089d00000| Complete 

Card table byte_map: [0x0000024bbd650000,0x0000024bbda50000] _byte_map_base: 0x0000024bbd241000

Marking Bits (Prev, Next): (CMBitMap*) 0x0000024baabf0f60, (CMBitMap*) 0x0000024baabf0fa0
 Prev Bits: [0x0000024bbde50000, 0x0000024bbfdd8000)
 Next Bits: [0x0000024bbfde0000, 0x0000024bc1d68000)

Polling page: 0x0000024ba8b90000

Metaspace:

Usage:
  Non-class:      7.18 MB used.
      Class:    693.21 KB used.
       Both:      7.85 MB used.

Virtual space:
  Non-class space:       64.00 MB reserved,       7.25 MB ( 11%) committed,  1 nodes.
      Class space:        1.00 GB reserved,     832.00 KB ( <1%) committed,  1 nodes.
             Both:        1.06 GB reserved,       8.06 MB ( <1%) committed. 

Chunk freelists:
   Non-Class:  8.73 MB
       Class:  15.19 MB
        Both:  23.92 MB

MaxMetaspaceSize: unlimited
CompressedClassSpaceSize: 1.00 GB
Initial GC threshold: 21.00 MB
Current GC threshold: 21.00 MB
CDS: off
MetaspaceReclaimPolicy: balanced
 - commit_granule_bytes: 65536.
 - commit_granule_words: 8192.
 - virtual_space_node_default_size: 8388608.
 - enlarge_chunks_in_place: 1.
 - new_chunks_are_fully_committed: 0.
 - uncommit_free_chunks: 1.
 - use_allocation_guard: 0.
 - handle_deallocations: 1.


Internal statistics:

num_allocs_failed_limit: 0.
num_arena_births: 48.
num_arena_deaths: 0.
num_vsnodes_births: 2.
num_vsnodes_deaths: 0.
num_space_committed: 129.
num_space_uncommitted: 0.
num_chunks_returned_to_freelist: 0.
num_chunks_taken_from_freelist: 95.
num_chunk_merges: 0.
num_chunk_splits: 54.
num_chunks_enlarged: 36.
num_inconsistent_stats: 0.

CodeHeap 'non-profiled nmethods': size=120000Kb used=183Kb max_used=183Kb free=119816Kb
 bounds [0x0000024bb5d20000, 0x0000024bb5f90000, 0x0000024bbd250000]
CodeHeap 'profiled nmethods': size=120000Kb used=834Kb max_used=834Kb free=119165Kb
 bounds [0x0000024bae250000, 0x0000024bae4c0000, 0x0000024bb5780000]
CodeHeap 'non-nmethods': size=5760Kb used=1113Kb max_used=1141Kb free=4646Kb
 bounds [0x0000024bb5780000, 0x0000024bb59f0000, 0x0000024bb5d20000]
 total_blobs=924 nmethods=530 adapters=307
 compilation: enabled
              stopped_count=0, restarted_count=0
 full_count=0

Compilation events (20 events):
Event: 0.524 Thread 0x0000024bc43e0150  516       3       jdk.internal.org.objectweb.asm.Frame::getAbstractTypeFromDescriptor (415 bytes)
Event: 0.525 Thread 0x0000024bc43dd830  530   !   4       java.util.zip.ZipFile::getEntry (59 bytes)
Event: 0.526 Thread 0x0000024bc43e0150 nmethod 516 0x0000024bae318a90 code [0x0000024bae318e40, 0x0000024bae31a978]
Event: 0.526 Thread 0x0000024bc43e0150  525       3       java.util.concurrent.ConcurrentHashMap$Traverser::advance (188 bytes)
Event: 0.526 Thread 0x0000024bc43e0150 nmethod 525 0x0000024bae31b290 code [0x0000024bae31b4e0, 0x0000024bae31c088]
Event: 0.526 Thread 0x0000024bc43e0150  523   !   3       java.nio.DirectIntBufferU::get (34 bytes)
Event: 0.527 Thread 0x0000024bc43e0150 nmethod 523 0x0000024bae31c310 code [0x0000024bae31c540, 0x0000024bae31cd38]
Event: 0.527 Thread 0x0000024bc43e0150  527       3       java.nio.DirectIntBufferU::ix (10 bytes)
Event: 0.527 Thread 0x0000024bc43e0150 nmethod 527 0x0000024bae31d190 code [0x0000024bae31d320, 0x0000024bae31d438]
Event: 0.527 Thread 0x0000024bc43e0150  528   !   3       jdk.internal.misc.ScopedMemoryAccess::getInt (20 bytes)
Event: 0.528 Thread 0x0000024bc43e0150 nmethod 528 0x0000024bae31d510 code [0x0000024bae31d6e0, 0x0000024bae31db58]
Event: 0.528 Thread 0x0000024bc43e0150  529   !   3       jdk.internal.misc.ScopedMemoryAccess::getIntInternal (36 bytes)
Event: 0.528 Thread 0x0000024bc43e0150 nmethod 529 0x0000024bae31dd90 code [0x0000024bae31df40, 0x0000024bae31e1a8]
Event: 0.528 Thread 0x0000024bc43e0150  526       3       java.util.concurrent.ConcurrentHashMap$BaseIterator::hasNext (13 bytes)
Event: 0.528 Thread 0x0000024bc43e0150 nmethod 526 0x0000024bae31e310 code [0x0000024bae31e4a0, 0x0000024bae31e618]
Event: 0.528 Thread 0x0000024bc43e0150  524       3       java.util.jar.Attributes::getValue (9 bytes)
Event: 0.528 Thread 0x0000024bc43e0150 nmethod 524 0x0000024bae31e690 code [0x0000024bae31e840, 0x0000024bae31eb48]
Event: 0.528 Thread 0x0000024bc43e0150  518       3       sun.invoke.util.Wrapper::forPrimitiveType (49 bytes)
Event: 0.530 Thread 0x0000024bc43e0150 nmethod 518 0x0000024bae31ec90 code [0x0000024bae31f000, 0x0000024bae320388]
Event: 0.530 Thread 0x0000024bc43e0150  531       3       java.net.URLStreamHandler::parseURL (1201 bytes)

GC Heap History (0 events):
No events

Dll operation events (5 events):
Event: 0.015 Loaded shared library C:\sts-4.19.1.RELEASE\plugins\org.eclipse.justj.openjdk.hotspot.jre.full.win32.x86_64_17.0.7.v20230425-1502\jre\bin\java.dll
Event: 0.251 Loaded shared library C:\sts-4.19.1.RELEASE\plugins\org.eclipse.justj.openjdk.hotspot.jre.full.win32.x86_64_17.0.7.v20230425-1502\jre\bin\net.dll
Event: 0.253 Loaded shared library C:\sts-4.19.1.RELEASE\plugins\org.eclipse.justj.openjdk.hotspot.jre.full.win32.x86_64_17.0.7.v20230425-1502\jre\bin\nio.dll
Event: 0.261 Loaded shared library C:\sts-4.19.1.RELEASE\plugins\org.eclipse.justj.openjdk.hotspot.jre.full.win32.x86_64_17.0.7.v20230425-1502\jre\bin\zip.dll
Event: 0.422 Loaded shared library C:\sts-4.19.1.RELEASE\plugins\org.eclipse.justj.openjdk.hotspot.jre.full.win32.x86_64_17.0.7.v20230425-1502\jre\bin\jimage.dll

Deoptimization events (20 events):
Event: 0.288 Thread 0x0000024ba8a2e900 DEOPT PACKING pc=0x0000024bb5d25a34 sp=0x000000d3dd1fd640
Event: 0.288 Thread 0x0000024ba8a2e900 DEOPT UNPACKING pc=0x0000024bb57d69a3 sp=0x000000d3dd1fd5b8 mode 2
Event: 0.310 Thread 0x0000024ba8a2e900 DEOPT PACKING pc=0x0000024bae265fe7 sp=0x000000d3dd1fd3c0
Event: 0.310 Thread 0x0000024ba8a2e900 DEOPT UNPACKING pc=0x0000024bb57d7143 sp=0x000000d3dd1fc7e0 mode 0
Event: 0.432 Thread 0x0000024ba8a2e900 Uncommon trap: trap_request=0xffffff45 fr.pc=0x0000024bb5d29f64 relative=0x0000000000000064
Event: 0.432 Thread 0x0000024ba8a2e900 Uncommon trap: reason=unstable_if action=reinterpret pc=0x0000024bb5d29f64 method=java.io.WinNTFileSystem.isSlash(C)Z @ 9 c2
Event: 0.432 Thread 0x0000024ba8a2e900 DEOPT PACKING pc=0x0000024bb5d29f64 sp=0x000000d3dd1fd7b0
Event: 0.432 Thread 0x0000024ba8a2e900 DEOPT UNPACKING pc=0x0000024bb57d69a3 sp=0x000000d3dd1fd738 mode 2
Event: 0.456 Thread 0x0000024ba8a2e900 DEOPT PACKING pc=0x0000024bae29bee5 sp=0x000000d3dd1fb680
Event: 0.456 Thread 0x0000024ba8a2e900 DEOPT UNPACKING pc=0x0000024bb57d7143 sp=0x000000d3dd1faad0 mode 0
Event: 0.504 Thread 0x0000024ba8a2e900 DEOPT PACKING pc=0x0000024bae27a756 sp=0x000000d3dd1fc2c0
Event: 0.504 Thread 0x0000024ba8a2e900 DEOPT UNPACKING pc=0x0000024bb57d7143 sp=0x000000d3dd1fb760 mode 0
Event: 0.510 Thread 0x0000024ba8a2e900 Uncommon trap: trap_request=0xffffff45 fr.pc=0x0000024bb5d3cc44 relative=0x00000000000002a4
Event: 0.510 Thread 0x0000024ba8a2e900 Uncommon trap: reason=unstable_if action=reinterpret pc=0x0000024bb5d3cc44 method=java.lang.String.startsWith(Ljava/lang/String;I)Z @ 14 c2
Event: 0.510 Thread 0x0000024ba8a2e900 DEOPT PACKING pc=0x0000024bb5d3cc44 sp=0x000000d3dd1fbd60
Event: 0.510 Thread 0x0000024ba8a2e900 DEOPT UNPACKING pc=0x0000024bb57d69a3 sp=0x000000d3dd1fbcc0 mode 2
Event: 0.515 Thread 0x0000024ba8a2e900 Uncommon trap: trap_request=0xffffff45 fr.pc=0x0000024bb5d4ad18 relative=0x0000000000000278
Event: 0.515 Thread 0x0000024ba8a2e900 Uncommon trap: reason=unstable_if action=reinterpret pc=0x0000024bb5d4ad18 method=java.io.BufferedReader.read()I @ 19 c2
Event: 0.515 Thread 0x0000024ba8a2e900 DEOPT PACKING pc=0x0000024bb5d4ad18 sp=0x000000d3dd1fc7f0
Event: 0.515 Thread 0x0000024ba8a2e900 DEOPT UNPACKING pc=0x0000024bb57d69a3 sp=0x000000d3dd1fc730 mode 2

Classes unloaded (0 events):
No events

Classes redefined (0 events):
No events

Internal exceptions (4 events):
Event: 0.488 Thread 0x0000024ba8a2e900 Exception <a 'java/lang/NoSuchMethodError'{0x00000000896e3710}: 'java.lang.Object java.lang.invoke.DirectMethodHandle$Holder.invokeSpecial(java.lang.Object, java.lang.Object, java.lang.Object, long, java.lang.Object)'> (0x00000000896e3710) 
thrown [s\src\hotspot\share\interpreter\linkResolver.cpp, line 759]
Event: 0.488 Thread 0x0000024ba8a2e900 Exception <a 'java/lang/NoSuchMethodError'{0x00000000896e73b0}: 'java.lang.Object java.lang.invoke.Invokers$Holder.linkToTargetMethod(java.lang.Object, long, java.lang.Object, java.lang.Object)'> (0x00000000896e73b0) 
thrown [s\src\hotspot\share\interpreter\linkResolver.cpp, line 759]
Event: 0.513 Thread 0x0000024ba8a2e900 Exception <a 'java/lang/ClassNotFoundException'{0x000000008951a1b0}: javax/smartcardio/CardPermission> (0x000000008951a1b0) 
thrown [s\src\hotspot\share\classfile\systemDictionary.cpp, line 256]
Event: 0.516 Thread 0x0000024ba8a2e900 Exception <a 'java/io/FileNotFoundException'{0x0000000089528970}> (0x0000000089528970) 
thrown [s\src\hotspot\share\prims\jni.cpp, line 516]

VM Operations (6 events):
Event: 0.271 Executing VM operation: HandshakeAllThreads
Event: 0.271 Executing VM operation: HandshakeAllThreads done
Event: 0.408 Executing VM operation: HandshakeAllThreads
Event: 0.408 Executing VM operation: HandshakeAllThreads done
Event: 0.432 Executing VM operation: HandshakeAllThreads
Event: 0.432 Executing VM operation: HandshakeAllThreads done

Events (20 events):
Event: 0.517 loading class java/net/SocketPermissionCollection done
Event: 0.517 loading class java/net/SocketPermissionCollection$1
Event: 0.517 loading class java/util/function/BiFunction
Event: 0.517 loading class java/util/function/BiFunction done
Event: 0.517 loading class java/net/SocketPermissionCollection$1 done
Event: 0.517 loading class java/util/PropertyPermissionCollection
Event: 0.518 loading class java/util/PropertyPermissionCollection done
Event: 0.518 loading class java/util/PropertyPermissionCollection$1
Event: 0.518 loading class java/util/PropertyPermissionCollection$1 done
Event: 0.518 loading class java/io/FilePermissionCollection
Event: 0.518 loading class java/io/FilePermissionCollection done
Event: 0.518 loading class java/io/FilePermissionCollection$1
Event: 0.518 loading class java/io/FilePermissionCollection$1 done
Event: 0.518 loading class java/security/PermissionsEnumerator
Event: 0.518 loading class java/security/PermissionsEnumerator done
Event: 0.518 loading class java/security/AccessControlException
Event: 0.518 loading class java/security/AccessControlException done
Event: 0.537 loading class java/util/concurrent/atomic/AtomicBoolean
Event: 0.537 loading class java/util/concurrent/atomic/AtomicBoolean done
Event: 0.537 loading class java/lang/invoke/VarHandles


Dynamic libraries:
0x00007ff7fd5e0000 - 0x00007ff7fd5ee000 	C:\sts-4.19.1.RELEASE\plugins\org.eclipse.justj.openjdk.hotspot.jre.full.win32.x86_64_17.0.7.v20230425-1502\jre\bin\javaw.exe
0x00007fff95650000 - 0x00007fff95848000 	C:\WINDOWS\SYSTEM32\ntdll.dll
0x00007fff93e00000 - 0x00007fff93ebf000 	C:\WINDOWS\System32\KERNEL32.DLL
0x00007fff92f60000 - 0x00007fff93256000 	C:\WINDOWS\System32\KERNELBASE.dll
0x00007fff92de0000 - 0x00007fff92ee0000 	C:\WINDOWS\System32\ucrtbase.dll
0x00007fff59390000 - 0x00007fff593a7000 	C:\sts-4.19.1.RELEASE\plugins\org.eclipse.justj.openjdk.hotspot.jre.full.win32.x86_64_17.0.7.v20230425-1502\jre\bin\jli.dll
0x00007fff93c60000 - 0x00007fff93dfd000 	C:\WINDOWS\System32\USER32.dll
0x00007fff92ee0000 - 0x00007fff92f02000 	C:\WINDOWS\System32\win32u.dll
0x00007fff936c0000 - 0x00007fff936ec000 	C:\WINDOWS\System32\GDI32.dll
0x00007fff93390000 - 0x00007fff934a5000 	C:\WINDOWS\System32\gdi32full.dll
0x00007fff93610000 - 0x00007fff936ad000 	C:\WINDOWS\System32\msvcp_win.dll
0x00007fff5dca0000 - 0x00007fff5dcb9000 	C:\sts-4.19.1.RELEASE\plugins\org.eclipse.justj.openjdk.hotspot.jre.full.win32.x86_64_17.0.7.v20230425-1502\jre\bin\VCRUNTIME140.dll
0x00007fff80e90000 - 0x00007fff8112a000 	C:\WINDOWS\WinSxS\amd64_microsoft.windows.common-controls_6595b64144ccf1df_6.0.19041.1110_none_60b5254171f9507e\COMCTL32.dll
0x00007fff954f0000 - 0x00007fff9558e000 	C:\WINDOWS\System32\msvcrt.dll
0x00007fff94730000 - 0x00007fff94760000 	C:\WINDOWS\System32\IMM32.DLL
0x00007fff7f1c0000 - 0x00007fff7f1cc000 	C:\sts-4.19.1.RELEASE\plugins\org.eclipse.justj.openjdk.hotspot.jre.full.win32.x86_64_17.0.7.v20230425-1502\jre\bin\vcruntime140_1.dll
0x00007fff3ef70000 - 0x00007fff3f001000 	C:\sts-4.19.1.RELEASE\plugins\org.eclipse.justj.openjdk.hotspot.jre.full.win32.x86_64_17.0.7.v20230425-1502\jre\bin\msvcp140.dll
0x00007fff3f3d0000 - 0x00007fff40018000 	C:\sts-4.19.1.RELEASE\plugins\org.eclipse.justj.openjdk.hotspot.jre.full.win32.x86_64_17.0.7.v20230425-1502\jre\bin\server\jvm.dll
0x00007fff93bb0000 - 0x00007fff93c5f000 	C:\WINDOWS\System32\ADVAPI32.dll
0x00007fff94d00000 - 0x00007fff94d9c000 	C:\WINDOWS\System32\sechost.dll
0x00007fff94760000 - 0x00007fff94886000 	C:\WINDOWS\System32\RPCRT4.dll
0x00007fff7bbe0000 - 0x00007fff7bbe9000 	C:\WINDOWS\SYSTEM32\WSOCK32.dll
0x00007fff93ec0000 - 0x00007fff93f2b000 	C:\WINDOWS\System32\WS2_32.dll
0x00007fff79130000 - 0x00007fff79157000 	C:\WINDOWS\SYSTEM32\WINMM.dll
0x00007fff8caf0000 - 0x00007fff8cafa000 	C:\WINDOWS\SYSTEM32\VERSION.dll
0x00007fff915b0000 - 0x00007fff915c2000 	C:\WINDOWS\SYSTEM32\kernel.appcore.dll
0x00007fff8dc40000 - 0x00007fff8dc4a000 	C:\sts-4.19.1.RELEASE\plugins\org.eclipse.justj.openjdk.hotspot.jre.full.win32.x86_64_17.0.7.v20230425-1502\jre\bin\jimage.dll
0x00007fff91350000 - 0x00007fff91534000 	C:\WINDOWS\SYSTEM32\DBGHELP.DLL
0x00007fff7b490000 - 0x00007fff7b4c4000 	C:\WINDOWS\SYSTEM32\dbgcore.DLL
0x00007fff93260000 - 0x00007fff932e2000 	C:\WINDOWS\System32\bcryptPrimitives.dll
0x00007fff8c940000 - 0x00007fff8c965000 	C:\sts-4.19.1.RELEASE\plugins\org.eclipse.justj.openjdk.hotspot.jre.full.win32.x86_64_17.0.7.v20230425-1502\jre\bin\java.dll
0x00007fff7f280000 - 0x00007fff7f298000 	C:\sts-4.19.1.RELEASE\plugins\org.eclipse.justj.openjdk.hotspot.jre.full.win32.x86_64_17.0.7.v20230425-1502\jre\bin\zip.dll
0x00007fff94da0000 - 0x00007fff954e4000 	C:\WINDOWS\System32\SHELL32.dll
0x00007fff90a70000 - 0x00007fff91203000 	C:\WINDOWS\SYSTEM32\windows.storage.dll
0x00007fff941d0000 - 0x00007fff94524000 	C:\WINDOWS\System32\combase.dll
0x00007fff92770000 - 0x00007fff9279e000 	C:\WINDOWS\SYSTEM32\Wldp.dll
0x00007fff94680000 - 0x00007fff9472d000 	C:\WINDOWS\System32\SHCORE.dll
0x00007fff93a20000 - 0x00007fff93a75000 	C:\WINDOWS\System32\shlwapi.dll
0x00007fff92c60000 - 0x00007fff92c85000 	C:\WINDOWS\SYSTEM32\profapi.dll
0x00007fff7f260000 - 0x00007fff7f279000 	C:\sts-4.19.1.RELEASE\plugins\org.eclipse.justj.openjdk.hotspot.jre.full.win32.x86_64_17.0.7.v20230425-1502\jre\bin\net.dll
0x00007fff89d60000 - 0x00007fff89e6a000 	C:\WINDOWS\SYSTEM32\WINHTTP.dll
0x00007fff924d0000 - 0x00007fff9253a000 	C:\WINDOWS\system32\mswsock.dll
0x00007fff7f240000 - 0x00007fff7f255000 	C:\sts-4.19.1.RELEASE\plugins\org.eclipse.justj.openjdk.hotspot.jre.full.win32.x86_64_17.0.7.v20230425-1502\jre\bin\nio.dll

dbghelp: loaded successfully - version: 4.0.5 - missing functions: none
symbol engine: initialized successfully - sym options: 0x614 - pdb path: .;C:\sts-4.19.1.RELEASE\plugins\org.eclipse.justj.openjdk.hotspot.jre.full.win32.x86_64_17.0.7.v20230425-1502\jre\bin;C:\WINDOWS\SYSTEM32;C:\WINDOWS\WinSxS\amd64_microsoft.windows.common-controls_6595b64144ccf1df_6.0.19041.1110_none_60b5254171f9507e;C:\sts-4.19.1.RELEASE\plugins\org.eclipse.justj.openjdk.hotspot.jre.full.win32.x86_64_17.0.7.v20230425-1502\jre\bin\server

VM Arguments:
jvm_args: -Dfile.encoding=UTF-8 -XX:+ShowCodeDetailsInExceptionMessages 
java_command: jdev.mentoria.lojavirtual.LojaVirtualMentoriaApplication
java_class_path (initial): C:\Users\Lenovo\Documents\workspace-spring-tool-suite-4-4.19.1.RELEASE\loja_virtual_mentoria\target\classes;C:\Users\Lenovo\.m2\repository\org\springframework\boot\spring-boot-starter-data-jpa\3.1.3\spring-boot-starter-data-jpa-3.1.3.jar;C:\Users\Lenovo\.m2\repository\org\springframework\boot\spring-boot-starter-aop\3.1.3\spring-boot-starter-aop-3.1.3.jar;C:\Users\Lenovo\.m2\repository\org\aspectj\aspectjweaver\1.9.20\aspectjweaver-1.9.20.jar;C:\Users\Lenovo\.m2\repository\org\springframework\boot\spring-boot-starter-jdbc\3.1.3\spring-boot-starter-jdbc-3.1.3.jar;C:\Users\Lenovo\.m2\repository\com\zaxxer\HikariCP\5.0.1\HikariCP-5.0.1.jar;C:\Users\Lenovo\.m2\repository\org\springframework\spring-jdbc\6.0.11\spring-jdbc-6.0.11.jar;C:\Users\Lenovo\.m2\repository\org\hibernate\orm\hibernate-core\6.2.7.Final\hibernate-core-6.2.7.Final.jar;C:\Users\Lenovo\.m2\repository\jakarta\persistence\jakarta.persistence-api\3.1.0\jakarta.persistence-api-3.1.0.jar;C:\Users\Lenovo\.m2\repository\jakarta\transaction\jakarta.transaction-api\2.0.1\jakarta.transaction-api-2.0.1.jar;C:\Users\Lenovo\.m2\repository\org\jboss\logging\jboss-logging\3.5.3.Final\jboss-logging-3.5.3.Final.jar;C:\Users\Lenovo\.m2\repository\org\hibernate\common\hibernate-commons-annotations\6.0.6.Final\hibernate-commons-annotations-6.0.6.Final.jar;C:\Users\Lenovo\.m2\repository\io\smallrye\jandex\3.0.5\jandex-3.0.5.jar;C:\Users\Lenovo\.m2\repository\com\fasterxml\classmate\1.5.1\classmate-1.5.1.jar;C:\Users\Lenovo\.m2\repository\net\bytebuddy\byte-buddy\1.14.6\byte-buddy-1.14.6.jar;C:\Users\Lenovo\.m2\repository\jakarta\inject\jakarta.inject-api\2.0.1\jakarta.inject-api-2.0.1.jar;C:\Users\Lenovo\.m2\repository\org\antlr\antlr4-runtime\4.10.1\antlr4-runtime-4.10.1.jar;C:\Users\Lenovo\.m2\repository\org\springframework\data\spring-data-jpa\3.1.3\spring-data-jpa-3.1.3.jar;C:\Users\Lenovo\.m2\repository\org\springframework\data\spring-data-commons\3.1.3\spring-data-commons-3.1.3.jar;C:\User
Launcher Type: SUN_STANDARD

[Global flags]
     intx CICompilerCount                          = 3                                         {product} {ergonomic}
     uint ConcGCThreads                            = 1                                         {product} {ergonomic}
     uint G1ConcRefinementThreads                  = 4                                         {product} {ergonomic}
   size_t G1HeapRegionSize                         = 1048576                                   {product} {ergonomic}
    uintx GCDrainStackTargetSize                   = 64                                        {product} {ergonomic}
   size_t InitialHeapSize                          = 134217728                                 {product} {ergonomic}
   size_t MarkStackSize                            = 4194304                                   {product} {ergonomic}
   size_t MaxHeapSize                              = 2116026368                                {product} {ergonomic}
   size_t MaxNewSize                               = 1268776960                                {product} {ergonomic}
   size_t MinHeapDeltaBytes                        = 1048576                                   {product} {ergonomic}
   size_t MinHeapSize                              = 8388608                                   {product} {ergonomic}
    uintx NonNMethodCodeHeapSize                   = 5832780                                {pd product} {ergonomic}
    uintx NonProfiledCodeHeapSize                  = 122912730                              {pd product} {ergonomic}
    uintx ProfiledCodeHeapSize                     = 122912730                              {pd product} {ergonomic}
    uintx ReservedCodeCacheSize                    = 251658240                              {pd product} {ergonomic}
     bool SegmentedCodeCache                       = true                                      {product} {ergonomic}
     bool ShowCodeDetailsInExceptionMessages       = true                                   {manageable} {command line}
   size_t SoftMaxHeapSize                          = 2116026368                             {manageable} {ergonomic}
     bool UseCompressedClassPointers               = true                           {product lp64_product} {ergonomic}
     bool UseCompressedOops                        = true                           {product lp64_product} {ergonomic}
     bool UseG1GC                                  = true                                      {product} {ergonomic}
     bool UseLargePagesIndividualAllocation        = false                                  {pd product} {ergonomic}

Logging:
Log output configuration:
 #0: stdout all=warning uptime,level,tags
 #1: stderr all=off uptime,level,tags

Environment Variables:
JAVA_HOME=C:\Program Files\Java\jdk-16.0.2
CLASSPATH=.;C:\Program Files\Java\jdk-16.0.2\lib
PATH=C:/sts-4.19.1.RELEASE//plugins/org.eclipse.justj.openjdk.hotspot.jre.full.win32.x86_64_17.0.7.v20230425-1502/jre/bin/server;C:/sts-4.19.1.RELEASE//plugins/org.eclipse.justj.openjdk.hotspot.jre.full.win32.x86_64_17.0.7.v20230425-1502/jre/bin;C:\Program Files\Java\jdk-16.0.2;C:\Program Files\Java\jdk-16.0.2\bin;C:\apache-tomcat-10.0.12\bin;C:\Program Files\Common Files\Oracle\Java\javapath;C:\Windows\system32;C:\Windows;C:\Windows\System32\Wbem;C:\Windows\System32\WindowsPowerShell\v1.0\;C:\Program Files (x86)\NVIDIA Corporation\PhysX\Common;C:\WINDOWS\system32;C:\WINDOWS;C:\WINDOWS\System32\Wbem;C:\WINDOWS\System32\WindowsPowerShell\v1.0\;C:\WINDOWS\System32\OpenSSH\;C:\Program Files\NVIDIA Corporation\NVIDIA NvDLISR;C:\apache-maven-3.8.5\bin;C:\Program Files\Git\cmd;C:\Users\Lenovo\AppData\Local\Microsoft\WindowsApps;C:\Program Files\JetBrains\IntelliJ IDEA 2023.2\bin;;C:\sts-4.19.1.RELEASE;
USERNAME=Lenovo
OS=Windows_NT
PROCESSOR_IDENTIFIER=Intel64 Family 6 Model 142 Stepping 9, GenuineIntel
TMP=C:\Users\Lenovo\AppData\Local\Temp
TEMP=C:\Users\Lenovo\AppData\Local\Temp



---------------  S Y S T E M  ---------------

OS:
 Windows 10 , 64 bit Build 19041 (10.0.19041.3155)
OS uptime: 12 days 10:10 hours

CPU: total 4 (initial active 4) (2 cores per cpu, 2 threads per core) family 6 model 142 stepping 9 microcode 0xd6, cx8, cmov, fxsr, ht, mmx, 3dnowpref, sse, sse2, sse3, ssse3, sse4.1, sse4.2, popcnt, lzcnt, tsc, tscinvbit, avx, avx2, aes, erms, clmul, bmi1, bmi2, adx, fma, vzeroupper, clflush, clflushopt

Memory: 4k page, system-wide physical 8066M (1038M free)
TotalPageFile size 11266M (AvailPageFile size 3M)
current process WorkingSet (physical memory assigned to process): 53M, peak: 53M
current process commit charge ("private bytes"): 208M, peak: 208M

vm_info: OpenJDK 64-Bit Server VM (17.0.7+7) for windows-amd64 JRE (17.0.7+7), built on Apr 18 2023 22:10:42 by "temurin" with MS VC++ 16.7 (VS2019)

END.
