#
# There is insufficient memory for the Java Runtime Environment to continue.
# Native memory allocation (mmap) failed to map 65536 bytes for Failed to commit metaspace.
# Possible reasons:
#   The system is out of physical RAM or swap space
#   The process is running with CompressedOops enabled, and the Java Heap may be blocking the growth of the native heap
# Possible solutions:
#   Reduce memory load on the system
#   Increase physical memory or swap space
#   Check if swap backing store is full
#   Decrease Java heap size (-Xmx/-Xms)
#   Decrease number of Java threads
#   Decrease Java thread stack sizes (-Xss)
#   Set larger code cache with -XX:ReservedCodeCacheSize=
#   JVM is running with Unscaled Compressed Oops mode in which the Java heap is
#     placed in the first 4GB address space. The Java Heap base address is the
#     maximum limit for the native heap growth. Please use -XX:HeapBaseMinAddress
#     to set the Java Heap base and to place the Java Heap above 4GB virtual address.
# This output file may be truncated or incomplete.
#
#  Out of Memory Error (virtualSpaceNode.cpp:110), pid=10884, tid=14360
#
# JRE version: OpenJDK Runtime Environment Temurin-17.0.7+7 (17.0.7+7) (build 17.0.7+7)
# Java VM: OpenJDK 64-Bit Server VM Temurin-17.0.7+7 (17.0.7+7, mixed mode, emulated-client, tiered, compressed oops, compressed class ptrs, g1 gc, windows-amd64)
# No core dump will be written. Minidumps are not enabled by default on client versions of Windows
#

---------------  S U M M A R Y ------------

Command Line: -Dcom.sun.management.jmxremote -Dcom.sun.management.jmxremote.port=52367 -Dcom.sun.management.jmxremote.authenticate=false -Dcom.sun.management.jmxremote.ssl=false -Djava.rmi.server.hostname=localhost -Dspring.jmx.enabled=true -Dmanagement.endpoints.jmx.exposure.include=* -Dspring.application.admin.enabled=true -XX:TieredStopAtLevel=1 -Dspring.boot.project.name=loja_virtual_mentoria -Dfile.encoding=UTF-8 -XX:+ShowCodeDetailsInExceptionMessages jdev.mentoria.lojavirtual.LojaVirtualMentoriaApplication --spring.output.ansi.enabled=always

Host: Intel(R) Core(TM) i5-7200U CPU @ 2.50GHz, 4 cores, 7G,  Windows 10 , 64 bit Build 19041 (10.0.19041.3155)
Time: Sat Sep 16 07:25:25 2023 Hora oficial do Brasil elapsed time: 0.734026 seconds (0d 0h 0m 0s)

---------------  T H R E A D  ---------------

Current thread (0x000001f4765f8700):  JavaThread "main" [_thread_in_vm, id=14360, stack(0x0000009627600000,0x0000009627700000)]

Stack: [0x0000009627600000,0x0000009627700000]
Native frames: (J=compiled Java code, j=interpreted, Vv=VM code, C=native code)
V  [jvm.dll+0x67754a]
V  [jvm.dll+0x834304]
V  [jvm.dll+0x835aae]
V  [jvm.dll+0x836113]
V  [jvm.dll+0x24696f]
V  [jvm.dll+0x83039b]
V  [jvm.dll+0x61c006]
V  [jvm.dll+0x1c169e]
V  [jvm.dll+0x61e961]
V  [jvm.dll+0x61c9a6]
V  [jvm.dll+0x626887]
V  [jvm.dll+0x1eb47b]
V  [jvm.dll+0x1eb9b5]
V  [jvm.dll+0x1ec3ef]
V  [jvm.dll+0x1e1891]
V  [jvm.dll+0x53ea50]
V  [jvm.dll+0x1f2067]
V  [jvm.dll+0x7af05b]
V  [jvm.dll+0x7b0402]
V  [jvm.dll+0x7b0738]
V  [jvm.dll+0x23ec6e]
V  [jvm.dll+0x380a4e]
C  0x000001f479cc993b

Java frames: (J=compiled Java code, j=interpreted, Vv=VM code)
j  java.util.concurrent.ScheduledThreadPoolExecutor.<init>(ILjava/util/concurrent/ThreadFactory;)V+10 java.base@17.0.7
j  sun.rmi.runtime.RuntimeUtil.<init>()V+20 java.rmi@17.0.7
j  sun.rmi.runtime.RuntimeUtil.<clinit>()V+43 java.rmi@17.0.7
v  ~StubRoutines::call_stub
j  sun.rmi.runtime.RuntimeUtil$GetInstanceAction.run()Lsun/rmi/runtime/RuntimeUtil;+0 java.rmi@17.0.7
j  sun.rmi.runtime.RuntimeUtil$GetInstanceAction.run()Ljava/lang/Object;+1 java.rmi@17.0.7
j  java.security.AccessController.executePrivileged(Ljava/security/PrivilegedAction;Ljava/security/AccessControlContext;Ljava/lang/Class;)Ljava/lang/Object;+29 java.base@17.0.7
j  java.security.AccessController.doPrivileged(Ljava/security/PrivilegedAction;)Ljava/lang/Object;+5 java.base@17.0.7
j  sun.rmi.transport.DGCImpl.<clinit>()V+67 java.rmi@17.0.7
v  ~StubRoutines::call_stub
j  sun.rmi.transport.WeakRef.pin()V+15 java.rmi@17.0.7
j  sun.rmi.transport.Target.pinImpl()V+4 java.rmi@17.0.7
j  sun.rmi.transport.Target.<init>(Ljava/rmi/Remote;Lsun/rmi/server/Dispatcher;Ljava/rmi/Remote;Ljava/rmi/server/ObjID;Z)V+134 java.rmi@17.0.7
j  sun.rmi.server.UnicastServerRef.exportObject(Ljava/rmi/Remote;Ljava/lang/Object;Z)Ljava/rmi/Remote;+67 java.rmi@17.0.7
j  sun.management.jmxremote.ConnectorBootstrap$PermanentExporter.exportObject(Ljava/rmi/Remote;ILjava/rmi/server/RMIClientSocketFactory;Ljava/rmi/server/RMIServerSocketFactory;Ljava/io/ObjectInputFilter;)Ljava/rmi/Remote;+82 jdk.management.agent@17.0.7
j  javax.management.remote.rmi.RMIJRMPServerImpl.export(Ljava/rmi/Remote;Ljava/io/ObjectInputFilter;)V+62 java.management.rmi@17.0.7
j  javax.management.remote.rmi.RMIJRMPServerImpl.export()V+6 java.management.rmi@17.0.7
j  javax.management.remote.rmi.RMIConnectorServer.start()V+257 java.management.rmi@17.0.7
j  sun.management.jmxremote.ConnectorBootstrap.exportMBeanServer(Ljavax/management/MBeanServer;IIZZLjava/lang/String;[Ljava/lang/String;[Ljava/lang/String;ZZLjava/lang/String;Ljava/lang/String;ZLjava/lang/String;Ljava/lang/String;Ljava/lang/String;)Lsun/management/jmxremote/ConnectorBootstrap$JMXConnectorServerData;+348 jdk.management.agent@17.0.7
j  sun.management.jmxremote.ConnectorBootstrap.startRemoteConnectorServer(Ljava/lang/String;Ljava/util/Properties;)Ljavax/management/remote/JMXConnectorServer;+620 jdk.management.agent@17.0.7
j  jdk.internal.agent.Agent.startAgent(Ljava/util/Properties;)V+48 jdk.management.agent@17.0.7
j  jdk.internal.agent.Agent.startAgent()V+20 jdk.management.agent@17.0.7
v  ~StubRoutines::call_stub

---------------  P R O C E S S  ---------------

Threads class SMR info:
_java_thread_list=0x000001f4081bf390, length=13, elements={
0x000001f4765f8700, 0x000001f47fb3a620, 0x000001f47fb3b8a0, 0x000001f47fb4e420,
0x000001f40803ed50, 0x000001f40803f610, 0x000001f40803fed0, 0x000001f408040790,
0x000001f40805ea10, 0x000001f47faa2600, 0x000001f47faa2ca0, 0x000001f4081909f0,
0x000001f4081e5f70
}

Java Threads: ( => current thread )
=>0x000001f4765f8700 JavaThread "main" [_thread_in_vm, id=14360, stack(0x0000009627600000,0x0000009627700000)]
  0x000001f47fb3a620 JavaThread "Reference Handler" daemon [_thread_blocked, id=17516, stack(0x0000009627d00000,0x0000009627e00000)]
  0x000001f47fb3b8a0 JavaThread "Finalizer" daemon [_thread_blocked, id=11684, stack(0x0000009627e00000,0x0000009627f00000)]
  0x000001f47fb4e420 JavaThread "Signal Dispatcher" daemon [_thread_blocked, id=10832, stack(0x0000009627f00000,0x0000009628000000)]
  0x000001f40803ed50 JavaThread "Attach Listener" daemon [_thread_blocked, id=15792, stack(0x0000009628000000,0x0000009628100000)]
  0x000001f40803f610 JavaThread "Service Thread" daemon [_thread_blocked, id=6312, stack(0x0000009628100000,0x0000009628200000)]
  0x000001f40803fed0 JavaThread "Monitor Deflation Thread" daemon [_thread_blocked, id=10696, stack(0x0000009628200000,0x0000009628300000)]
  0x000001f408040790 JavaThread "C1 CompilerThread0" daemon [_thread_blocked, id=3900, stack(0x0000009628300000,0x0000009628400000)]
  0x000001f40805ea10 JavaThread "Sweeper thread" daemon [_thread_blocked, id=19048, stack(0x0000009628400000,0x0000009628500000)]
  0x000001f47faa2600 JavaThread "Common-Cleaner" daemon [_thread_blocked, id=17740, stack(0x0000009628500000,0x0000009628600000)]
  0x000001f47faa2ca0 JavaThread "C1 CompilerThread1" daemon [_thread_blocked, id=15892, stack(0x0000009628600000,0x0000009628700000)]
  0x000001f4081909f0 JavaThread "C1 CompilerThread2" daemon [_thread_blocked, id=15120, stack(0x0000009628700000,0x0000009628800000)]
  0x000001f4081e5f70 JavaThread "Notification Thread" daemon [_thread_blocked, id=19148, stack(0x0000009628800000,0x0000009628900000)]

Other Threads:
  0x000001f47fb17ae0 VMThread "VM Thread" [stack: 0x0000009627c00000,0x0000009627d00000] [id=17908]
  0x000001f476653ab0 GCTaskThread "GC Thread#0" [stack: 0x0000009627700000,0x0000009627800000] [id=6560]
  0x000001f476664550 ConcurrentGCThread "G1 Main Marker" [stack: 0x0000009627800000,0x0000009627900000] [id=12588]
  0x000001f476664e70 ConcurrentGCThread "G1 Conc#0" [stack: 0x0000009627900000,0x0000009627a00000] [id=15096]
  0x000001f4766bdca0 ConcurrentGCThread "G1 Refine#0" [stack: 0x0000009627a00000,0x0000009627b00000] [id=14044]
  0x000001f4766be5d0 ConcurrentGCThread "G1 Service" [stack: 0x0000009627b00000,0x0000009627c00000] [id=7392]

Threads with active compile tasks:

VM state: not at safepoint (normal execution)

VM Mutex/Monitor currently owned by a thread:  ([mutex/lock_event])
[0x000001f4765f09b0] Metaspace_lock - owner thread: 0x000001f4765f8700

Heap address: 0x0000000081e00000, size: 2018 MB, Compressed Oops mode: 32-bit

CDS archive(s) not mapped
Compressed class space mapped at: 0x0000000100000000-0x0000000140000000, reserved size: 1073741824
Narrow klass base: 0x0000000000000000, Narrow klass shift: 3, Narrow klass range: 0x140000000

GC Precious Log:
 CPUs: 4 total, 4 available
 Memory: 8066M
 Large Page Support: Disabled
 NUMA Support: Disabled
 Compressed Oops: Enabled (32-bit)
 Heap Region Size: 1M
 Heap Min Capacity: 8M
 Heap Initial Capacity: 128M
 Heap Max Capacity: 2018M
 Pre-touch: Disabled
 Parallel Workers: 4
 Concurrent Workers: 1
 Concurrent Refinement Workers: 4
 Periodic GC: Disabled

Heap:
 garbage-first heap   total 131072K, used 9216K [0x0000000081e00000, 0x0000000100000000)
  region size 1024K, 10 young (10240K), 0 survivors (0K)
 Metaspace       used 11082K, committed 11264K, reserved 1114112K
  class space    used 1105K, committed 1216K, reserved 1048576K

Heap Regions: E=young(eden), S=young(survivor), O=old, HS=humongous(starts), HC=humongous(continues), CS=collection set, F=free, OA=open archive, CA=closed archive, TAMS=top-at-mark-start (previous, next)
|   0|0x0000000081e00000, 0x0000000081f00000, 0x0000000081f00000|100%|HS|  |TAMS 0x0000000081e00000, 0x0000000081e00000| Complete 
|   1|0x0000000081f00000, 0x0000000081f00000, 0x0000000082000000|  0%| F|  |TAMS 0x0000000081f00000, 0x0000000081f00000| Untracked 
|   2|0x0000000082000000, 0x0000000082000000, 0x0000000082100000|  0%| F|  |TAMS 0x0000000082000000, 0x0000000082000000| Untracked 
|   3|0x0000000082100000, 0x0000000082100000, 0x0000000082200000|  0%| F|  |TAMS 0x0000000082100000, 0x0000000082100000| Untracked 
|   4|0x0000000082200000, 0x0000000082200000, 0x0000000082300000|  0%| F|  |TAMS 0x0000000082200000, 0x0000000082200000| Untracked 
|   5|0x0000000082300000, 0x0000000082300000, 0x0000000082400000|  0%| F|  |TAMS 0x0000000082300000, 0x0000000082300000| Untracked 
|   6|0x0000000082400000, 0x0000000082400000, 0x0000000082500000|  0%| F|  |TAMS 0x0000000082400000, 0x0000000082400000| Untracked 
|   7|0x0000000082500000, 0x0000000082500000, 0x0000000082600000|  0%| F|  |TAMS 0x0000000082500000, 0x0000000082500000| Untracked 
|   8|0x0000000082600000, 0x0000000082600000, 0x0000000082700000|  0%| F|  |TAMS 0x0000000082600000, 0x0000000082600000| Untracked 
|   9|0x0000000082700000, 0x0000000082700000, 0x0000000082800000|  0%| F|  |TAMS 0x0000000082700000, 0x0000000082700000| Untracked 
|  10|0x0000000082800000, 0x0000000082800000, 0x0000000082900000|  0%| F|  |TAMS 0x0000000082800000, 0x0000000082800000| Untracked 
|  11|0x0000000082900000, 0x0000000082900000, 0x0000000082a00000|  0%| F|  |TAMS 0x0000000082900000, 0x0000000082900000| Untracked 
|  12|0x0000000082a00000, 0x0000000082a00000, 0x0000000082b00000|  0%| F|  |TAMS 0x0000000082a00000, 0x0000000082a00000| Untracked 
|  13|0x0000000082b00000, 0x0000000082b00000, 0x0000000082c00000|  0%| F|  |TAMS 0x0000000082b00000, 0x0000000082b00000| Untracked 
|  14|0x0000000082c00000, 0x0000000082c00000, 0x0000000082d00000|  0%| F|  |TAMS 0x0000000082c00000, 0x0000000082c00000| Untracked 
|  15|0x0000000082d00000, 0x0000000082d00000, 0x0000000082e00000|  0%| F|  |TAMS 0x0000000082d00000, 0x0000000082d00000| Untracked 
|  16|0x0000000082e00000, 0x0000000082e00000, 0x0000000082f00000|  0%| F|  |TAMS 0x0000000082e00000, 0x0000000082e00000| Untracked 
|  17|0x0000000082f00000, 0x0000000082f00000, 0x0000000083000000|  0%| F|  |TAMS 0x0000000082f00000, 0x0000000082f00000| Untracked 
|  18|0x0000000083000000, 0x0000000083000000, 0x0000000083100000|  0%| F|  |TAMS 0x0000000083000000, 0x0000000083000000| Untracked 
|  19|0x0000000083100000, 0x0000000083100000, 0x0000000083200000|  0%| F|  |TAMS 0x0000000083100000, 0x0000000083100000| Untracked 
|  20|0x0000000083200000, 0x0000000083200000, 0x0000000083300000|  0%| F|  |TAMS 0x0000000083200000, 0x0000000083200000| Untracked 
|  21|0x0000000083300000, 0x0000000083300000, 0x0000000083400000|  0%| F|  |TAMS 0x0000000083300000, 0x0000000083300000| Untracked 
|  22|0x0000000083400000, 0x0000000083400000, 0x0000000083500000|  0%| F|  |TAMS 0x0000000083400000, 0x0000000083400000| Untracked 
|  23|0x0000000083500000, 0x0000000083500000, 0x0000000083600000|  0%| F|  |TAMS 0x0000000083500000, 0x0000000083500000| Untracked 
|  24|0x0000000083600000, 0x0000000083600000, 0x0000000083700000|  0%| F|  |TAMS 0x0000000083600000, 0x0000000083600000| Untracked 
|  25|0x0000000083700000, 0x0000000083700000, 0x0000000083800000|  0%| F|  |TAMS 0x0000000083700000, 0x0000000083700000| Untracked 
|  26|0x0000000083800000, 0x0000000083800000, 0x0000000083900000|  0%| F|  |TAMS 0x0000000083800000, 0x0000000083800000| Untracked 
|  27|0x0000000083900000, 0x0000000083900000, 0x0000000083a00000|  0%| F|  |TAMS 0x0000000083900000, 0x0000000083900000| Untracked 
|  28|0x0000000083a00000, 0x0000000083a00000, 0x0000000083b00000|  0%| F|  |TAMS 0x0000000083a00000, 0x0000000083a00000| Untracked 
|  29|0x0000000083b00000, 0x0000000083b00000, 0x0000000083c00000|  0%| F|  |TAMS 0x0000000083b00000, 0x0000000083b00000| Untracked 
|  30|0x0000000083c00000, 0x0000000083c00000, 0x0000000083d00000|  0%| F|  |TAMS 0x0000000083c00000, 0x0000000083c00000| Untracked 
|  31|0x0000000083d00000, 0x0000000083d00000, 0x0000000083e00000|  0%| F|  |TAMS 0x0000000083d00000, 0x0000000083d00000| Untracked 
|  32|0x0000000083e00000, 0x0000000083e00000, 0x0000000083f00000|  0%| F|  |TAMS 0x0000000083e00000, 0x0000000083e00000| Untracked 
|  33|0x0000000083f00000, 0x0000000083f00000, 0x0000000084000000|  0%| F|  |TAMS 0x0000000083f00000, 0x0000000083f00000| Untracked 
|  34|0x0000000084000000, 0x0000000084000000, 0x0000000084100000|  0%| F|  |TAMS 0x0000000084000000, 0x0000000084000000| Untracked 
|  35|0x0000000084100000, 0x0000000084100000, 0x0000000084200000|  0%| F|  |TAMS 0x0000000084100000, 0x0000000084100000| Untracked 
|  36|0x0000000084200000, 0x0000000084200000, 0x0000000084300000|  0%| F|  |TAMS 0x0000000084200000, 0x0000000084200000| Untracked 
|  37|0x0000000084300000, 0x0000000084300000, 0x0000000084400000|  0%| F|  |TAMS 0x0000000084300000, 0x0000000084300000| Untracked 
|  38|0x0000000084400000, 0x0000000084400000, 0x0000000084500000|  0%| F|  |TAMS 0x0000000084400000, 0x0000000084400000| Untracked 
|  39|0x0000000084500000, 0x0000000084500000, 0x0000000084600000|  0%| F|  |TAMS 0x0000000084500000, 0x0000000084500000| Untracked 
|  40|0x0000000084600000, 0x0000000084600000, 0x0000000084700000|  0%| F|  |TAMS 0x0000000084600000, 0x0000000084600000| Untracked 
|  41|0x0000000084700000, 0x0000000084700000, 0x0000000084800000|  0%| F|  |TAMS 0x0000000084700000, 0x0000000084700000| Untracked 
|  42|0x0000000084800000, 0x0000000084800000, 0x0000000084900000|  0%| F|  |TAMS 0x0000000084800000, 0x0000000084800000| Untracked 
|  43|0x0000000084900000, 0x0000000084900000, 0x0000000084a00000|  0%| F|  |TAMS 0x0000000084900000, 0x0000000084900000| Untracked 
|  44|0x0000000084a00000, 0x0000000084a00000, 0x0000000084b00000|  0%| F|  |TAMS 0x0000000084a00000, 0x0000000084a00000| Untracked 
|  45|0x0000000084b00000, 0x0000000084b00000, 0x0000000084c00000|  0%| F|  |TAMS 0x0000000084b00000, 0x0000000084b00000| Untracked 
|  46|0x0000000084c00000, 0x0000000084c00000, 0x0000000084d00000|  0%| F|  |TAMS 0x0000000084c00000, 0x0000000084c00000| Untracked 
|  47|0x0000000084d00000, 0x0000000084d00000, 0x0000000084e00000|  0%| F|  |TAMS 0x0000000084d00000, 0x0000000084d00000| Untracked 
|  48|0x0000000084e00000, 0x0000000084e00000, 0x0000000084f00000|  0%| F|  |TAMS 0x0000000084e00000, 0x0000000084e00000| Untracked 
|  49|0x0000000084f00000, 0x0000000084f00000, 0x0000000085000000|  0%| F|  |TAMS 0x0000000084f00000, 0x0000000084f00000| Untracked 
|  50|0x0000000085000000, 0x0000000085000000, 0x0000000085100000|  0%| F|  |TAMS 0x0000000085000000, 0x0000000085000000| Untracked 
|  51|0x0000000085100000, 0x0000000085100000, 0x0000000085200000|  0%| F|  |TAMS 0x0000000085100000, 0x0000000085100000| Untracked 
|  52|0x0000000085200000, 0x0000000085200000, 0x0000000085300000|  0%| F|  |TAMS 0x0000000085200000, 0x0000000085200000| Untracked 
|  53|0x0000000085300000, 0x0000000085300000, 0x0000000085400000|  0%| F|  |TAMS 0x0000000085300000, 0x0000000085300000| Untracked 
|  54|0x0000000085400000, 0x0000000085400000, 0x0000000085500000|  0%| F|  |TAMS 0x0000000085400000, 0x0000000085400000| Untracked 
|  55|0x0000000085500000, 0x0000000085500000, 0x0000000085600000|  0%| F|  |TAMS 0x0000000085500000, 0x0000000085500000| Untracked 
|  56|0x0000000085600000, 0x0000000085600000, 0x0000000085700000|  0%| F|  |TAMS 0x0000000085600000, 0x0000000085600000| Untracked 
|  57|0x0000000085700000, 0x0000000085700000, 0x0000000085800000|  0%| F|  |TAMS 0x0000000085700000, 0x0000000085700000| Untracked 
|  58|0x0000000085800000, 0x0000000085800000, 0x0000000085900000|  0%| F|  |TAMS 0x0000000085800000, 0x0000000085800000| Untracked 
|  59|0x0000000085900000, 0x0000000085900000, 0x0000000085a00000|  0%| F|  |TAMS 0x0000000085900000, 0x0000000085900000| Untracked 
|  60|0x0000000085a00000, 0x0000000085a00000, 0x0000000085b00000|  0%| F|  |TAMS 0x0000000085a00000, 0x0000000085a00000| Untracked 
|  61|0x0000000085b00000, 0x0000000085b00000, 0x0000000085c00000|  0%| F|  |TAMS 0x0000000085b00000, 0x0000000085b00000| Untracked 
|  62|0x0000000085c00000, 0x0000000085c00000, 0x0000000085d00000|  0%| F|  |TAMS 0x0000000085c00000, 0x0000000085c00000| Untracked 
|  63|0x0000000085d00000, 0x0000000085d00000, 0x0000000085e00000|  0%| F|  |TAMS 0x0000000085d00000, 0x0000000085d00000| Untracked 
|  64|0x0000000085e00000, 0x0000000085e00000, 0x0000000085f00000|  0%| F|  |TAMS 0x0000000085e00000, 0x0000000085e00000| Untracked 
|  65|0x0000000085f00000, 0x0000000085f00000, 0x0000000086000000|  0%| F|  |TAMS 0x0000000085f00000, 0x0000000085f00000| Untracked 
|  66|0x0000000086000000, 0x0000000086000000, 0x0000000086100000|  0%| F|  |TAMS 0x0000000086000000, 0x0000000086000000| Untracked 
|  67|0x0000000086100000, 0x0000000086100000, 0x0000000086200000|  0%| F|  |TAMS 0x0000000086100000, 0x0000000086100000| Untracked 
|  68|0x0000000086200000, 0x0000000086200000, 0x0000000086300000|  0%| F|  |TAMS 0x0000000086200000, 0x0000000086200000| Untracked 
|  69|0x0000000086300000, 0x0000000086300000, 0x0000000086400000|  0%| F|  |TAMS 0x0000000086300000, 0x0000000086300000| Untracked 
|  70|0x0000000086400000, 0x0000000086400000, 0x0000000086500000|  0%| F|  |TAMS 0x0000000086400000, 0x0000000086400000| Untracked 
|  71|0x0000000086500000, 0x0000000086500000, 0x0000000086600000|  0%| F|  |TAMS 0x0000000086500000, 0x0000000086500000| Untracked 
|  72|0x0000000086600000, 0x0000000086600000, 0x0000000086700000|  0%| F|  |TAMS 0x0000000086600000, 0x0000000086600000| Untracked 
|  73|0x0000000086700000, 0x0000000086700000, 0x0000000086800000|  0%| F|  |TAMS 0x0000000086700000, 0x0000000086700000| Untracked 
|  74|0x0000000086800000, 0x0000000086800000, 0x0000000086900000|  0%| F|  |TAMS 0x0000000086800000, 0x0000000086800000| Untracked 
|  75|0x0000000086900000, 0x0000000086900000, 0x0000000086a00000|  0%| F|  |TAMS 0x0000000086900000, 0x0000000086900000| Untracked 
|  76|0x0000000086a00000, 0x0000000086a00000, 0x0000000086b00000|  0%| F|  |TAMS 0x0000000086a00000, 0x0000000086a00000| Untracked 
|  77|0x0000000086b00000, 0x0000000086b00000, 0x0000000086c00000|  0%| F|  |TAMS 0x0000000086b00000, 0x0000000086b00000| Untracked 
|  78|0x0000000086c00000, 0x0000000086c00000, 0x0000000086d00000|  0%| F|  |TAMS 0x0000000086c00000, 0x0000000086c00000| Untracked 
|  79|0x0000000086d00000, 0x0000000086d00000, 0x0000000086e00000|  0%| F|  |TAMS 0x0000000086d00000, 0x0000000086d00000| Untracked 
|  80|0x0000000086e00000, 0x0000000086e00000, 0x0000000086f00000|  0%| F|  |TAMS 0x0000000086e00000, 0x0000000086e00000| Untracked 
|  81|0x0000000086f00000, 0x0000000086f00000, 0x0000000087000000|  0%| F|  |TAMS 0x0000000086f00000, 0x0000000086f00000| Untracked 
|  82|0x0000000087000000, 0x0000000087000000, 0x0000000087100000|  0%| F|  |TAMS 0x0000000087000000, 0x0000000087000000| Untracked 
|  83|0x0000000087100000, 0x0000000087100000, 0x0000000087200000|  0%| F|  |TAMS 0x0000000087100000, 0x0000000087100000| Untracked 
|  84|0x0000000087200000, 0x0000000087200000, 0x0000000087300000|  0%| F|  |TAMS 0x0000000087200000, 0x0000000087200000| Untracked 
|  85|0x0000000087300000, 0x0000000087300000, 0x0000000087400000|  0%| F|  |TAMS 0x0000000087300000, 0x0000000087300000| Untracked 
|  86|0x0000000087400000, 0x0000000087400000, 0x0000000087500000|  0%| F|  |TAMS 0x0000000087400000, 0x0000000087400000| Untracked 
|  87|0x0000000087500000, 0x0000000087500000, 0x0000000087600000|  0%| F|  |TAMS 0x0000000087500000, 0x0000000087500000| Untracked 
|  88|0x0000000087600000, 0x0000000087600000, 0x0000000087700000|  0%| F|  |TAMS 0x0000000087600000, 0x0000000087600000| Untracked 
|  89|0x0000000087700000, 0x0000000087700000, 0x0000000087800000|  0%| F|  |TAMS 0x0000000087700000, 0x0000000087700000| Untracked 
|  90|0x0000000087800000, 0x0000000087800000, 0x0000000087900000|  0%| F|  |TAMS 0x0000000087800000, 0x0000000087800000| Untracked 
|  91|0x0000000087900000, 0x0000000087900000, 0x0000000087a00000|  0%| F|  |TAMS 0x0000000087900000, 0x0000000087900000| Untracked 
|  92|0x0000000087a00000, 0x0000000087a00000, 0x0000000087b00000|  0%| F|  |TAMS 0x0000000087a00000, 0x0000000087a00000| Untracked 
|  93|0x0000000087b00000, 0x0000000087b00000, 0x0000000087c00000|  0%| F|  |TAMS 0x0000000087b00000, 0x0000000087b00000| Untracked 
|  94|0x0000000087c00000, 0x0000000087c00000, 0x0000000087d00000|  0%| F|  |TAMS 0x0000000087c00000, 0x0000000087c00000| Untracked 
|  95|0x0000000087d00000, 0x0000000087d00000, 0x0000000087e00000|  0%| F|  |TAMS 0x0000000087d00000, 0x0000000087d00000| Untracked 
|  96|0x0000000087e00000, 0x0000000087e00000, 0x0000000087f00000|  0%| F|  |TAMS 0x0000000087e00000, 0x0000000087e00000| Untracked 
|  97|0x0000000087f00000, 0x0000000087f00000, 0x0000000088000000|  0%| F|  |TAMS 0x0000000087f00000, 0x0000000087f00000| Untracked 
|  98|0x0000000088000000, 0x0000000088000000, 0x0000000088100000|  0%| F|  |TAMS 0x0000000088000000, 0x0000000088000000| Untracked 
|  99|0x0000000088100000, 0x0000000088100000, 0x0000000088200000|  0%| F|  |TAMS 0x0000000088100000, 0x0000000088100000| Untracked 
| 100|0x0000000088200000, 0x0000000088200000, 0x0000000088300000|  0%| F|  |TAMS 0x0000000088200000, 0x0000000088200000| Untracked 
| 101|0x0000000088300000, 0x0000000088300000, 0x0000000088400000|  0%| F|  |TAMS 0x0000000088300000, 0x0000000088300000| Untracked 
| 102|0x0000000088400000, 0x0000000088400000, 0x0000000088500000|  0%| F|  |TAMS 0x0000000088400000, 0x0000000088400000| Untracked 
| 103|0x0000000088500000, 0x0000000088500000, 0x0000000088600000|  0%| F|  |TAMS 0x0000000088500000, 0x0000000088500000| Untracked 
| 104|0x0000000088600000, 0x0000000088600000, 0x0000000088700000|  0%| F|  |TAMS 0x0000000088600000, 0x0000000088600000| Untracked 
| 105|0x0000000088700000, 0x0000000088700000, 0x0000000088800000|  0%| F|  |TAMS 0x0000000088700000, 0x0000000088700000| Untracked 
| 106|0x0000000088800000, 0x0000000088800000, 0x0000000088900000|  0%| F|  |TAMS 0x0000000088800000, 0x0000000088800000| Untracked 
| 107|0x0000000088900000, 0x0000000088900000, 0x0000000088a00000|  0%| F|  |TAMS 0x0000000088900000, 0x0000000088900000| Untracked 
| 108|0x0000000088a00000, 0x0000000088a00000, 0x0000000088b00000|  0%| F|  |TAMS 0x0000000088a00000, 0x0000000088a00000| Untracked 
| 109|0x0000000088b00000, 0x0000000088b00000, 0x0000000088c00000|  0%| F|  |TAMS 0x0000000088b00000, 0x0000000088b00000| Untracked 
| 110|0x0000000088c00000, 0x0000000088c00000, 0x0000000088d00000|  0%| F|  |TAMS 0x0000000088c00000, 0x0000000088c00000| Untracked 
| 111|0x0000000088d00000, 0x0000000088d00000, 0x0000000088e00000|  0%| F|  |TAMS 0x0000000088d00000, 0x0000000088d00000| Untracked 
| 112|0x0000000088e00000, 0x0000000088e00000, 0x0000000088f00000|  0%| F|  |TAMS 0x0000000088e00000, 0x0000000088e00000| Untracked 
| 113|0x0000000088f00000, 0x0000000088f00000, 0x0000000089000000|  0%| F|  |TAMS 0x0000000088f00000, 0x0000000088f00000| Untracked 
| 114|0x0000000089000000, 0x0000000089000000, 0x0000000089100000|  0%| F|  |TAMS 0x0000000089000000, 0x0000000089000000| Untracked 
| 115|0x0000000089100000, 0x0000000089100000, 0x0000000089200000|  0%| F|  |TAMS 0x0000000089100000, 0x0000000089100000| Untracked 
| 116|0x0000000089200000, 0x0000000089200000, 0x0000000089300000|  0%| F|  |TAMS 0x0000000089200000, 0x0000000089200000| Untracked 
| 117|0x0000000089300000, 0x0000000089300000, 0x0000000089400000|  0%| F|  |TAMS 0x0000000089300000, 0x0000000089300000| Untracked 
| 118|0x0000000089400000, 0x0000000089485a88, 0x0000000089500000| 52%| E|  |TAMS 0x0000000089400000, 0x0000000089400000| Complete 
| 119|0x0000000089500000, 0x0000000089600000, 0x0000000089600000|100%| E|CS|TAMS 0x0000000089500000, 0x0000000089500000| Complete 
| 120|0x0000000089600000, 0x0000000089700000, 0x0000000089700000|100%| E|CS|TAMS 0x0000000089600000, 0x0000000089600000| Complete 
| 121|0x0000000089700000, 0x0000000089800000, 0x0000000089800000|100%| E|CS|TAMS 0x0000000089700000, 0x0000000089700000| Complete 
| 122|0x0000000089800000, 0x0000000089900000, 0x0000000089900000|100%| E|CS|TAMS 0x0000000089800000, 0x0000000089800000| Complete 
| 123|0x0000000089900000, 0x0000000089a00000, 0x0000000089a00000|100%| E|  |TAMS 0x0000000089900000, 0x0000000089900000| Complete 
| 124|0x0000000089a00000, 0x0000000089b00000, 0x0000000089b00000|100%| E|CS|TAMS 0x0000000089a00000, 0x0000000089a00000| Complete 
| 125|0x0000000089b00000, 0x0000000089c00000, 0x0000000089c00000|100%| E|CS|TAMS 0x0000000089b00000, 0x0000000089b00000| Complete 
| 126|0x0000000089c00000, 0x0000000089d00000, 0x0000000089d00000|100%| E|CS|TAMS 0x0000000089c00000, 0x0000000089c00000| Complete 
| 127|0x0000000089d00000, 0x0000000089e00000, 0x0000000089e00000|100%| E|CS|TAMS 0x0000000089d00000, 0x0000000089d00000| Complete 

Card table byte_map: [0x000001f47d0b0000,0x000001f47d4b0000] _byte_map_base: 0x000001f47cca1000

Marking Bits (Prev, Next): (CMBitMap*) 0x000001f476653fe0, (CMBitMap*) 0x000001f476654020
 Prev Bits: [0x000001f47d8b0000, 0x000001f47f838000)
 Next Bits: [0x000001f400000000, 0x000001f401f88000)

Polling page: 0x000001f474540000

Metaspace:

Usage:
  Non-class:      9.74 MB used.
      Class:      1.08 MB used.
       Both:     10.82 MB used.

Virtual space:
  Non-class space:       64.00 MB reserved,       9.81 MB ( 15%) committed,  1 nodes.
      Class space:        1.00 GB reserved,       1.19 MB ( <1%) committed,  1 nodes.
             Both:        1.06 GB reserved,      11.00 MB (  1%) committed. 

Chunk freelists:
   Non-Class:  6.11 MB
       Class:  14.75 MB
        Both:  20.86 MB

MaxMetaspaceSize: unlimited
CompressedClassSpaceSize: 1.00 GB
Initial GC threshold: 21.00 MB
Current GC threshold: 21.00 MB
CDS: off
MetaspaceReclaimPolicy: balanced
 - commit_granule_bytes: 65536.
 - commit_granule_words: 8192.
 - virtual_space_node_default_size: 8388608.
 - enlarge_chunks_in_place: 1.
 - new_chunks_are_fully_committed: 0.
 - uncommit_free_chunks: 1.
 - use_allocation_guard: 0.
 - handle_deallocations: 1.


Internal statistics:

num_allocs_failed_limit: 0.
num_arena_births: 72.
num_arena_deaths: 0.
num_vsnodes_births: 2.
num_vsnodes_deaths: 0.
num_space_committed: 176.
num_space_uncommitted: 0.
num_chunks_returned_to_freelist: 0.
num_chunks_taken_from_freelist: 112.
num_chunk_merges: 0.
num_chunk_splits: 60.
num_chunks_enlarged: 28.
num_inconsistent_stats: 0.

CodeCache: size=49152Kb used=3263Kb max_used=3263Kb free=45888Kb
 bounds [0x000001f479cb0000, 0x000001f479fe0000, 0x000001f47ccb0000]
 total_blobs=1231 nmethods=806 adapters=351
 compilation: disabled (not enough contiguous free space left)
              stopped_count=1, restarted_count=0
 full_count=3

Compilation events (20 events):
Event: 0.726 Thread 0x000001f4081909f0  800       1       java.lang.invoke.MethodHandles$Lookup::hasFullPrivilegeAccess (18 bytes)
Event: 0.726 Thread 0x000001f47faa2ca0  802       1       jdk.internal.org.objectweb.asm.MethodWriter::<init> (232 bytes)
Event: 0.726 Thread 0x000001f408040790  801       1       jdk.internal.org.objectweb.asm.ClassWriter::visitMethod (57 bytes)
Event: 0.726 Thread 0x000001f4081909f0 nmethod 800 0x000001f479fde390 code [0x000001f479fde520, 0x000001f479fde5f8]
Event: 0.726 Thread 0x000001f4081909f0  803       1       jdk.internal.org.objectweb.asm.MethodVisitor::<init> (7 bytes)
Event: 0.727 Thread 0x000001f4081909f0 nmethod 803 0x000001f479fde690 code [0x000001f479fde820, 0x000001f479fde908]
Event: 0.727 Thread 0x000001f4081909f0  804       1       jdk.internal.org.objectweb.asm.MethodWriter::visitMaxs (60 bytes)
Event: 0.727 Thread 0x000001f408040790 nmethod 801 0x000001f479fde990 code [0x000001f479fdeb40, 0x000001f479fdee08]
Event: 0.727 Thread 0x000001f408040790  805       1       jdk.internal.org.objectweb.asm.MethodWriter::visitEnd (1 bytes)
Event: 0.727 Thread 0x000001f4081909f0 nmethod 804 0x000001f479fdef10 code [0x000001f479fdf0c0, 0x000001f479fdf258]
Event: 0.727 Thread 0x000001f408040790 nmethod 805 0x000001f479fdf310 code [0x000001f479fdf4a0, 0x000001f479fdf558]
Event: 0.727 Thread 0x000001f4081909f0  806       1       jdk.internal.org.objectweb.asm.MethodWriter::computeMethodInfoSize (571 bytes)
Event: 0.727 Thread 0x000001f408040790  807       1       jdk.internal.org.objectweb.asm.MethodWriter::hasFrames (13 bytes)
Event: 0.727 Thread 0x000001f408040790 nmethod 807 0x000001f479fdf610 code [0x000001f479fdf7a0, 0x000001f479fdf878]
Event: 0.727 Thread 0x000001f408040790  808       1       java.lang.Class::cast (27 bytes)
Event: 0.727 Thread 0x000001f408040790 nmethod 808 0x000001f479fdf910 code [0x000001f479fdfac0, 0x000001f479fdfc78]
Event: 0.727 Thread 0x000001f408040790  809       1       java.security.AccessController::executePrivileged (65 bytes)
Event: 0.727 Thread 0x000001f47faa2ca0 

Event: 0.727 Thread 0x000001f408040790 

Event: 0.728 Thread 0x000001f4081909f0 


GC Heap History (0 events):
No events

Dll operation events (7 events):
Event: 0.024 Loaded shared library C:\sts-4.19.1.RELEASE\plugins\org.eclipse.justj.openjdk.hotspot.jre.full.win32.x86_64_17.0.7.v20230425-1502\jre\bin\java.dll
Event: 0.371 Loaded shared library C:\sts-4.19.1.RELEASE\plugins\org.eclipse.justj.openjdk.hotspot.jre.full.win32.x86_64_17.0.7.v20230425-1502\jre\bin\jimage.dll
Event: 0.388 Loaded shared library C:\sts-4.19.1.RELEASE\plugins\org.eclipse.justj.openjdk.hotspot.jre.full.win32.x86_64_17.0.7.v20230425-1502\jre\bin\net.dll
Event: 0.390 Loaded shared library C:\sts-4.19.1.RELEASE\plugins\org.eclipse.justj.openjdk.hotspot.jre.full.win32.x86_64_17.0.7.v20230425-1502\jre\bin\nio.dll
Event: 0.395 Loaded shared library C:\sts-4.19.1.RELEASE\plugins\org.eclipse.justj.openjdk.hotspot.jre.full.win32.x86_64_17.0.7.v20230425-1502\jre\bin\zip.dll
Event: 0.474 Loaded shared library C:\sts-4.19.1.RELEASE\plugins\org.eclipse.justj.openjdk.hotspot.jre.full.win32.x86_64_17.0.7.v20230425-1502\jre\bin\management.dll
Event: 0.490 Loaded shared library C:\sts-4.19.1.RELEASE\plugins\org.eclipse.justj.openjdk.hotspot.jre.full.win32.x86_64_17.0.7.v20230425-1502\jre\bin\management_ext.dll

Deoptimization events (0 events):
No events

Classes unloaded (0 events):
No events

Classes redefined (0 events):
No events

Internal exceptions (10 events):
Event: 0.472 Thread 0x000001f4765f8700 Exception <a 'java/lang/NoSuchMethodError'{0x0000000089734ce0}: 'java.lang.Object java.lang.invoke.DirectMethodHandle$Holder.invokeStaticInit(java.lang.Object)'> (0x0000000089734ce0) 
thrown [s\src\hotspot\share\interpreter\linkResolver.cpp, line 759]
Event: 0.495 Thread 0x000001f4765f8700 Exception <a 'java/lang/NoSuchMethodError'{0x000000008974fbb8}: 'int java.lang.invoke.DirectMethodHandle$Holder.invokeInterface(java.lang.Object, java.lang.Object)'> (0x000000008974fbb8) 
thrown [s\src\hotspot\share\interpreter\linkResolver.cpp, line 759]
Event: 0.495 Thread 0x000001f4765f8700 Exception <a 'java/lang/IncompatibleClassChangeError'{0x00000000897531b8}: Found class java.lang.Object, but interface was expected> (0x00000000897531b8) 
thrown [s\src\hotspot\share\interpreter\linkResolver.cpp, line 826]
Event: 0.496 Thread 0x000001f4765f8700 Exception <a 'java/lang/NoSuchMethodError'{0x0000000089758d68}: 'void java.lang.invoke.DirectMethodHandle$Holder.invokeStatic(java.lang.Object, java.lang.Object)'> (0x0000000089758d68) 
thrown [s\src\hotspot\share\interpreter\linkResolver.cpp, line 759]
Event: 0.554 Thread 0x000001f4765f8700 Exception <a 'java/lang/NoSuchMethodError'{0x0000000089626cd8}: 'int java.lang.invoke.DirectMethodHandle$Holder.invokeSpecial(java.lang.Object, java.lang.Object, java.lang.Object)'> (0x0000000089626cd8) 
thrown [s\src\hotspot\share\interpreter\linkResolver.cpp, line 759]
Event: 0.609 Thread 0x000001f4765f8700 Exception <a 'java/lang/NoSuchMethodError'{0x0000000089531a18}: 'void java.lang.invoke.DirectMethodHandle$Holder.invokeStatic(java.lang.Object, java.lang.Object, java.lang.Object)'> (0x0000000089531a18) 
thrown [s\src\hotspot\share\interpreter\linkResolver.cpp, line 759]
Event: 0.638 Thread 0x000001f4765f8700 Exception <a 'java/lang/NoSuchMethodError'{0x000000008957c0a8}: 'int java.lang.invoke.DirectMethodHandle$Holder.invokeSpecialIFC(java.lang.Object, java.lang.Object, java.lang.Object)'> (0x000000008957c0a8) 
thrown [s\src\hotspot\share\interpreter\linkResolver.cpp, line 759]
Event: 0.666 Thread 0x000001f4765f8700 Exception <a 'java/lang/NoSuchMethodError'{0x00000000895f29d0}: 'java.lang.Object java.lang.invoke.DirectMethodHandle$Holder.invokeStaticInit(java.lang.Object, int, int, int, int)'> (0x00000000895f29d0) 
thrown [s\src\hotspot\share\interpreter\linkResolver.cpp, line 759]
Event: 0.714 Thread 0x000001f4765f8700 Exception <a 'java/lang/NoSuchMethodError'{0x0000000089430b28}: 'java.lang.Object java.lang.invoke.DirectMethodHandle$Holder.invokeStaticInit(java.lang.Object, java.lang.Object, int, int, int, int)'> (0x0000000089430b28) 
thrown [s\src\hotspot\share\interpreter\linkResolver.cpp, line 759]
Event: 0.725 Thread 0x000001f4765f8700 Exception <a 'java/lang/ClassNotFoundException'{0x000000008944c298}: javax/management/remote/rmi/RMIServerImpl_Skel> (0x000000008944c298) 
thrown [s\src\hotspot\share\classfile\systemDictionary.cpp, line 256]

VM Operations (8 events):
Event: 0.348 Executing VM operation: HandshakeAllThreads
Event: 0.348 Executing VM operation: HandshakeAllThreads done
Event: 0.621 Executing VM operation: HandshakeAllThreads
Event: 0.621 Executing VM operation: HandshakeAllThreads done
Event: 0.654 Executing VM operation: HandshakeAllThreads
Event: 0.654 Executing VM operation: HandshakeAllThreads done
Event: 0.725 Executing VM operation: HandshakeAllThreads
Event: 0.725 Executing VM operation: HandshakeAllThreads done

Events (20 events):
Event: 0.725 loading class sun/rmi/transport/Target done
Event: 0.725 loading class sun/rmi/transport/WeakRef
Event: 0.725 loading class sun/rmi/transport/WeakRef done
Event: 0.725 loading class sun/rmi/transport/ObjectTable
Event: 0.726 loading class sun/rmi/transport/ObjectTable done
Event: 0.726 loading class sun/rmi/transport/DGCImpl
Event: 0.726 loading class java/rmi/dgc/DGC
Event: 0.726 loading class java/rmi/dgc/DGC done
Event: 0.726 loading class sun/rmi/transport/DGCImpl done
Event: 0.728 loading class sun/rmi/runtime/RuntimeUtil$GetInstanceAction
Event: 0.728 loading class sun/rmi/runtime/RuntimeUtil$GetInstanceAction done
Event: 0.728 loading class sun/rmi/runtime/RuntimeUtil
Event: 0.728 loading class sun/rmi/runtime/RuntimeUtil done
Event: 0.729 loading class java/util/concurrent/ScheduledThreadPoolExecutor
Event: 0.729 loading class java/util/concurrent/ScheduledExecutorService
Event: 0.729 loading class java/util/concurrent/ScheduledExecutorService done
Event: 0.729 loading class java/util/concurrent/ScheduledThreadPoolExecutor done
Event: 0.729 loading class sun/rmi/runtime/RuntimeUtil$1
Event: 0.729 loading class sun/rmi/runtime/RuntimeUtil$1 done
Event: 0.729 loading class java/util/concurrent/ScheduledThreadPoolExecutor$DelayedWorkQueue


Dynamic libraries:
0x00007ff7fd5e0000 - 0x00007ff7fd5ee000 	C:\sts-4.19.1.RELEASE\plugins\org.eclipse.justj.openjdk.hotspot.jre.full.win32.x86_64_17.0.7.v20230425-1502\jre\bin\javaw.exe
0x00007fff95650000 - 0x00007fff95848000 	C:\WINDOWS\SYSTEM32\ntdll.dll
0x00007fff93e00000 - 0x00007fff93ebf000 	C:\WINDOWS\System32\KERNEL32.DLL
0x00007fff92f60000 - 0x00007fff93256000 	C:\WINDOWS\System32\KERNELBASE.dll
0x00007fff92de0000 - 0x00007fff92ee0000 	C:\WINDOWS\System32\ucrtbase.dll
0x00007fff59390000 - 0x00007fff593a7000 	C:\sts-4.19.1.RELEASE\plugins\org.eclipse.justj.openjdk.hotspot.jre.full.win32.x86_64_17.0.7.v20230425-1502\jre\bin\jli.dll
0x00007fff93c60000 - 0x00007fff93dfd000 	C:\WINDOWS\System32\USER32.dll
0x00007fff92ee0000 - 0x00007fff92f02000 	C:\WINDOWS\System32\win32u.dll
0x00007fff936c0000 - 0x00007fff936ec000 	C:\WINDOWS\System32\GDI32.dll
0x00007fff93390000 - 0x00007fff934a5000 	C:\WINDOWS\System32\gdi32full.dll
0x00007fff93610000 - 0x00007fff936ad000 	C:\WINDOWS\System32\msvcp_win.dll
0x00007fff5dca0000 - 0x00007fff5dcb9000 	C:\sts-4.19.1.RELEASE\plugins\org.eclipse.justj.openjdk.hotspot.jre.full.win32.x86_64_17.0.7.v20230425-1502\jre\bin\VCRUNTIME140.dll
0x00007fff80e90000 - 0x00007fff8112a000 	C:\WINDOWS\WinSxS\amd64_microsoft.windows.common-controls_6595b64144ccf1df_6.0.19041.1110_none_60b5254171f9507e\COMCTL32.dll
0x00007fff954f0000 - 0x00007fff9558e000 	C:\WINDOWS\System32\msvcrt.dll
0x00007fff94730000 - 0x00007fff94760000 	C:\WINDOWS\System32\IMM32.DLL
0x00007fff7f1c0000 - 0x00007fff7f1cc000 	C:\sts-4.19.1.RELEASE\plugins\org.eclipse.justj.openjdk.hotspot.jre.full.win32.x86_64_17.0.7.v20230425-1502\jre\bin\vcruntime140_1.dll
0x00007fff3ef70000 - 0x00007fff3f001000 	C:\sts-4.19.1.RELEASE\plugins\org.eclipse.justj.openjdk.hotspot.jre.full.win32.x86_64_17.0.7.v20230425-1502\jre\bin\msvcp140.dll
0x00007fff3f3d0000 - 0x00007fff40018000 	C:\sts-4.19.1.RELEASE\plugins\org.eclipse.justj.openjdk.hotspot.jre.full.win32.x86_64_17.0.7.v20230425-1502\jre\bin\server\jvm.dll
0x00007fff93bb0000 - 0x00007fff93c5f000 	C:\WINDOWS\System32\ADVAPI32.dll
0x00007fff94d00000 - 0x00007fff94d9c000 	C:\WINDOWS\System32\sechost.dll
0x00007fff94760000 - 0x00007fff94886000 	C:\WINDOWS\System32\RPCRT4.dll
0x00007fff7bbe0000 - 0x00007fff7bbe9000 	C:\WINDOWS\SYSTEM32\WSOCK32.dll
0x00007fff93ec0000 - 0x00007fff93f2b000 	C:\WINDOWS\System32\WS2_32.dll
0x00007fff79130000 - 0x00007fff79157000 	C:\WINDOWS\SYSTEM32\WINMM.dll
0x00007fff8caf0000 - 0x00007fff8cafa000 	C:\WINDOWS\SYSTEM32\VERSION.dll
0x00007fff915b0000 - 0x00007fff915c2000 	C:\WINDOWS\SYSTEM32\kernel.appcore.dll
0x00007fff8dc40000 - 0x00007fff8dc4a000 	C:\sts-4.19.1.RELEASE\plugins\org.eclipse.justj.openjdk.hotspot.jre.full.win32.x86_64_17.0.7.v20230425-1502\jre\bin\jimage.dll
0x00007fff91350000 - 0x00007fff91534000 	C:\WINDOWS\SYSTEM32\DBGHELP.DLL
0x00007fff7b490000 - 0x00007fff7b4c4000 	C:\WINDOWS\SYSTEM32\dbgcore.DLL
0x00007fff93260000 - 0x00007fff932e2000 	C:\WINDOWS\System32\bcryptPrimitives.dll
0x00007fff8c940000 - 0x00007fff8c965000 	C:\sts-4.19.1.RELEASE\plugins\org.eclipse.justj.openjdk.hotspot.jre.full.win32.x86_64_17.0.7.v20230425-1502\jre\bin\java.dll
0x00007fff7f280000 - 0x00007fff7f298000 	C:\sts-4.19.1.RELEASE\plugins\org.eclipse.justj.openjdk.hotspot.jre.full.win32.x86_64_17.0.7.v20230425-1502\jre\bin\zip.dll
0x00007fff94da0000 - 0x00007fff954e4000 	C:\WINDOWS\System32\SHELL32.dll
0x00007fff90a70000 - 0x00007fff91203000 	C:\WINDOWS\SYSTEM32\windows.storage.dll
0x00007fff941d0000 - 0x00007fff94524000 	C:\WINDOWS\System32\combase.dll
0x00007fff92770000 - 0x00007fff9279e000 	C:\WINDOWS\SYSTEM32\Wldp.dll
0x00007fff94680000 - 0x00007fff9472d000 	C:\WINDOWS\System32\SHCORE.dll
0x00007fff93a20000 - 0x00007fff93a75000 	C:\WINDOWS\System32\shlwapi.dll
0x00007fff92c60000 - 0x00007fff92c85000 	C:\WINDOWS\SYSTEM32\profapi.dll
0x00007fff7f260000 - 0x00007fff7f279000 	C:\sts-4.19.1.RELEASE\plugins\org.eclipse.justj.openjdk.hotspot.jre.full.win32.x86_64_17.0.7.v20230425-1502\jre\bin\net.dll
0x00007fff89d60000 - 0x00007fff89e6a000 	C:\WINDOWS\SYSTEM32\WINHTTP.dll
0x00007fff924d0000 - 0x00007fff9253a000 	C:\WINDOWS\system32\mswsock.dll
0x00007fff7f240000 - 0x00007fff7f255000 	C:\sts-4.19.1.RELEASE\plugins\org.eclipse.justj.openjdk.hotspot.jre.full.win32.x86_64_17.0.7.v20230425-1502\jre\bin\nio.dll
0x00007fff8d820000 - 0x00007fff8d829000 	C:\sts-4.19.1.RELEASE\plugins\org.eclipse.justj.openjdk.hotspot.jre.full.win32.x86_64_17.0.7.v20230425-1502\jre\bin\management.dll
0x00007fff84c30000 - 0x00007fff84c3b000 	C:\sts-4.19.1.RELEASE\plugins\org.eclipse.justj.openjdk.hotspot.jre.full.win32.x86_64_17.0.7.v20230425-1502\jre\bin\management_ext.dll
0x00007fff936b0000 - 0x00007fff936b8000 	C:\WINDOWS\System32\PSAPI.DLL
0x00007fff69040000 - 0x00007fff69057000 	C:\WINDOWS\system32\napinsp.dll
0x00007fff69020000 - 0x00007fff6903b000 	C:\WINDOWS\system32\pnrpnsp.dll
0x00007fff6b580000 - 0x00007fff6b595000 	C:\WINDOWS\system32\wshbth.dll
0x00007fff8f730000 - 0x00007fff8f74d000 	C:\WINDOWS\system32\NLAapi.dll
0x00007fff92170000 - 0x00007fff921ab000 	C:\WINDOWS\SYSTEM32\IPHLPAPI.DLL
0x00007fff921b0000 - 0x00007fff9227a000 	C:\WINDOWS\SYSTEM32\DNSAPI.dll
0x00007fff936f0000 - 0x00007fff936f8000 	C:\WINDOWS\System32\NSI.dll
0x00007fff69060000 - 0x00007fff69072000 	C:\WINDOWS\System32\winrnr.dll
0x00007fff85220000 - 0x00007fff8522a000 	C:\Windows\System32\rasadhlp.dll
0x00007fff83c70000 - 0x00007fff83cf2000 	C:\WINDOWS\System32\fwpuclnt.dll
0x00007fff932f0000 - 0x00007fff93317000 	C:\WINDOWS\System32\bcrypt.dll
0x00007fff926c0000 - 0x00007fff926d8000 	C:\WINDOWS\SYSTEM32\CRYPTSP.dll
0x00007fff91d70000 - 0x00007fff91da4000 	C:\WINDOWS\system32\rsaenh.dll
0x00007fff92c20000 - 0x00007fff92c4e000 	C:\WINDOWS\SYSTEM32\USERENV.dll
0x00007fff926e0000 - 0x00007fff926ec000 	C:\WINDOWS\SYSTEM32\CRYPTBASE.dll
0x00007fff8bc50000 - 0x00007fff8bc67000 	C:\WINDOWS\SYSTEM32\dhcpcsvc6.DLL
0x00007fff8b750000 - 0x00007fff8b76d000 	C:\WINDOWS\SYSTEM32\dhcpcsvc.DLL

dbghelp: loaded successfully - version: 4.0.5 - missing functions: none
symbol engine: initialized successfully - sym options: 0x614 - pdb path: .;C:\sts-4.19.1.RELEASE\plugins\org.eclipse.justj.openjdk.hotspot.jre.full.win32.x86_64_17.0.7.v20230425-1502\jre\bin;C:\WINDOWS\SYSTEM32;C:\WINDOWS\WinSxS\amd64_microsoft.windows.common-controls_6595b64144ccf1df_6.0.19041.1110_none_60b5254171f9507e;C:\sts-4.19.1.RELEASE\plugins\org.eclipse.justj.openjdk.hotspot.jre.full.win32.x86_64_17.0.7.v20230425-1502\jre\bin\server

VM Arguments:
jvm_args: -Dcom.sun.management.jmxremote -Dcom.sun.management.jmxremote.port=52367 -Dcom.sun.management.jmxremote.authenticate=false -Dcom.sun.management.jmxremote.ssl=false -Djava.rmi.server.hostname=localhost -Dspring.jmx.enabled=true -Dmanagement.endpoints.jmx.exposure.include=* -Dspring.application.admin.enabled=true -XX:TieredStopAtLevel=1 -Dspring.boot.project.name=loja_virtual_mentoria -Dfile.encoding=UTF-8 -XX:+ShowCodeDetailsInExceptionMessages 
java_command: jdev.mentoria.lojavirtual.LojaVirtualMentoriaApplication --spring.output.ansi.enabled=always
java_class_path (initial): C:\Users\Lenovo\Documents\workspace-spring-tool-suite-4-4.19.1.RELEASE\loja_virtual_mentoria\target\classes;C:\Users\Lenovo\.m2\repository\org\springframework\boot\spring-boot-starter-data-jpa\3.1.3\spring-boot-starter-data-jpa-3.1.3.jar;C:\Users\Lenovo\.m2\repository\org\springframework\boot\spring-boot-starter-aop\3.1.3\spring-boot-starter-aop-3.1.3.jar;C:\Users\Lenovo\.m2\repository\org\aspectj\aspectjweaver\1.9.20\aspectjweaver-1.9.20.jar;C:\Users\Lenovo\.m2\repository\org\springframework\boot\spring-boot-starter-jdbc\3.1.3\spring-boot-starter-jdbc-3.1.3.jar;C:\Users\Lenovo\.m2\repository\com\zaxxer\HikariCP\5.0.1\HikariCP-5.0.1.jar;C:\Users\Lenovo\.m2\repository\org\springframework\spring-jdbc\6.0.11\spring-jdbc-6.0.11.jar;C:\Users\Lenovo\.m2\repository\org\hibernate\orm\hibernate-core\6.2.7.Final\hibernate-core-6.2.7.Final.jar;C:\Users\Lenovo\.m2\repository\jakarta\persistence\jakarta.persistence-api\3.1.0\jakarta.persistence-api-3.1.0.jar;C:\Users\Lenovo\.m2\repository\jakarta\transaction\jakarta.transaction-api\2.0.1\jakarta.transaction-api-2.0.1.jar;C:\Users\Lenovo\.m2\repository\org\jboss\logging\jboss-logging\3.5.3.Final\jboss-logging-3.5.3.Final.jar;C:\Users\Lenovo\.m2\repository\org\hibernate\common\hibernate-commons-annotations\6.0.6.Final\hibernate-commons-annotations-6.0.6.Final.jar;C:\Users\Lenovo\.m2\repository\io\smallrye\jandex\3.0.5\jandex-3.0.5.jar;C:\Users\Lenovo\.m2\repository\com\fasterxml\classmate\1.5.1\classmate-1.5.1.jar;C:\Users\Lenovo\.m2\repository\net\bytebuddy\byte-buddy\1.14.6\byte-buddy-1.14.6.jar;C:\Users\Lenovo\.m2\repository\jakarta\inject\jakarta.inject-api\2.0.1\jakarta.inject-api-2.0.1.jar;C:\Users\Lenovo\.m2\repository\org\antlr\antlr4-runtime\4.10.1\antlr4-runtime-4.10.1.jar;C:\Users\Lenovo\.m2\repository\org\springframework\data\spring-data-jpa\3.1.3\spring-data-jpa-3.1.3.jar;C:\Users\Lenovo\.m2\repository\org\springframework\data\spring-data-commons\3.1.3\spring-data-commons-3.1.3.jar;C:\User
Launcher Type: SUN_STANDARD

[Global flags]
     intx CICompilerCount                          = 3                                         {product} {ergonomic}
     uint ConcGCThreads                            = 1                                         {product} {ergonomic}
     uint G1ConcRefinementThreads                  = 4                                         {product} {ergonomic}
   size_t G1HeapRegionSize                         = 1048576                                   {product} {ergonomic}
    uintx GCDrainStackTargetSize                   = 64                                        {product} {ergonomic}
   size_t InitialHeapSize                          = 134217728                                 {product} {ergonomic}
     bool ManagementServer                         = true                                      {product} {command line}
   size_t MarkStackSize                            = 4194304                                   {product} {ergonomic}
   size_t MaxHeapSize                              = 2116026368                                {product} {ergonomic}
   size_t MaxNewSize                               = 1268776960                                {product} {ergonomic}
   size_t MinHeapDeltaBytes                        = 1048576                                   {product} {ergonomic}
   size_t MinHeapSize                              = 8388608                                   {product} {ergonomic}
    uintx NonProfiledCodeHeapSize                  = 0                                      {pd product} {ergonomic}
     bool ProfileInterpreter                       = false                                  {pd product} {command line}
    uintx ProfiledCodeHeapSize                     = 0                                      {pd product} {ergonomic}
     bool ShowCodeDetailsInExceptionMessages       = true                                   {manageable} {command line}
   size_t SoftMaxHeapSize                          = 2116026368                             {manageable} {ergonomic}
     intx TieredStopAtLevel                        = 1                                         {product} {command line}
     bool UseCompressedClassPointers               = true                           {product lp64_product} {ergonomic}
     bool UseCompressedOops                        = true                           {product lp64_product} {ergonomic}
     bool UseG1GC                                  = true                                      {product} {ergonomic}
     bool UseLargePagesIndividualAllocation        = false                                  {pd product} {ergonomic}

Logging:
Log output configuration:
 #0: stdout all=warning uptime,level,tags
 #1: stderr all=off uptime,level,tags

Environment Variables:
JAVA_HOME=C:\Program Files\Java\jdk-16.0.2
CLASSPATH=.;C:\Program Files\Java\jdk-16.0.2\lib
PATH=C:/sts-4.19.1.RELEASE//plugins/org.eclipse.justj.openjdk.hotspot.jre.full.win32.x86_64_17.0.7.v20230425-1502/jre/bin/server;C:/sts-4.19.1.RELEASE//plugins/org.eclipse.justj.openjdk.hotspot.jre.full.win32.x86_64_17.0.7.v20230425-1502/jre/bin;C:\Program Files\Java\jdk-16.0.2;C:\Program Files\Java\jdk-16.0.2\bin;C:\apache-tomcat-10.0.12\bin;C:\Program Files\Common Files\Oracle\Java\javapath;C:\Windows\system32;C:\Windows;C:\Windows\System32\Wbem;C:\Windows\System32\WindowsPowerShell\v1.0\;C:\Program Files (x86)\NVIDIA Corporation\PhysX\Common;C:\WINDOWS\system32;C:\WINDOWS;C:\WINDOWS\System32\Wbem;C:\WINDOWS\System32\WindowsPowerShell\v1.0\;C:\WINDOWS\System32\OpenSSH\;C:\Program Files\NVIDIA Corporation\NVIDIA NvDLISR;C:\apache-maven-3.8.5\bin;C:\Program Files\Git\cmd;C:\Users\Lenovo\AppData\Local\Microsoft\WindowsApps;C:\Program Files\JetBrains\IntelliJ IDEA 2023.2\bin;;C:\sts-4.19.1.RELEASE;
USERNAME=Lenovo
OS=Windows_NT
PROCESSOR_IDENTIFIER=Intel64 Family 6 Model 142 Stepping 9, GenuineIntel
TMP=C:\Users\Lenovo\AppData\Local\Temp
TEMP=C:\Users\Lenovo\AppData\Local\Temp



---------------  S Y S T E M  ---------------

OS:
 Windows 10 , 64 bit Build 19041 (10.0.19041.3155)
OS uptime: 12 days 10:10 hours

CPU: total 4 (initial active 4) (2 cores per cpu, 2 threads per core) family 6 model 142 stepping 9 microcode 0xd6, cx8, cmov, fxsr, ht, mmx, 3dnowpref, sse, sse2, sse3, ssse3, sse4.1, sse4.2, popcnt, lzcnt, tsc, tscinvbit, avx, avx2, aes, erms, clmul, bmi1, bmi2, adx, fma, vzeroupper, clflush, clflushopt

Memory: 4k page, system-wide physical 8066M (1027M free)
TotalPageFile size 11266M (AvailPageFile size 4M)
current process WorkingSet (physical memory assigned to process): 53M, peak: 53M
current process commit charge ("private bytes"): 203M, peak: 203M

vm_info: OpenJDK 64-Bit Server VM (17.0.7+7) for windows-amd64 JRE (17.0.7+7), built on Apr 18 2023 22:10:42 by "temurin" with MS VC++ 16.7 (VS2019)

END.
