#
# There is insufficient memory for the Java Runtime Environment to continue.
# Native memory allocation (mmap) failed to map 65536 bytes for Failed to commit metaspace.
# Possible reasons:
#   The system is out of physical RAM or swap space
#   The process is running with CompressedOops enabled, and the Java Heap may be blocking the growth of the native heap
# Possible solutions:
#   Reduce memory load on the system
#   Increase physical memory or swap space
#   Check if swap backing store is full
#   Decrease Java heap size (-Xmx/-Xms)
#   Decrease number of Java threads
#   Decrease Java thread stack sizes (-Xss)
#   Set larger code cache with -XX:ReservedCodeCacheSize=
#   JVM is running with Unscaled Compressed Oops mode in which the Java heap is
#     placed in the first 4GB address space. The Java Heap base address is the
#     maximum limit for the native heap growth. Please use -XX:HeapBaseMinAddress
#     to set the Java Heap base and to place the Java Heap above 4GB virtual address.
# This output file may be truncated or incomplete.
#
#  Out of Memory Error (virtualSpaceNode.cpp:110), pid=3820, tid=19292
#
# JRE version: OpenJDK Runtime Environment Temurin-17.0.7+7 (17.0.7+7) (build 17.0.7+7)
# Java VM: OpenJDK 64-Bit Server VM Temurin-17.0.7+7 (17.0.7+7, mixed mode, emulated-client, tiered, compressed oops, compressed class ptrs, g1 gc, windows-amd64)
# No core dump will be written. Minidumps are not enabled by default on client versions of Windows
#

---------------  S U M M A R Y ------------

Command Line: -Dcom.sun.management.jmxremote -Dcom.sun.management.jmxremote.port=52347 -Dcom.sun.management.jmxremote.authenticate=false -Dcom.sun.management.jmxremote.ssl=false -Djava.rmi.server.hostname=localhost -Dspring.jmx.enabled=true -Dmanagement.endpoints.jmx.exposure.include=* -Dspring.application.admin.enabled=true -XX:TieredStopAtLevel=1 -Dspring.boot.project.name=loja_virtual_mentoria -Dfile.encoding=UTF-8 -XX:+ShowCodeDetailsInExceptionMessages jdev.mentoria.lojavirtual.LojaVirtualMentoriaApplication --spring.output.ansi.enabled=always

Host: Intel(R) Core(TM) i5-7200U CPU @ 2.50GHz, 4 cores, 7G,  Windows 10 , 64 bit Build 19041 (10.0.19041.3155)
Time: Sat Sep 16 07:24:34 2023 Hora oficial do Brasil elapsed time: 1.241996 seconds (0d 0h 0m 1s)

---------------  T H R E A D  ---------------

Current thread (0x000001edfea79090):  JavaThread "restartedMain" [_thread_in_vm, id=19292, stack(0x0000004b79800000,0x0000004b79900000)]

Stack: [0x0000004b79800000,0x0000004b79900000]
Native frames: (J=compiled Java code, j=interpreted, Vv=VM code, C=native code)
V  [jvm.dll+0x67754a]
V  [jvm.dll+0x834304]
V  [jvm.dll+0x835aae]
V  [jvm.dll+0x836113]
V  [jvm.dll+0x24696f]
V  [jvm.dll+0x83039b]
V  [jvm.dll+0x61c006]
V  [jvm.dll+0x1c169e]
V  [jvm.dll+0x61e961]
V  [jvm.dll+0x61c9a6]
V  [jvm.dll+0x23aeff]
V  [jvm.dll+0x626845]
V  [jvm.dll+0x1eb47b]
V  [jvm.dll+0x1eb9b5]
V  [jvm.dll+0x1ec3ef]
V  [jvm.dll+0x1e1891]
V  [jvm.dll+0x53ea50]
V  [jvm.dll+0x7afc28]
V  [jvm.dll+0x7afd14]
V  [jvm.dll+0x40de05]
V  [jvm.dll+0x413f58]
C  [java.dll+0x17ec]

Java frames: (J=compiled Java code, j=interpreted, Vv=VM code)
J 1237  java.lang.ClassLoader.defineClass1(Ljava/lang/ClassLoader;Ljava/lang/String;[BIILjava/security/ProtectionDomain;Ljava/lang/String;)Ljava/lang/Class; java.base@17.0.7 (0 bytes) @ 0x000001edefb5445b [0x000001edefb543a0+0x00000000000000bb]
J 1264 c1 java.lang.ClassLoader.defineClass(Ljava/lang/String;[BIILjava/security/ProtectionDomain;)Ljava/lang/Class; java.base@17.0.7 (43 bytes) @ 0x000001edefb61d5c [0x000001edefb61c60+0x00000000000000fc]
J 1267 c1 jdk.internal.loader.BuiltinClassLoader.defineClass(Ljava/lang/String;Ljdk/internal/loader/Resource;)Ljava/lang/Class; java.base@17.0.7 (121 bytes) @ 0x000001edefb63b44 [0x000001edefb636a0+0x00000000000004a4]
J 1254 c1 jdk.internal.loader.BuiltinClassLoader.findClassOnClassPathOrNull(Ljava/lang/String;)Ljava/lang/Class; java.base@17.0.7 (64 bytes) @ 0x000001edefb5e7c4 [0x000001edefb5e520+0x00000000000002a4]
J 976 c1 jdk.internal.loader.BuiltinClassLoader.loadClassOrNull(Ljava/lang/String;Z)Ljava/lang/Class; java.base@17.0.7 (143 bytes) @ 0x000001edefae87c4 [0x000001edefae8380+0x0000000000000444]
J 1175 c1 jdk.internal.loader.ClassLoaders$AppClassLoader.loadClass(Ljava/lang/String;Z)Ljava/lang/Class; java.base@17.0.7 (40 bytes) @ 0x000001edefb3bfa4 [0x000001edefb3be60+0x0000000000000144]
J 1152 c1 java.lang.ClassLoader.loadClass(Ljava/lang/String;)Ljava/lang/Class; java.base@17.0.7 (7 bytes) @ 0x000001edefb32764 [0x000001edefb32720+0x0000000000000044]
v  ~StubRoutines::call_stub
j  org.springframework.core.annotation.AnnotationTypeMappings.addIfPossible(Ljava/util/Deque;Lorg/springframework/core/annotation/AnnotationTypeMapping;Ljava/lang/Class;Ljava/lang/annotation/Annotation;)V+1
j  org.springframework.core.annotation.AnnotationTypeMappings.addAllMappings(Ljava/lang/Class;)V+13
j  org.springframework.core.annotation.AnnotationTypeMappings.<init>(Lorg/springframework/core/annotation/RepeatableContainers;Lorg/springframework/core/annotation/AnnotationFilter;Ljava/lang/Class;)V+27
j  org.springframework.core.annotation.AnnotationTypeMappings$Cache.createMappings(Ljava/lang/Class;)Lorg/springframework/core/annotation/AnnotationTypeMappings;+13
j  org.springframework.core.annotation.AnnotationTypeMappings$Cache$$Lambda$178+0x00000001001b6000.apply(Ljava/lang/Object;)Ljava/lang/Object;+8
j  java.util.concurrent.ConcurrentMap.computeIfAbsent(Ljava/lang/Object;Ljava/util/function/Function;)Ljava/lang/Object;+19 java.base@17.0.7
j  org.springframework.core.annotation.AnnotationTypeMappings$Cache.get(Ljava/lang/Class;)Lorg/springframework/core/annotation/AnnotationTypeMappings;+11
j  org.springframework.core.annotation.AnnotationTypeMappings.forAnnotationType(Ljava/lang/Class;Lorg/springframework/core/annotation/RepeatableContainers;Lorg/springframework/core/annotation/AnnotationFilter;)Lorg/springframework/core/annotation/AnnotationTypeMappings;+26
j  org.springframework.core.annotation.TypeMappedAnnotations$MergedAnnotationFinder.process(Ljava/lang/Object;ILjava/lang/Object;Ljava/lang/annotation/Annotation;)Lorg/springframework/core/annotation/MergedAnnotation;+50
j  org.springframework.core.annotation.TypeMappedAnnotations$MergedAnnotationFinder.doWithAnnotations(Ljava/lang/Object;ILjava/lang/Object;[Ljava/lang/annotation/Annotation;)Lorg/springframework/core/annotation/MergedAnnotation;+54
j  org.springframework.core.annotation.TypeMappedAnnotations$MergedAnnotationFinder.doWithAnnotations(Ljava/lang/Object;ILjava/lang/Object;[Ljava/lang/annotation/Annotation;)Ljava/lang/Object;+6
j  org.springframework.core.annotation.AnnotationsScanner.processClassHierarchy(Ljava/lang/Object;[ILjava/lang/Class;Lorg/springframework/core/annotation/AnnotationsProcessor;ZLjava/util/function/Predicate;)Ljava/lang/Object;+44
j  org.springframework.core.annotation.AnnotationsScanner.processClassHierarchy(Ljava/lang/Object;Ljava/lang/Class;Lorg/springframework/core/annotation/AnnotationsProcessor;ZLjava/util/function/Predicate;)Ljava/lang/Object;+13
j  org.springframework.core.annotation.AnnotationsScanner.processClass(Ljava/lang/Object;Ljava/lang/Class;Lorg/springframework/core/annotation/MergedAnnotations$SearchStrategy;Ljava/util/function/Predicate;Lorg/springframework/core/annotation/AnnotationsProcessor;)Ljava/lang/Object;+89
j  org.springframework.core.annotation.AnnotationsScanner.process(Ljava/lang/Object;Ljava/lang/reflect/AnnotatedElement;Lorg/springframework/core/annotation/MergedAnnotations$SearchStrategy;Ljava/util/function/Predicate;Lorg/springframework/core/annotation/AnnotationsProcessor;)Ljava/lang/Object;+20
j  org.springframework.core.annotation.AnnotationsScanner.scan(Ljava/lang/Object;Ljava/lang/reflect/AnnotatedElement;Lorg/springframework/core/annotation/MergedAnnotations$SearchStrategy;Ljava/util/function/Predicate;Lorg/springframework/core/annotation/AnnotationsProcessor;)Ljava/lang/Object;+6
j  org.springframework.core.annotation.TypeMappedAnnotations.scan(Ljava/lang/Object;Lorg/springframework/core/annotation/AnnotationsProcessor;)Ljava/lang/Object;+60
j  org.springframework.core.annotation.TypeMappedAnnotations.get(Ljava/lang/Class;Ljava/util/function/Predicate;Lorg/springframework/core/annotation/MergedAnnotationSelector;)Lorg/springframework/core/annotation/MergedAnnotation;+30
j  org.springframework.core.annotation.TypeMappedAnnotations.get(Ljava/lang/Class;)Lorg/springframework/core/annotation/MergedAnnotation;+4
j  org.springframework.core.annotation.OrderUtils.findOrder(Lorg/springframework/core/annotation/MergedAnnotations;)Ljava/lang/Integer;+3
j  org.springframework.core.annotation.OrderUtils.getOrderFromAnnotations(Ljava/lang/reflect/AnnotatedElement;Lorg/springframework/core/annotation/MergedAnnotations;)Ljava/lang/Integer;+45
j  org.springframework.core.annotation.AnnotationAwareOrderComparator.findOrderFromAnnotation(Ljava/lang/Object;)Ljava/lang/Integer;+31
j  org.springframework.core.annotation.AnnotationAwareOrderComparator.findOrder(Ljava/lang/Object;)Ljava/lang/Integer;+14
j  org.springframework.core.OrderComparator.getOrder(Ljava/lang/Object;)I+6
j  org.springframework.core.OrderComparator.getOrder(Ljava/lang/Object;Lorg/springframework/core/OrderComparator$OrderSourceProvider;)I+107
j  org.springframework.core.OrderComparator.doCompare(Ljava/lang/Object;Ljava/lang/Object;Lorg/springframework/core/OrderComparator$OrderSourceProvider;)I+39
j  org.springframework.core.OrderComparator.compare(Ljava/lang/Object;Ljava/lang/Object;)I+4
j  java.util.TimSort.countRunAndMakeAscending([Ljava/lang/Object;IILjava/util/Comparator;)I+43 java.base@17.0.7
j  java.util.TimSort.sort([Ljava/lang/Object;IILjava/util/Comparator;[Ljava/lang/Object;II)V+60 java.base@17.0.7
j  java.util.Arrays.sort([Ljava/lang/Object;IILjava/util/Comparator;)V+43 java.base@17.0.7
j  java.util.ArrayList.sort(Ljava/util/Comparator;)V+15 java.base@17.0.7
j  org.springframework.core.annotation.AnnotationAwareOrderComparator.sort(Ljava/util/List;)V+14
j  org.springframework.core.io.support.SpringFactoriesLoader.load(Ljava/lang/Class;Lorg/springframework/core/io/support/SpringFactoriesLoader$ArgumentResolver;Lorg/springframework/core/io/support/SpringFactoriesLoader$FailureHandler;)Ljava/util/List;+124
j  org.springframework.core.io.support.SpringFactoriesLoader.load(Ljava/lang/Class;)Ljava/util/List;+4
j  org.springframework.core.io.support.SpringFactoriesLoader.loadFactories(Ljava/lang/Class;Ljava/lang/ClassLoader;)Ljava/util/List;+5
j  org.springframework.boot.logging.LoggingSystemFactory.lambda$fromSpringFactories$0(Ljava/lang/ClassLoader;)Ljava/util/List;+3
j  org.springframework.boot.logging.LoggingSystemFactory$$Lambda$173+0x00000001001b0fc0.apply(Ljava/lang/Object;)Ljava/lang/Object;+4
j  org.springframework.boot.logging.DelegatingLoggingSystemFactory.getLoggingSystem(Ljava/lang/ClassLoader;)Lorg/springframework/boot/logging/LoggingSystem;+12
j  org.springframework.boot.logging.LoggingSystem.get(Ljava/lang/ClassLoader;)Lorg/springframework/boot/logging/LoggingSystem;+41
j  org.springframework.boot.context.logging.LoggingApplicationListener.onApplicationStartingEvent(Lorg/springframework/boot/context/event/ApplicationStartingEvent;)V+8
j  org.springframework.boot.context.logging.LoggingApplicationListener.onApplicationEvent(Lorg/springframework/context/ApplicationEvent;)V+14
j  org.springframework.context.event.SimpleApplicationEventMulticaster.doInvokeListener(Lorg/springframework/context/ApplicationListener;Lorg/springframework/context/ApplicationEvent;)V+2
j  org.springframework.context.event.SimpleApplicationEventMulticaster.invokeListener(Lorg/springframework/context/ApplicationListener;Lorg/springframework/context/ApplicationEvent;)V+34
j  org.springframework.context.event.SimpleApplicationEventMulticaster.multicastEvent(Lorg/springframework/context/ApplicationEvent;Lorg/springframework/core/ResolvableType;)V+82
j  org.springframework.context.event.SimpleApplicationEventMulticaster.multicastEvent(Lorg/springframework/context/ApplicationEvent;)V+3
j  org.springframework.boot.context.event.EventPublishingRunListener.multicastInitialEvent(Lorg/springframework/context/ApplicationEvent;)V+9
j  org.springframework.boot.context.event.EventPublishingRunListener.starting(Lorg/springframework/boot/ConfigurableBootstrapContext;)V+17
j  org.springframework.boot.SpringApplicationRunListeners.lambda$starting$0(Lorg/springframework/boot/ConfigurableBootstrapContext;Lorg/springframework/boot/SpringApplicationRunListener;)V+2
j  org.springframework.boot.SpringApplicationRunListeners$$Lambda$160+0x00000001001a58a0.accept(Ljava/lang/Object;)V+8
j  java.lang.Iterable.forEach(Ljava/util/function/Consumer;)V+30 java.base@17.0.7
j  org.springframework.boot.SpringApplicationRunListeners.doWithListeners(Ljava/lang/String;Ljava/util/function/Consumer;Ljava/util/function/Consumer;)V+17
j  org.springframework.boot.SpringApplicationRunListeners.starting(Lorg/springframework/boot/ConfigurableBootstrapContext;Ljava/lang/Class;)V+15
j  org.springframework.boot.SpringApplication.run([Ljava/lang/String;)Lorg/springframework/context/ConfigurableApplicationContext;+32
j  org.springframework.boot.SpringApplication.run([Ljava/lang/Class;[Ljava/lang/String;)Lorg/springframework/context/ConfigurableApplicationContext;+9
j  org.springframework.boot.SpringApplication.run(Ljava/lang/Class;[Ljava/lang/String;)Lorg/springframework/context/ConfigurableApplicationContext;+9
j  jdev.mentoria.lojavirtual.LojaVirtualMentoriaApplication.main([Ljava/lang/String;)V+3
v  ~StubRoutines::call_stub
j  jdk.internal.reflect.NativeMethodAccessorImpl.invoke0(Ljava/lang/reflect/Method;Ljava/lang/Object;[Ljava/lang/Object;)Ljava/lang/Object;+0 java.base@17.0.7
j  jdk.internal.reflect.NativeMethodAccessorImpl.invoke(Ljava/lang/Object;[Ljava/lang/Object;)Ljava/lang/Object;+133 java.base@17.0.7
j  jdk.internal.reflect.DelegatingMethodAccessorImpl.invoke(Ljava/lang/Object;[Ljava/lang/Object;)Ljava/lang/Object;+6 java.base@17.0.7
j  java.lang.reflect.Method.invoke(Ljava/lang/Object;[Ljava/lang/Object;)Ljava/lang/Object;+59 java.base@17.0.7
j  org.springframework.boot.devtools.restart.RestartLauncher.run()V+47
v  ~StubRoutines::call_stub

---------------  P R O C E S S  ---------------

Threads class SMR info:
_java_thread_list=0x000001edfeac6d80, length=22, elements={
0x000001edec0b8700, 0x000001edf96aa620, 0x000001edf96ab620, 0x000001edf96b8f80,
0x000001edf96b9fe0, 0x000001edf96bb040, 0x000001edf96be860, 0x000001edf97fb8d0,
0x000001edf97fc970, 0x000001edf98db030, 0x000001edf98db500, 0x000001edf9944ac0,
0x000001edf99d5810, 0x000001edfe3ddaf0, 0x000001edfe3da320, 0x000001edfe3db200,
0x000001edfe4d1680, 0x000001edfe33c0c0, 0x000001edfe4ade80, 0x000001edfe53df50,
0x000001edfea786f0, 0x000001edfea79090
}

Java Threads: ( => current thread )
  0x000001edec0b8700 JavaThread "main" [_thread_blocked, id=18948, stack(0x0000004b77700000,0x0000004b77800000)]
  0x000001edf96aa620 JavaThread "Reference Handler" daemon [_thread_blocked, id=6640, stack(0x0000004b77e00000,0x0000004b77f00000)]
  0x000001edf96ab620 JavaThread "Finalizer" daemon [_thread_blocked, id=11580, stack(0x0000004b77f00000,0x0000004b78000000)]
  0x000001edf96b8f80 JavaThread "Signal Dispatcher" daemon [_thread_blocked, id=11636, stack(0x0000004b78000000,0x0000004b78100000)]
  0x000001edf96b9fe0 JavaThread "Attach Listener" daemon [_thread_blocked, id=124, stack(0x0000004b78100000,0x0000004b78200000)]
  0x000001edf96bb040 JavaThread "Service Thread" daemon [_thread_blocked, id=19372, stack(0x0000004b78200000,0x0000004b78300000)]
  0x000001edf96be860 JavaThread "Monitor Deflation Thread" daemon [_thread_blocked, id=10740, stack(0x0000004b78300000,0x0000004b78400000)]
  0x000001edf97fb8d0 JavaThread "C1 CompilerThread0" daemon [_thread_blocked, id=13984, stack(0x0000004b78400000,0x0000004b78500000)]
  0x000001edf97fc970 JavaThread "Sweeper thread" daemon [_thread_blocked, id=18408, stack(0x0000004b78500000,0x0000004b78600000)]
  0x000001edf98db030 JavaThread "Common-Cleaner" daemon [_thread_blocked, id=19008, stack(0x0000004b78600000,0x0000004b78700000)]
  0x000001edf98db500 JavaThread "C1 CompilerThread1" daemon [_thread_blocked, id=10192, stack(0x0000004b78700000,0x0000004b78800000)]
  0x000001edf9944ac0 JavaThread "C1 CompilerThread2" daemon [_thread_blocked, id=11960, stack(0x0000004b78800000,0x0000004b78900000)]
  0x000001edf99d5810 JavaThread "Notification Thread" daemon [_thread_blocked, id=18612, stack(0x0000004b78900000,0x0000004b78a00000)]
  0x000001edfe3ddaf0 JavaThread "RMI TCP Accept-0" daemon [_thread_in_native, id=8956, stack(0x0000004b78a00000,0x0000004b78b00000)]
  0x000001edfe3da320 JavaThread "RMI TCP Accept-52347" daemon [_thread_in_native, id=9688, stack(0x0000004b78b00000,0x0000004b78c00000)]
  0x000001edfe3db200 JavaThread "RMI TCP Accept-0" daemon [_thread_in_native, id=16396, stack(0x0000004b78c00000,0x0000004b78d00000)]
  0x000001edfe4d1680 JavaThread "RMI TCP Connection(1)-127.0.0.1" daemon [_thread_in_native, id=16512, stack(0x0000004b78e00000,0x0000004b78f00000)]
  0x000001edfe33c0c0 JavaThread "RMI TCP Connection(2)-127.0.0.1" daemon [_thread_in_native, id=11076, stack(0x0000004b79400000,0x0000004b79500000)]
  0x000001edfe4ade80 JavaThread "RMI Scheduler(0)" daemon [_thread_blocked, id=3848, stack(0x0000004b79500000,0x0000004b79600000)]
  0x000001edfe53df50 JavaThread "JMX server connection timeout 21" daemon [_thread_blocked, id=15020, stack(0x0000004b79600000,0x0000004b79700000)]
  0x000001edfea786f0 JavaThread "Thread-0" [_thread_blocked, id=16096, stack(0x0000004b79700000,0x0000004b79800000)]
=>0x000001edfea79090 JavaThread "restartedMain" [_thread_in_vm, id=19292, stack(0x0000004b79800000,0x0000004b79900000)]

Other Threads:
  0x000001edf9687ae0 VMThread "VM Thread" [stack: 0x0000004b77d00000,0x0000004b77e00000] [id=18620]
  0x000001edec0b97d0 WatcherThread [stack: 0x0000004b78d00000,0x0000004b78e00000] [id=17356]
  0x000001edec113ab0 GCTaskThread "GC Thread#0" [stack: 0x0000004b77800000,0x0000004b77900000] [id=17300]
  0x000001edfe4ad100 GCTaskThread "GC Thread#1" [stack: 0x0000004b78f00000,0x0000004b79000000] [id=10032]
  0x000001edfe4ad3b0 GCTaskThread "GC Thread#2" [stack: 0x0000004b79000000,0x0000004b79100000] [id=17612]
  0x000001edfe538a90 GCTaskThread "GC Thread#3" [stack: 0x0000004b79100000,0x0000004b79200000] [id=13720]
  0x000001edec124550 ConcurrentGCThread "G1 Main Marker" [stack: 0x0000004b77900000,0x0000004b77a00000] [id=6676]
  0x000001edec125750 ConcurrentGCThread "G1 Conc#0" [stack: 0x0000004b77a00000,0x0000004b77b00000] [id=14224]
  0x000001edec17dca0 ConcurrentGCThread "G1 Refine#0" [stack: 0x0000004b77b00000,0x0000004b77c00000] [id=4960]
  0x000001edf9b24180 ConcurrentGCThread "G1 Refine#1" [stack: 0x0000004b79200000,0x0000004b79300000] [id=14088]
  0x000001edf9b24460 ConcurrentGCThread "G1 Refine#2" [stack: 0x0000004b79300000,0x0000004b79400000] [id=5556]
  0x000001edf94e04a0 ConcurrentGCThread "G1 Service" [stack: 0x0000004b77c00000,0x0000004b77d00000] [id=16196]

Threads with active compile tasks:

VM state: not at safepoint (normal execution)

VM Mutex/Monitor currently owned by a thread:  ([mutex/lock_event])
[0x000001edec0b0bf0] Metaspace_lock - owner thread: 0x000001edfea79090

Heap address: 0x0000000081e00000, size: 2018 MB, Compressed Oops mode: 32-bit

CDS archive(s) not mapped
Compressed class space mapped at: 0x0000000100000000-0x0000000140000000, reserved size: 1073741824
Narrow klass base: 0x0000000000000000, Narrow klass shift: 3, Narrow klass range: 0x140000000

GC Precious Log:
 CPUs: 4 total, 4 available
 Memory: 8066M
 Large Page Support: Disabled
 NUMA Support: Disabled
 Compressed Oops: Enabled (32-bit)
 Heap Region Size: 1M
 Heap Min Capacity: 8M
 Heap Initial Capacity: 128M
 Heap Max Capacity: 2018M
 Pre-touch: Disabled
 Parallel Workers: 4
 Concurrent Workers: 1
 Concurrent Refinement Workers: 4
 Periodic GC: Disabled

Heap:
 garbage-first heap   total 131072K, used 9871K [0x0000000081e00000, 0x0000000100000000)
  region size 1024K, 6 young (6144K), 2 survivors (2048K)
 Metaspace       used 16432K, committed 16704K, reserved 1114112K
  class space    used 1773K, committed 1920K, reserved 1048576K

Heap Regions: E=young(eden), S=young(survivor), O=old, HS=humongous(starts), HC=humongous(continues), CS=collection set, F=free, OA=open archive, CA=closed archive, TAMS=top-at-mark-start (previous, next)
|   0|0x0000000081e00000, 0x0000000081f00000, 0x0000000081f00000|100%|HS|  |TAMS 0x0000000081e00000, 0x0000000081e00000| Complete 
|   1|0x0000000081f00000, 0x0000000082000000, 0x0000000082000000|100%| O|  |TAMS 0x0000000081f00000, 0x0000000081f00000| Untracked 
|   2|0x0000000082000000, 0x0000000082100000, 0x0000000082100000|100%| O|  |TAMS 0x0000000082000000, 0x0000000082000000| Untracked 
|   3|0x0000000082100000, 0x0000000082200000, 0x0000000082200000|100%| O|  |TAMS 0x0000000082100000, 0x0000000082100000| Untracked 
|   4|0x0000000082200000, 0x0000000082300000, 0x0000000082300000|100%| O|  |TAMS 0x0000000082200000, 0x0000000082200000| Untracked 
|   5|0x0000000082300000, 0x0000000082400000, 0x0000000082400000|100%| O|  |TAMS 0x0000000082300000, 0x0000000082300000| Untracked 
|   6|0x0000000082400000, 0x0000000082479600, 0x0000000082500000| 47%| O|  |TAMS 0x0000000082400000, 0x0000000082400000| Untracked 
|   7|0x0000000082500000, 0x0000000082500000, 0x0000000082600000|  0%| F|  |TAMS 0x0000000082500000, 0x0000000082500000| Untracked 
|   8|0x0000000082600000, 0x0000000082600000, 0x0000000082700000|  0%| F|  |TAMS 0x0000000082600000, 0x0000000082600000| Untracked 
|   9|0x0000000082700000, 0x0000000082700000, 0x0000000082800000|  0%| F|  |TAMS 0x0000000082700000, 0x0000000082700000| Untracked 
|  10|0x0000000082800000, 0x0000000082800000, 0x0000000082900000|  0%| F|  |TAMS 0x0000000082800000, 0x0000000082800000| Untracked 
|  11|0x0000000082900000, 0x0000000082900000, 0x0000000082a00000|  0%| F|  |TAMS 0x0000000082900000, 0x0000000082900000| Untracked 
|  12|0x0000000082a00000, 0x0000000082a00000, 0x0000000082b00000|  0%| F|  |TAMS 0x0000000082a00000, 0x0000000082a00000| Untracked 
|  13|0x0000000082b00000, 0x0000000082b00000, 0x0000000082c00000|  0%| F|  |TAMS 0x0000000082b00000, 0x0000000082b00000| Untracked 
|  14|0x0000000082c00000, 0x0000000082c00000, 0x0000000082d00000|  0%| F|  |TAMS 0x0000000082c00000, 0x0000000082c00000| Untracked 
|  15|0x0000000082d00000, 0x0000000082d00000, 0x0000000082e00000|  0%| F|  |TAMS 0x0000000082d00000, 0x0000000082d00000| Untracked 
|  16|0x0000000082e00000, 0x0000000082e00000, 0x0000000082f00000|  0%| F|  |TAMS 0x0000000082e00000, 0x0000000082e00000| Untracked 
|  17|0x0000000082f00000, 0x0000000082f00000, 0x0000000083000000|  0%| F|  |TAMS 0x0000000082f00000, 0x0000000082f00000| Untracked 
|  18|0x0000000083000000, 0x0000000083000000, 0x0000000083100000|  0%| F|  |TAMS 0x0000000083000000, 0x0000000083000000| Untracked 
|  19|0x0000000083100000, 0x0000000083100000, 0x0000000083200000|  0%| F|  |TAMS 0x0000000083100000, 0x0000000083100000| Untracked 
|  20|0x0000000083200000, 0x0000000083200000, 0x0000000083300000|  0%| F|  |TAMS 0x0000000083200000, 0x0000000083200000| Untracked 
|  21|0x0000000083300000, 0x0000000083300000, 0x0000000083400000|  0%| F|  |TAMS 0x0000000083300000, 0x0000000083300000| Untracked 
|  22|0x0000000083400000, 0x0000000083400000, 0x0000000083500000|  0%| F|  |TAMS 0x0000000083400000, 0x0000000083400000| Untracked 
|  23|0x0000000083500000, 0x0000000083500000, 0x0000000083600000|  0%| F|  |TAMS 0x0000000083500000, 0x0000000083500000| Untracked 
|  24|0x0000000083600000, 0x0000000083600000, 0x0000000083700000|  0%| F|  |TAMS 0x0000000083600000, 0x0000000083600000| Untracked 
|  25|0x0000000083700000, 0x0000000083700000, 0x0000000083800000|  0%| F|  |TAMS 0x0000000083700000, 0x0000000083700000| Untracked 
|  26|0x0000000083800000, 0x0000000083800000, 0x0000000083900000|  0%| F|  |TAMS 0x0000000083800000, 0x0000000083800000| Untracked 
|  27|0x0000000083900000, 0x0000000083900000, 0x0000000083a00000|  0%| F|  |TAMS 0x0000000083900000, 0x0000000083900000| Untracked 
|  28|0x0000000083a00000, 0x0000000083a00000, 0x0000000083b00000|  0%| F|  |TAMS 0x0000000083a00000, 0x0000000083a00000| Untracked 
|  29|0x0000000083b00000, 0x0000000083b00000, 0x0000000083c00000|  0%| F|  |TAMS 0x0000000083b00000, 0x0000000083b00000| Untracked 
|  30|0x0000000083c00000, 0x0000000083c00000, 0x0000000083d00000|  0%| F|  |TAMS 0x0000000083c00000, 0x0000000083c00000| Untracked 
|  31|0x0000000083d00000, 0x0000000083d00000, 0x0000000083e00000|  0%| F|  |TAMS 0x0000000083d00000, 0x0000000083d00000| Untracked 
|  32|0x0000000083e00000, 0x0000000083e00000, 0x0000000083f00000|  0%| F|  |TAMS 0x0000000083e00000, 0x0000000083e00000| Untracked 
|  33|0x0000000083f00000, 0x0000000083f00000, 0x0000000084000000|  0%| F|  |TAMS 0x0000000083f00000, 0x0000000083f00000| Untracked 
|  34|0x0000000084000000, 0x0000000084000000, 0x0000000084100000|  0%| F|  |TAMS 0x0000000084000000, 0x0000000084000000| Untracked 
|  35|0x0000000084100000, 0x0000000084100000, 0x0000000084200000|  0%| F|  |TAMS 0x0000000084100000, 0x0000000084100000| Untracked 
|  36|0x0000000084200000, 0x0000000084200000, 0x0000000084300000|  0%| F|  |TAMS 0x0000000084200000, 0x0000000084200000| Untracked 
|  37|0x0000000084300000, 0x0000000084300000, 0x0000000084400000|  0%| F|  |TAMS 0x0000000084300000, 0x0000000084300000| Untracked 
|  38|0x0000000084400000, 0x0000000084400000, 0x0000000084500000|  0%| F|  |TAMS 0x0000000084400000, 0x0000000084400000| Untracked 
|  39|0x0000000084500000, 0x0000000084500000, 0x0000000084600000|  0%| F|  |TAMS 0x0000000084500000, 0x0000000084500000| Untracked 
|  40|0x0000000084600000, 0x0000000084600000, 0x0000000084700000|  0%| F|  |TAMS 0x0000000084600000, 0x0000000084600000| Untracked 
|  41|0x0000000084700000, 0x0000000084700000, 0x0000000084800000|  0%| F|  |TAMS 0x0000000084700000, 0x0000000084700000| Untracked 
|  42|0x0000000084800000, 0x0000000084800000, 0x0000000084900000|  0%| F|  |TAMS 0x0000000084800000, 0x0000000084800000| Untracked 
|  43|0x0000000084900000, 0x0000000084900000, 0x0000000084a00000|  0%| F|  |TAMS 0x0000000084900000, 0x0000000084900000| Untracked 
|  44|0x0000000084a00000, 0x0000000084a00000, 0x0000000084b00000|  0%| F|  |TAMS 0x0000000084a00000, 0x0000000084a00000| Untracked 
|  45|0x0000000084b00000, 0x0000000084b00000, 0x0000000084c00000|  0%| F|  |TAMS 0x0000000084b00000, 0x0000000084b00000| Untracked 
|  46|0x0000000084c00000, 0x0000000084c00000, 0x0000000084d00000|  0%| F|  |TAMS 0x0000000084c00000, 0x0000000084c00000| Untracked 
|  47|0x0000000084d00000, 0x0000000084d00000, 0x0000000084e00000|  0%| F|  |TAMS 0x0000000084d00000, 0x0000000084d00000| Untracked 
|  48|0x0000000084e00000, 0x0000000084e00000, 0x0000000084f00000|  0%| F|  |TAMS 0x0000000084e00000, 0x0000000084e00000| Untracked 
|  49|0x0000000084f00000, 0x0000000084f00000, 0x0000000085000000|  0%| F|  |TAMS 0x0000000084f00000, 0x0000000084f00000| Untracked 
|  50|0x0000000085000000, 0x0000000085000000, 0x0000000085100000|  0%| F|  |TAMS 0x0000000085000000, 0x0000000085000000| Untracked 
|  51|0x0000000085100000, 0x0000000085100000, 0x0000000085200000|  0%| F|  |TAMS 0x0000000085100000, 0x0000000085100000| Untracked 
|  52|0x0000000085200000, 0x0000000085200000, 0x0000000085300000|  0%| F|  |TAMS 0x0000000085200000, 0x0000000085200000| Untracked 
|  53|0x0000000085300000, 0x0000000085300000, 0x0000000085400000|  0%| F|  |TAMS 0x0000000085300000, 0x0000000085300000| Untracked 
|  54|0x0000000085400000, 0x0000000085400000, 0x0000000085500000|  0%| F|  |TAMS 0x0000000085400000, 0x0000000085400000| Untracked 
|  55|0x0000000085500000, 0x0000000085500000, 0x0000000085600000|  0%| F|  |TAMS 0x0000000085500000, 0x0000000085500000| Untracked 
|  56|0x0000000085600000, 0x0000000085600000, 0x0000000085700000|  0%| F|  |TAMS 0x0000000085600000, 0x0000000085600000| Untracked 
|  57|0x0000000085700000, 0x0000000085700000, 0x0000000085800000|  0%| F|  |TAMS 0x0000000085700000, 0x0000000085700000| Untracked 
|  58|0x0000000085800000, 0x0000000085800000, 0x0000000085900000|  0%| F|  |TAMS 0x0000000085800000, 0x0000000085800000| Untracked 
|  59|0x0000000085900000, 0x0000000085900000, 0x0000000085a00000|  0%| F|  |TAMS 0x0000000085900000, 0x0000000085900000| Untracked 
|  60|0x0000000085a00000, 0x0000000085a00000, 0x0000000085b00000|  0%| F|  |TAMS 0x0000000085a00000, 0x0000000085a00000| Untracked 
|  61|0x0000000085b00000, 0x0000000085b00000, 0x0000000085c00000|  0%| F|  |TAMS 0x0000000085b00000, 0x0000000085b00000| Untracked 
|  62|0x0000000085c00000, 0x0000000085c00000, 0x0000000085d00000|  0%| F|  |TAMS 0x0000000085c00000, 0x0000000085c00000| Untracked 
|  63|0x0000000085d00000, 0x0000000085d00000, 0x0000000085e00000|  0%| F|  |TAMS 0x0000000085d00000, 0x0000000085d00000| Untracked 
|  64|0x0000000085e00000, 0x0000000085e00000, 0x0000000085f00000|  0%| F|  |TAMS 0x0000000085e00000, 0x0000000085e00000| Untracked 
|  65|0x0000000085f00000, 0x0000000085f00000, 0x0000000086000000|  0%| F|  |TAMS 0x0000000085f00000, 0x0000000085f00000| Untracked 
|  66|0x0000000086000000, 0x0000000086000000, 0x0000000086100000|  0%| F|  |TAMS 0x0000000086000000, 0x0000000086000000| Untracked 
|  67|0x0000000086100000, 0x0000000086100000, 0x0000000086200000|  0%| F|  |TAMS 0x0000000086100000, 0x0000000086100000| Untracked 
|  68|0x0000000086200000, 0x0000000086200000, 0x0000000086300000|  0%| F|  |TAMS 0x0000000086200000, 0x0000000086200000| Untracked 
|  69|0x0000000086300000, 0x0000000086300000, 0x0000000086400000|  0%| F|  |TAMS 0x0000000086300000, 0x0000000086300000| Untracked 
|  70|0x0000000086400000, 0x0000000086400000, 0x0000000086500000|  0%| F|  |TAMS 0x0000000086400000, 0x0000000086400000| Untracked 
|  71|0x0000000086500000, 0x0000000086500000, 0x0000000086600000|  0%| F|  |TAMS 0x0000000086500000, 0x0000000086500000| Untracked 
|  72|0x0000000086600000, 0x0000000086600000, 0x0000000086700000|  0%| F|  |TAMS 0x0000000086600000, 0x0000000086600000| Untracked 
|  73|0x0000000086700000, 0x0000000086700000, 0x0000000086800000|  0%| F|  |TAMS 0x0000000086700000, 0x0000000086700000| Untracked 
|  74|0x0000000086800000, 0x0000000086800000, 0x0000000086900000|  0%| F|  |TAMS 0x0000000086800000, 0x0000000086800000| Untracked 
|  75|0x0000000086900000, 0x0000000086900000, 0x0000000086a00000|  0%| F|  |TAMS 0x0000000086900000, 0x0000000086900000| Untracked 
|  76|0x0000000086a00000, 0x0000000086a00000, 0x0000000086b00000|  0%| F|  |TAMS 0x0000000086a00000, 0x0000000086a00000| Untracked 
|  77|0x0000000086b00000, 0x0000000086b00000, 0x0000000086c00000|  0%| F|  |TAMS 0x0000000086b00000, 0x0000000086b00000| Untracked 
|  78|0x0000000086c00000, 0x0000000086c00000, 0x0000000086d00000|  0%| F|  |TAMS 0x0000000086c00000, 0x0000000086c00000| Untracked 
|  79|0x0000000086d00000, 0x0000000086d00000, 0x0000000086e00000|  0%| F|  |TAMS 0x0000000086d00000, 0x0000000086d00000| Untracked 
|  80|0x0000000086e00000, 0x0000000086e00000, 0x0000000086f00000|  0%| F|  |TAMS 0x0000000086e00000, 0x0000000086e00000| Untracked 
|  81|0x0000000086f00000, 0x0000000086f00000, 0x0000000087000000|  0%| F|  |TAMS 0x0000000086f00000, 0x0000000086f00000| Untracked 
|  82|0x0000000087000000, 0x0000000087000000, 0x0000000087100000|  0%| F|  |TAMS 0x0000000087000000, 0x0000000087000000| Untracked 
|  83|0x0000000087100000, 0x0000000087100000, 0x0000000087200000|  0%| F|  |TAMS 0x0000000087100000, 0x0000000087100000| Untracked 
|  84|0x0000000087200000, 0x0000000087200000, 0x0000000087300000|  0%| F|  |TAMS 0x0000000087200000, 0x0000000087200000| Untracked 
|  85|0x0000000087300000, 0x0000000087300000, 0x0000000087400000|  0%| F|  |TAMS 0x0000000087300000, 0x0000000087300000| Untracked 
|  86|0x0000000087400000, 0x0000000087400000, 0x0000000087500000|  0%| F|  |TAMS 0x0000000087400000, 0x0000000087400000| Untracked 
|  87|0x0000000087500000, 0x0000000087500000, 0x0000000087600000|  0%| F|  |TAMS 0x0000000087500000, 0x0000000087500000| Untracked 
|  88|0x0000000087600000, 0x0000000087600000, 0x0000000087700000|  0%| F|  |TAMS 0x0000000087600000, 0x0000000087600000| Untracked 
|  89|0x0000000087700000, 0x0000000087700000, 0x0000000087800000|  0%| F|  |TAMS 0x0000000087700000, 0x0000000087700000| Untracked 
|  90|0x0000000087800000, 0x0000000087800000, 0x0000000087900000|  0%| F|  |TAMS 0x0000000087800000, 0x0000000087800000| Untracked 
|  91|0x0000000087900000, 0x0000000087900000, 0x0000000087a00000|  0%| F|  |TAMS 0x0000000087900000, 0x0000000087900000| Untracked 
|  92|0x0000000087a00000, 0x0000000087a00000, 0x0000000087b00000|  0%| F|  |TAMS 0x0000000087a00000, 0x0000000087a00000| Untracked 
|  93|0x0000000087b00000, 0x0000000087b00000, 0x0000000087c00000|  0%| F|  |TAMS 0x0000000087b00000, 0x0000000087b00000| Untracked 
|  94|0x0000000087c00000, 0x0000000087c00000, 0x0000000087d00000|  0%| F|  |TAMS 0x0000000087c00000, 0x0000000087c00000| Untracked 
|  95|0x0000000087d00000, 0x0000000087d00000, 0x0000000087e00000|  0%| F|  |TAMS 0x0000000087d00000, 0x0000000087d00000| Untracked 
|  96|0x0000000087e00000, 0x0000000087e00000, 0x0000000087f00000|  0%| F|  |TAMS 0x0000000087e00000, 0x0000000087e00000| Untracked 
|  97|0x0000000087f00000, 0x0000000087f00000, 0x0000000088000000|  0%| F|  |TAMS 0x0000000087f00000, 0x0000000087f00000| Untracked 
|  98|0x0000000088000000, 0x0000000088000000, 0x0000000088100000|  0%| F|  |TAMS 0x0000000088000000, 0x0000000088000000| Untracked 
|  99|0x0000000088100000, 0x0000000088100000, 0x0000000088200000|  0%| F|  |TAMS 0x0000000088100000, 0x0000000088100000| Untracked 
| 100|0x0000000088200000, 0x0000000088200000, 0x0000000088300000|  0%| F|  |TAMS 0x0000000088200000, 0x0000000088200000| Untracked 
| 101|0x0000000088300000, 0x0000000088300000, 0x0000000088400000|  0%| F|  |TAMS 0x0000000088300000, 0x0000000088300000| Untracked 
| 102|0x0000000088400000, 0x0000000088400000, 0x0000000088500000|  0%| F|  |TAMS 0x0000000088400000, 0x0000000088400000| Untracked 
| 103|0x0000000088500000, 0x0000000088500000, 0x0000000088600000|  0%| F|  |TAMS 0x0000000088500000, 0x0000000088500000| Untracked 
| 104|0x0000000088600000, 0x0000000088600000, 0x0000000088700000|  0%| F|  |TAMS 0x0000000088600000, 0x0000000088600000| Untracked 
| 105|0x0000000088700000, 0x0000000088700000, 0x0000000088800000|  0%| F|  |TAMS 0x0000000088700000, 0x0000000088700000| Untracked 
| 106|0x0000000088800000, 0x0000000088800000, 0x0000000088900000|  0%| F|  |TAMS 0x0000000088800000, 0x0000000088800000| Untracked 
| 107|0x0000000088900000, 0x0000000088900000, 0x0000000088a00000|  0%| F|  |TAMS 0x0000000088900000, 0x0000000088900000| Untracked 
| 108|0x0000000088a00000, 0x0000000088a00000, 0x0000000088b00000|  0%| F|  |TAMS 0x0000000088a00000, 0x0000000088a00000| Untracked 
| 109|0x0000000088b00000, 0x0000000088b00000, 0x0000000088c00000|  0%| F|  |TAMS 0x0000000088b00000, 0x0000000088b00000| Untracked 
| 110|0x0000000088c00000, 0x0000000088c00000, 0x0000000088d00000|  0%| F|  |TAMS 0x0000000088c00000, 0x0000000088c00000| Untracked 
| 111|0x0000000088d00000, 0x0000000088d00000, 0x0000000088e00000|  0%| F|  |TAMS 0x0000000088d00000, 0x0000000088d00000| Untracked 
| 112|0x0000000088e00000, 0x0000000088e00000, 0x0000000088f00000|  0%| F|  |TAMS 0x0000000088e00000, 0x0000000088e00000| Untracked 
| 113|0x0000000088f00000, 0x0000000088f00000, 0x0000000089000000|  0%| F|  |TAMS 0x0000000088f00000, 0x0000000088f00000| Untracked 
| 114|0x0000000089000000, 0x0000000089000000, 0x0000000089100000|  0%| F|  |TAMS 0x0000000089000000, 0x0000000089000000| Untracked 
| 115|0x0000000089100000, 0x000000008912a720, 0x0000000089200000| 16%| S|CS|TAMS 0x0000000089100000, 0x0000000089100000| Complete 
| 116|0x0000000089200000, 0x0000000089300000, 0x0000000089300000|100%| S|CS|TAMS 0x0000000089200000, 0x0000000089200000| Complete 
| 117|0x0000000089300000, 0x0000000089300000, 0x0000000089400000|  0%| F|  |TAMS 0x0000000089300000, 0x0000000089300000| Untracked 
| 118|0x0000000089400000, 0x0000000089400000, 0x0000000089500000|  0%| F|  |TAMS 0x0000000089400000, 0x0000000089400000| Untracked 
| 119|0x0000000089500000, 0x0000000089500000, 0x0000000089600000|  0%| F|  |TAMS 0x0000000089500000, 0x0000000089500000| Untracked 
| 120|0x0000000089600000, 0x0000000089600000, 0x0000000089700000|  0%| F|  |TAMS 0x0000000089600000, 0x0000000089600000| Untracked 
| 121|0x0000000089700000, 0x0000000089700000, 0x0000000089800000|  0%| F|  |TAMS 0x0000000089700000, 0x0000000089700000| Untracked 
| 122|0x0000000089800000, 0x0000000089800000, 0x0000000089900000|  0%| F|  |TAMS 0x0000000089800000, 0x0000000089800000| Untracked 
| 123|0x0000000089900000, 0x0000000089900000, 0x0000000089a00000|  0%| F|  |TAMS 0x0000000089900000, 0x0000000089900000| Untracked 
| 124|0x0000000089a00000, 0x0000000089a05500, 0x0000000089b00000|  2%| E|  |TAMS 0x0000000089a00000, 0x0000000089a00000| Complete 
| 125|0x0000000089b00000, 0x0000000089c00000, 0x0000000089c00000|100%| E|  |TAMS 0x0000000089b00000, 0x0000000089b00000| Complete 
| 126|0x0000000089c00000, 0x0000000089d00000, 0x0000000089d00000|100%| E|CS|TAMS 0x0000000089c00000, 0x0000000089c00000| Complete 
| 127|0x0000000089d00000, 0x0000000089e00000, 0x0000000089e00000|100%| E|CS|TAMS 0x0000000089d00000, 0x0000000089d00000| Complete 

Card table byte_map: [0x000001edf2b70000,0x000001edf2f70000] _byte_map_base: 0x000001edf2761000

Marking Bits (Prev, Next): (CMBitMap*) 0x000001edec113fe0, (CMBitMap*) 0x000001edec114020
 Prev Bits: [0x000001edf3370000, 0x000001edf52f8000)
 Next Bits: [0x000001edf5300000, 0x000001edf7288000)

Polling page: 0x000001ede9f80000

Metaspace:

Usage:
  Non-class:     14.32 MB used.
      Class:      1.73 MB used.
       Both:     16.05 MB used.

Virtual space:
  Non-class space:       64.00 MB reserved,      14.44 MB ( 23%) committed,  1 nodes.
      Class space:        1.00 GB reserved,       1.88 MB ( <1%) committed,  1 nodes.
             Both:        1.06 GB reserved,      16.31 MB (  1%) committed. 

Chunk freelists:
   Non-Class:  1.55 MB
       Class:  14.04 MB
        Both:  15.58 MB

MaxMetaspaceSize: unlimited
CompressedClassSpaceSize: 1.00 GB
Initial GC threshold: 21.00 MB
Current GC threshold: 21.00 MB
CDS: off
MetaspaceReclaimPolicy: balanced
 - commit_granule_bytes: 65536.
 - commit_granule_words: 8192.
 - virtual_space_node_default_size: 8388608.
 - enlarge_chunks_in_place: 1.
 - new_chunks_are_fully_committed: 0.
 - uncommit_free_chunks: 1.
 - use_allocation_guard: 0.
 - handle_deallocations: 1.


Internal statistics:

num_allocs_failed_limit: 0.
num_arena_births: 206.
num_arena_deaths: 0.
num_vsnodes_births: 2.
num_vsnodes_deaths: 0.
num_space_committed: 261.
num_space_uncommitted: 0.
num_chunks_returned_to_freelist: 0.
num_chunks_taken_from_freelist: 396.
num_chunk_merges: 0.
num_chunk_splits: 232.
num_chunks_enlarged: 121.
num_inconsistent_stats: 0.

CodeCache: size=49152Kb used=4295Kb max_used=4295Kb free=44857Kb
 bounds [0x000001edef770000, 0x000001edefbb0000, 0x000001edf2770000]
 total_blobs=1871 nmethods=1415 adapters=382
 compilation: enabled
              stopped_count=0, restarted_count=0
 full_count=0

Compilation events (20 events):
Event: 1.234 Thread 0x000001edf9944ac0 1405       1       java.util.concurrent.atomic.AtomicInteger::<init> (5 bytes)
Event: 1.234 Thread 0x000001edf97fb8d0 nmethod 1398 0x000001edefb98990 code [0x000001edefb990a0, 0x000001edefb9aef8]
Event: 1.234 Thread 0x000001edf9944ac0 nmethod 1405 0x000001edefb9d290 code [0x000001edefb9d420, 0x000001edefb9d4d8]
Event: 1.234 Thread 0x000001edf98db500 nmethod 1404 0x000001edefb9d590 code [0x000001edefb9d720, 0x000001edefb9d898]
Event: 1.234 Thread 0x000001edf9944ac0 1406       1       org.springframework.util.ConcurrentReferenceHashMap$Segment::createReferenceArray (5 bytes)
Event: 1.234 Thread 0x000001edf9944ac0 nmethod 1406 0x000001edefb9d910 code [0x000001edefb9daa0, 0x000001edefb9dbf8]
Event: 1.234 Thread 0x000001edf98db500 1407       1       java.lang.invoke.MethodHandles$Lookup$ClassFile::<init> (20 bytes)
Event: 1.234 Thread 0x000001edf9944ac0 1408       1       java.lang.invoke.MethodHandles$Lookup::makeHiddenClassDefiner (42 bytes)
Event: 1.234 Thread 0x000001edf97fb8d0 1409       1       java.lang.invoke.MethodHandles$Lookup$ClassOption::optionsToFlag (40 bytes)
Event: 1.234 Thread 0x000001edf98db500 nmethod 1407 0x000001edefb9dc90 code [0x000001edefb9de20, 0x000001edefb9df78]
Event: 1.234 Thread 0x000001edf98db500 1410       1       java.lang.invoke.MethodHandles$Lookup$ClassDefiner::<init> (58 bytes)
Event: 1.235 Thread 0x000001edf97fb8d0 nmethod 1409 0x000001edefb9e010 code [0x000001edefb9e1c0, 0x000001edefb9e348]
Event: 1.235 Thread 0x000001edf97fb8d0 1411       1       java.lang.invoke.MethodHandles$Lookup$ClassDefiner::defineClass (97 bytes)
Event: 1.235 Thread 0x000001edf98db500 nmethod 1410 0x000001edefb9e490 code [0x000001edefb9e620, 0x000001edefb9e818]
Event: 1.235 Thread 0x000001edf98db500 1412       1       java.lang.System$2::defineClass (21 bytes)
Event: 1.235 Thread 0x000001edf98db500 nmethod 1412 0x000001edefb9eb90 code [0x000001edefb9ed20, 0x000001edefb9ee48]
Event: 1.235 Thread 0x000001edf9944ac0 nmethod 1408 0x000001edefb9ef10 code [0x000001edefb9f100, 0x000001edefb9f4d8]
Event: 1.235 Thread 0x000001edf97fb8d0 nmethod 1411 0x000001edefb9f790 code [0x000001edefb9f980, 0x000001edefb9fdd8]
Event: 1.236 Thread 0x000001edf9944ac0 1414       1       java.lang.ClassLoader::preDefineClass (118 bytes)
Event: 1.236 Thread 0x000001edf98db500 1415       1       java.lang.ClassLoader::checkCerts (121 bytes)

GC Heap History (4 events):
Event: 0.877 GC heap before
{Heap before GC invocations=0 (full 0):
 garbage-first heap   total 131072K, used 13312K [0x0000000081e00000, 0x0000000100000000)
  region size 1024K, 13 young (13312K), 0 survivors (0K)
 Metaspace       used 13026K, committed 13184K, reserved 1114112K
  class space    used 1322K, committed 1408K, reserved 1048576K
}
Event: 0.886 GC heap after
{Heap after GC invocations=1 (full 0):
 garbage-first heap   total 131072K, used 6693K [0x0000000081e00000, 0x0000000100000000)
  region size 1024K, 2 young (2048K), 2 survivors (2048K)
 Metaspace       used 13026K, committed 13184K, reserved 1114112K
  class space    used 1322K, committed 1408K, reserved 1048576K
}
Event: 1.185 GC heap before
{Heap before GC invocations=1 (full 0):
 garbage-first heap   total 131072K, used 16933K [0x0000000081e00000, 0x0000000100000000)
  region size 1024K, 13 young (13312K), 2 survivors (2048K)
 Metaspace       used 16208K, committed 16448K, reserved 1114112K
  class space    used 1744K, committed 1856K, reserved 1048576K
}
Event: 1.190 GC heap after
{Heap after GC invocations=2 (full 0):
 garbage-first heap   total 131072K, used 7823K [0x0000000081e00000, 0x0000000100000000)
  region size 1024K, 2 young (2048K), 2 survivors (2048K)
 Metaspace       used 16208K, committed 16448K, reserved 1114112K
  class space    used 1744K, committed 1856K, reserved 1048576K
}

Dll operation events (7 events):
Event: 0.024 Loaded shared library C:\sts-4.19.1.RELEASE\plugins\org.eclipse.justj.openjdk.hotspot.jre.full.win32.x86_64_17.0.7.v20230425-1502\jre\bin\java.dll
Event: 0.267 Loaded shared library C:\sts-4.19.1.RELEASE\plugins\org.eclipse.justj.openjdk.hotspot.jre.full.win32.x86_64_17.0.7.v20230425-1502\jre\bin\jimage.dll
Event: 0.285 Loaded shared library C:\sts-4.19.1.RELEASE\plugins\org.eclipse.justj.openjdk.hotspot.jre.full.win32.x86_64_17.0.7.v20230425-1502\jre\bin\net.dll
Event: 0.287 Loaded shared library C:\sts-4.19.1.RELEASE\plugins\org.eclipse.justj.openjdk.hotspot.jre.full.win32.x86_64_17.0.7.v20230425-1502\jre\bin\nio.dll
Event: 0.292 Loaded shared library C:\sts-4.19.1.RELEASE\plugins\org.eclipse.justj.openjdk.hotspot.jre.full.win32.x86_64_17.0.7.v20230425-1502\jre\bin\zip.dll
Event: 0.371 Loaded shared library C:\sts-4.19.1.RELEASE\plugins\org.eclipse.justj.openjdk.hotspot.jre.full.win32.x86_64_17.0.7.v20230425-1502\jre\bin\management.dll
Event: 0.388 Loaded shared library C:\sts-4.19.1.RELEASE\plugins\org.eclipse.justj.openjdk.hotspot.jre.full.win32.x86_64_17.0.7.v20230425-1502\jre\bin\management_ext.dll

Deoptimization events (0 events):
No events

Classes unloaded (0 events):
No events

Classes redefined (0 events):
No events

Internal exceptions (20 events):
Event: 0.620 Thread 0x000001edec0b8700 Exception <a 'java/lang/NoSuchMethodError'{0x00000000894304a8}: 'java.lang.Object java.lang.invoke.DirectMethodHandle$Holder.invokeStaticInit(java.lang.Object, java.lang.Object, int, int, int, int)'> (0x00000000894304a8) 
thrown [s\src\hotspot\share\interpreter\linkResolver.cpp, line 759]
Event: 0.636 Thread 0x000001edec0b8700 Exception <a 'java/lang/ClassNotFoundException'{0x000000008948e518}: javax/management/remote/rmi/RMIServerImpl_Skel> (0x000000008948e518) 
thrown [s\src\hotspot\share\classfile\systemDictionary.cpp, line 256]
Event: 0.741 Thread 0x000001edec0b8700 Exception <a 'java/lang/ClassNotFoundException'{0x00000000893c8a38}: jdk/internal/agent/resources/spi/agentProvider> (0x00000000893c8a38) 
thrown [s\src\hotspot\share\classfile\systemDictionary.cpp, line 256]
Event: 0.929 Thread 0x000001edec0b8700 Exception <a 'java/lang/NoSuchMethodError'{0x0000000089c056d0}: 'java.lang.Object java.lang.invoke.DirectMethodHandle$Holder.invokeSpecial(java.lang.Object, java.lang.Object, java.lang.Object, long, java.lang.Object)'> (0x0000000089c056d0) 
thrown [s\src\hotspot\share\interpreter\linkResolver.cpp, line 759]
Event: 0.929 Thread 0x000001edec0b8700 Exception <a 'java/lang/NoSuchMethodError'{0x0000000089c092a0}: 'java.lang.Object java.lang.invoke.Invokers$Holder.linkToTargetMethod(java.lang.Object, long, java.lang.Object, java.lang.Object)'> (0x0000000089c092a0) 
thrown [s\src\hotspot\share\interpreter\linkResolver.cpp, line 759]
Event: 0.941 Thread 0x000001edfe33c0c0 Exception <a 'java/lang/NoSuchMethodError'{0x0000000089c67498}: static [B.<clinit>()V> (0x0000000089c67498) 
thrown [s\src\hotspot\share\prims\jni.cpp, line 1107]
Event: 0.953 Thread 0x000001edec0b8700 Exception <a 'java/lang/ClassNotFoundException'{0x0000000089c31dd0}: javax/smartcardio/CardPermission> (0x0000000089c31dd0) 
thrown [s\src\hotspot\share\classfile\systemDictionary.cpp, line 256]
Event: 0.954 Thread 0x000001edfe33c0c0 Exception <a 'java/lang/ClassNotFoundException'{0x0000000089c81c88}: javax/management/remote/rmi/RMIConnectionImpl_Skel> (0x0000000089c81c88) 
thrown [s\src\hotspot\share\classfile\systemDictionary.cpp, line 256]
Event: 0.958 Thread 0x000001edec0b8700 Exception <a 'java/io/FileNotFoundException'{0x0000000089ca5df0}> (0x0000000089ca5df0) 
thrown [s\src\hotspot\share\prims\jni.cpp, line 516]
Event: 0.958 Thread 0x000001edfe53df50 Exception <a 'java/lang/NoSuchMethodError'{0x0000000089ce4340}: 'java.lang.Object java.lang.invoke.Invokers$Holder.linkToTargetMethod(java.lang.Object, long, java.lang.Object)'> (0x0000000089ce4340) 
thrown [s\src\hotspot\share\interpreter\linkResolver.cpp, line 759]
Event: 0.968 Thread 0x000001edfe33c0c0 Exception <a 'java/lang/reflect/InvocationTargetException'{0x0000000089b0f9f8}> (0x0000000089b0f9f8) 
thrown [s\src\hotspot\share\runtime\reflection.cpp, line 1121]
Event: 0.973 Thread 0x000001edfe33c0c0 Exception <a 'java/lang/NoSuchMethodError'{0x0000000089b566c0}: static [Ljava/lang/StackTraceElement;.<clinit>()V> (0x0000000089b566c0) 
thrown [s\src\hotspot\share\prims\jni.cpp, line 1107]
Event: 1.052 Thread 0x000001edec0b8700 Exception <a 'java/lang/NoSuchMethodError'{0x000000008994e210}: 'void java.lang.invoke.DirectMethodHandle$Holder.invokeStatic(java.lang.Object, java.lang.Object, java.lang.Object, java.lang.Object)'> (0x000000008994e210) 
thrown [s\src\hotspot\share\interpreter\linkResolver.cpp, line 759]
Event: 1.081 Thread 0x000001edec0b8700 Exception <a 'java/lang/NoSuchMethodError'{0x000000008988a758}: 'int java.lang.invoke.DirectMethodHandle$Holder.invokeStaticInit(java.lang.Object, java.lang.Object)'> (0x000000008988a758) 
thrown [s\src\hotspot\share\interpreter\linkResolver.cpp, line 759]
Event: 1.087 Thread 0x000001edec0b8700 Exception <a 'java/lang/NoSuchMethodError'{0x00000000898da6a0}: 'void java.lang.invoke.DirectMethodHandle$Holder.invokeInterface(java.lang.Object, java.lang.Object, java.lang.Object, java.lang.Object)'> (0x00000000898da6a0) 
thrown [s\src\hotspot\share\interpreter\linkResolver.cpp, line 759]
Event: 1.130 Thread 0x000001edec0b8700 Exception <a 'java/lang/NoSuchMethodError'{0x00000000896a9e50}: 'java.lang.Object java.lang.invoke.DirectMethodHandle$Holder.invokeInterface(java.lang.Object, java.lang.Object)'> (0x00000000896a9e50) 
thrown [s\src\hotspot\share\interpreter\linkResolver.cpp, line 759]
Event: 1.136 Thread 0x000001edec0b8700 Exception <a 'java/lang/NoSuchMethodError'{0x00000000896ef328}: 'java.lang.Object java.lang.invoke.DirectMethodHandle$Holder.invokeSpecialIFC(java.lang.Object, java.lang.Object, java.lang.Object, java.lang.Object)'> (0x00000000896ef328) 
thrown [s\src\hotspot\share\interpreter\linkResolver.cpp, line 759]
Event: 1.138 Thread 0x000001edec0b8700 Exception <a 'java/lang/NoSuchMethodError'{0x0000000089512cd0}: 'java.lang.Object java.lang.invoke.DirectMethodHandle$Holder.invokeInterface(java.lang.Object, java.lang.Object, java.lang.Object)'> (0x0000000089512cd0) 
thrown [s\src\hotspot\share\interpreter\linkResolver.cpp, line 759]
Event: 1.229 Thread 0x000001edfea79090 Exception <a 'java/lang/NoSuchMethodError'{0x0000000089bb8f90}: 'int java.lang.invoke.DirectMethodHandle$Holder.invokeStaticInit(java.lang.Object, java.lang.Object, java.lang.Object)'> (0x0000000089bb8f90) 
thrown [s\src\hotspot\share\interpreter\linkResolver.cpp, line 759]
Event: 1.235 Thread 0x000001edfea79090 Exception <a 'java/lang/NoSuchMethodError'{0x0000000089be5a18}: 'java.lang.Object java.lang.invoke.DirectMethodHandle$Holder.invokeVirtual(java.lang.Object, java.lang.Object, java.lang.Object)'> (0x0000000089be5a18) 
thrown [s\src\hotspot\share\interpreter\linkResolver.cpp, line 759]

VM Operations (20 events):
Event: 0.242 Executing VM operation: HandshakeAllThreads
Event: 0.242 Executing VM operation: HandshakeAllThreads done
Event: 0.522 Executing VM operation: HandshakeAllThreads
Event: 0.522 Executing VM operation: HandshakeAllThreads done
Event: 0.556 Executing VM operation: HandshakeAllThreads
Event: 0.556 Executing VM operation: HandshakeAllThreads done
Event: 0.635 Executing VM operation: HandshakeAllThreads
Event: 0.635 Executing VM operation: HandshakeAllThreads done
Event: 0.836 Executing VM operation: HandshakeAllThreads
Event: 0.836 Executing VM operation: HandshakeAllThreads done
Event: 0.844 Executing VM operation: HandshakeAllThreads
Event: 0.844 Executing VM operation: HandshakeAllThreads done
Event: 0.876 Executing VM operation: G1CollectForAllocation
Event: 0.876 Executing VM operation: G1CollectForAllocation done
Event: 0.876 Executing VM operation: G1CollectForAllocation
Event: 0.886 Executing VM operation: G1CollectForAllocation done
Event: 0.952 Executing VM operation: HandshakeAllThreads
Event: 0.953 Executing VM operation: HandshakeAllThreads done
Event: 1.185 Executing VM operation: G1CollectForAllocation
Event: 1.190 Executing VM operation: G1CollectForAllocation done

Events (20 events):
Event: 1.170 loading class java/util/jar/JarVerifier
Event: 1.171 loading class java/util/jar/JarVerifier done
Event: 1.171 loading class java/security/CodeSigner
Event: 1.171 loading class java/security/CodeSigner done
Event: 1.203 loading class java/util/regex/Pattern$BnM
Event: 1.203 loading class java/util/regex/Pattern$BnM done
Event: 1.203 loading class java/util/regex/Pattern$SliceS
Event: 1.203 loading class java/util/regex/Pattern$SliceS done
Event: 1.204 loading class java/util/regex/Matcher
Event: 1.204 loading class java/util/regex/MatchResult
Event: 1.204 loading class java/util/regex/MatchResult done
Event: 1.204 loading class java/util/regex/Matcher done
Event: 1.204 loading class java/util/regex/IntHashSet
Event: 1.204 loading class java/util/regex/IntHashSet done
Event: 1.205 loading class java/util/concurrent/LinkedBlockingDeque$Node
Event: 1.205 loading class java/util/concurrent/LinkedBlockingDeque$Node done
Event: 1.207 Thread 0x000001edfea786f0 Thread added: 0x000001edfea786f0
Event: 1.209 Thread 0x000001edfea79090 Thread added: 0x000001edfea79090
Event: 1.210 loading class java/net/URLClassLoader$1
Event: 1.210 loading class java/net/URLClassLoader$1 done


Dynamic libraries:
0x00007ff7fd5e0000 - 0x00007ff7fd5ee000 	C:\sts-4.19.1.RELEASE\plugins\org.eclipse.justj.openjdk.hotspot.jre.full.win32.x86_64_17.0.7.v20230425-1502\jre\bin\javaw.exe
0x00007fff95650000 - 0x00007fff95848000 	C:\WINDOWS\SYSTEM32\ntdll.dll
0x00007fff93e00000 - 0x00007fff93ebf000 	C:\WINDOWS\System32\KERNEL32.DLL
0x00007fff92f60000 - 0x00007fff93256000 	C:\WINDOWS\System32\KERNELBASE.dll
0x00007fff92de0000 - 0x00007fff92ee0000 	C:\WINDOWS\System32\ucrtbase.dll
0x00007fff59390000 - 0x00007fff593a7000 	C:\sts-4.19.1.RELEASE\plugins\org.eclipse.justj.openjdk.hotspot.jre.full.win32.x86_64_17.0.7.v20230425-1502\jre\bin\jli.dll
0x00007fff93c60000 - 0x00007fff93dfd000 	C:\WINDOWS\System32\USER32.dll
0x00007fff92ee0000 - 0x00007fff92f02000 	C:\WINDOWS\System32\win32u.dll
0x00007fff936c0000 - 0x00007fff936ec000 	C:\WINDOWS\System32\GDI32.dll
0x00007fff93390000 - 0x00007fff934a5000 	C:\WINDOWS\System32\gdi32full.dll
0x00007fff93610000 - 0x00007fff936ad000 	C:\WINDOWS\System32\msvcp_win.dll
0x00007fff5dca0000 - 0x00007fff5dcb9000 	C:\sts-4.19.1.RELEASE\plugins\org.eclipse.justj.openjdk.hotspot.jre.full.win32.x86_64_17.0.7.v20230425-1502\jre\bin\VCRUNTIME140.dll
0x00007fff80e90000 - 0x00007fff8112a000 	C:\WINDOWS\WinSxS\amd64_microsoft.windows.common-controls_6595b64144ccf1df_6.0.19041.1110_none_60b5254171f9507e\COMCTL32.dll
0x00007fff954f0000 - 0x00007fff9558e000 	C:\WINDOWS\System32\msvcrt.dll
0x00007fff94730000 - 0x00007fff94760000 	C:\WINDOWS\System32\IMM32.DLL
0x00007fff7f1c0000 - 0x00007fff7f1cc000 	C:\sts-4.19.1.RELEASE\plugins\org.eclipse.justj.openjdk.hotspot.jre.full.win32.x86_64_17.0.7.v20230425-1502\jre\bin\vcruntime140_1.dll
0x00007fff3ef70000 - 0x00007fff3f001000 	C:\sts-4.19.1.RELEASE\plugins\org.eclipse.justj.openjdk.hotspot.jre.full.win32.x86_64_17.0.7.v20230425-1502\jre\bin\msvcp140.dll
0x00007fff3f3d0000 - 0x00007fff40018000 	C:\sts-4.19.1.RELEASE\plugins\org.eclipse.justj.openjdk.hotspot.jre.full.win32.x86_64_17.0.7.v20230425-1502\jre\bin\server\jvm.dll
0x00007fff93bb0000 - 0x00007fff93c5f000 	C:\WINDOWS\System32\ADVAPI32.dll
0x00007fff94d00000 - 0x00007fff94d9c000 	C:\WINDOWS\System32\sechost.dll
0x00007fff94760000 - 0x00007fff94886000 	C:\WINDOWS\System32\RPCRT4.dll
0x00007fff7bbe0000 - 0x00007fff7bbe9000 	C:\WINDOWS\SYSTEM32\WSOCK32.dll
0x00007fff93ec0000 - 0x00007fff93f2b000 	C:\WINDOWS\System32\WS2_32.dll
0x00007fff79130000 - 0x00007fff79157000 	C:\WINDOWS\SYSTEM32\WINMM.dll
0x00007fff8caf0000 - 0x00007fff8cafa000 	C:\WINDOWS\SYSTEM32\VERSION.dll
0x00007fff915b0000 - 0x00007fff915c2000 	C:\WINDOWS\SYSTEM32\kernel.appcore.dll
0x00007fff8dc40000 - 0x00007fff8dc4a000 	C:\sts-4.19.1.RELEASE\plugins\org.eclipse.justj.openjdk.hotspot.jre.full.win32.x86_64_17.0.7.v20230425-1502\jre\bin\jimage.dll
0x00007fff91350000 - 0x00007fff91534000 	C:\WINDOWS\SYSTEM32\DBGHELP.DLL
0x00007fff7b490000 - 0x00007fff7b4c4000 	C:\WINDOWS\SYSTEM32\dbgcore.DLL
0x00007fff93260000 - 0x00007fff932e2000 	C:\WINDOWS\System32\bcryptPrimitives.dll
0x00007fff8c940000 - 0x00007fff8c965000 	C:\sts-4.19.1.RELEASE\plugins\org.eclipse.justj.openjdk.hotspot.jre.full.win32.x86_64_17.0.7.v20230425-1502\jre\bin\java.dll
0x00007fff7f280000 - 0x00007fff7f298000 	C:\sts-4.19.1.RELEASE\plugins\org.eclipse.justj.openjdk.hotspot.jre.full.win32.x86_64_17.0.7.v20230425-1502\jre\bin\zip.dll
0x00007fff94da0000 - 0x00007fff954e4000 	C:\WINDOWS\System32\SHELL32.dll
0x00007fff90a70000 - 0x00007fff91203000 	C:\WINDOWS\SYSTEM32\windows.storage.dll
0x00007fff941d0000 - 0x00007fff94524000 	C:\WINDOWS\System32\combase.dll
0x00007fff92770000 - 0x00007fff9279e000 	C:\WINDOWS\SYSTEM32\Wldp.dll
0x00007fff94680000 - 0x00007fff9472d000 	C:\WINDOWS\System32\SHCORE.dll
0x00007fff93a20000 - 0x00007fff93a75000 	C:\WINDOWS\System32\shlwapi.dll
0x00007fff92c60000 - 0x00007fff92c85000 	C:\WINDOWS\SYSTEM32\profapi.dll
0x00007fff7f260000 - 0x00007fff7f279000 	C:\sts-4.19.1.RELEASE\plugins\org.eclipse.justj.openjdk.hotspot.jre.full.win32.x86_64_17.0.7.v20230425-1502\jre\bin\net.dll
0x00007fff89d60000 - 0x00007fff89e6a000 	C:\WINDOWS\SYSTEM32\WINHTTP.dll
0x00007fff924d0000 - 0x00007fff9253a000 	C:\WINDOWS\system32\mswsock.dll
0x00007fff7f240000 - 0x00007fff7f255000 	C:\sts-4.19.1.RELEASE\plugins\org.eclipse.justj.openjdk.hotspot.jre.full.win32.x86_64_17.0.7.v20230425-1502\jre\bin\nio.dll
0x00007fff8d820000 - 0x00007fff8d829000 	C:\sts-4.19.1.RELEASE\plugins\org.eclipse.justj.openjdk.hotspot.jre.full.win32.x86_64_17.0.7.v20230425-1502\jre\bin\management.dll
0x00007fff84c30000 - 0x00007fff84c3b000 	C:\sts-4.19.1.RELEASE\plugins\org.eclipse.justj.openjdk.hotspot.jre.full.win32.x86_64_17.0.7.v20230425-1502\jre\bin\management_ext.dll
0x00007fff936b0000 - 0x00007fff936b8000 	C:\WINDOWS\System32\PSAPI.DLL
0x00007fff69040000 - 0x00007fff69057000 	C:\WINDOWS\system32\napinsp.dll
0x00007fff69020000 - 0x00007fff6903b000 	C:\WINDOWS\system32\pnrpnsp.dll
0x00007fff6b580000 - 0x00007fff6b595000 	C:\WINDOWS\system32\wshbth.dll
0x00007fff8f730000 - 0x00007fff8f74d000 	C:\WINDOWS\system32\NLAapi.dll
0x00007fff92170000 - 0x00007fff921ab000 	C:\WINDOWS\SYSTEM32\IPHLPAPI.DLL
0x00007fff921b0000 - 0x00007fff9227a000 	C:\WINDOWS\SYSTEM32\DNSAPI.dll
0x00007fff936f0000 - 0x00007fff936f8000 	C:\WINDOWS\System32\NSI.dll
0x00007fff69060000 - 0x00007fff69072000 	C:\WINDOWS\System32\winrnr.dll
0x00007fff85220000 - 0x00007fff8522a000 	C:\Windows\System32\rasadhlp.dll
0x00007fff83c70000 - 0x00007fff83cf2000 	C:\WINDOWS\System32\fwpuclnt.dll
0x00007fff932f0000 - 0x00007fff93317000 	C:\WINDOWS\System32\bcrypt.dll
0x00007fff926c0000 - 0x00007fff926d8000 	C:\WINDOWS\SYSTEM32\CRYPTSP.dll
0x00007fff91d70000 - 0x00007fff91da4000 	C:\WINDOWS\system32\rsaenh.dll
0x00007fff92c20000 - 0x00007fff92c4e000 	C:\WINDOWS\SYSTEM32\USERENV.dll
0x00007fff926e0000 - 0x00007fff926ec000 	C:\WINDOWS\SYSTEM32\CRYPTBASE.dll
0x00007fff8bc50000 - 0x00007fff8bc67000 	C:\WINDOWS\SYSTEM32\dhcpcsvc6.DLL
0x00007fff8b750000 - 0x00007fff8b76d000 	C:\WINDOWS\SYSTEM32\dhcpcsvc.DLL

dbghelp: loaded successfully - version: 4.0.5 - missing functions: none
symbol engine: initialized successfully - sym options: 0x614 - pdb path: .;C:\sts-4.19.1.RELEASE\plugins\org.eclipse.justj.openjdk.hotspot.jre.full.win32.x86_64_17.0.7.v20230425-1502\jre\bin;C:\WINDOWS\SYSTEM32;C:\WINDOWS\WinSxS\amd64_microsoft.windows.common-controls_6595b64144ccf1df_6.0.19041.1110_none_60b5254171f9507e;C:\sts-4.19.1.RELEASE\plugins\org.eclipse.justj.openjdk.hotspot.jre.full.win32.x86_64_17.0.7.v20230425-1502\jre\bin\server

VM Arguments:
jvm_args: -Dcom.sun.management.jmxremote -Dcom.sun.management.jmxremote.port=52347 -Dcom.sun.management.jmxremote.authenticate=false -Dcom.sun.management.jmxremote.ssl=false -Djava.rmi.server.hostname=localhost -Dspring.jmx.enabled=true -Dmanagement.endpoints.jmx.exposure.include=* -Dspring.application.admin.enabled=true -XX:TieredStopAtLevel=1 -Dspring.boot.project.name=loja_virtual_mentoria -Dfile.encoding=UTF-8 -XX:+ShowCodeDetailsInExceptionMessages 
java_command: jdev.mentoria.lojavirtual.LojaVirtualMentoriaApplication --spring.output.ansi.enabled=always
java_class_path (initial): C:\Users\Lenovo\Documents\workspace-spring-tool-suite-4-4.19.1.RELEASE\loja_virtual_mentoria\target\classes;C:\Users\Lenovo\.m2\repository\org\springframework\boot\spring-boot-starter-data-jpa\3.1.3\spring-boot-starter-data-jpa-3.1.3.jar;C:\Users\Lenovo\.m2\repository\org\springframework\boot\spring-boot-starter-aop\3.1.3\spring-boot-starter-aop-3.1.3.jar;C:\Users\Lenovo\.m2\repository\org\aspectj\aspectjweaver\1.9.20\aspectjweaver-1.9.20.jar;C:\Users\Lenovo\.m2\repository\org\springframework\boot\spring-boot-starter-jdbc\3.1.3\spring-boot-starter-jdbc-3.1.3.jar;C:\Users\Lenovo\.m2\repository\com\zaxxer\HikariCP\5.0.1\HikariCP-5.0.1.jar;C:\Users\Lenovo\.m2\repository\org\springframework\spring-jdbc\6.0.11\spring-jdbc-6.0.11.jar;C:\Users\Lenovo\.m2\repository\org\hibernate\orm\hibernate-core\6.2.7.Final\hibernate-core-6.2.7.Final.jar;C:\Users\Lenovo\.m2\repository\jakarta\persistence\jakarta.persistence-api\3.1.0\jakarta.persistence-api-3.1.0.jar;C:\Users\Lenovo\.m2\repository\jakarta\transaction\jakarta.transaction-api\2.0.1\jakarta.transaction-api-2.0.1.jar;C:\Users\Lenovo\.m2\repository\org\jboss\logging\jboss-logging\3.5.3.Final\jboss-logging-3.5.3.Final.jar;C:\Users\Lenovo\.m2\repository\org\hibernate\common\hibernate-commons-annotations\6.0.6.Final\hibernate-commons-annotations-6.0.6.Final.jar;C:\Users\Lenovo\.m2\repository\io\smallrye\jandex\3.0.5\jandex-3.0.5.jar;C:\Users\Lenovo\.m2\repository\com\fasterxml\classmate\1.5.1\classmate-1.5.1.jar;C:\Users\Lenovo\.m2\repository\net\bytebuddy\byte-buddy\1.14.6\byte-buddy-1.14.6.jar;C:\Users\Lenovo\.m2\repository\jakarta\inject\jakarta.inject-api\2.0.1\jakarta.inject-api-2.0.1.jar;C:\Users\Lenovo\.m2\repository\org\antlr\antlr4-runtime\4.10.1\antlr4-runtime-4.10.1.jar;C:\Users\Lenovo\.m2\repository\org\springframework\data\spring-data-jpa\3.1.3\spring-data-jpa-3.1.3.jar;C:\Users\Lenovo\.m2\repository\org\springframework\data\spring-data-commons\3.1.3\spring-data-commons-3.1.3.jar;C:\User
Launcher Type: SUN_STANDARD

[Global flags]
     intx CICompilerCount                          = 3                                         {product} {ergonomic}
     uint ConcGCThreads                            = 1                                         {product} {ergonomic}
     uint G1ConcRefinementThreads                  = 4                                         {product} {ergonomic}
   size_t G1HeapRegionSize                         = 1048576                                   {product} {ergonomic}
    uintx GCDrainStackTargetSize                   = 64                                        {product} {ergonomic}
   size_t InitialHeapSize                          = 134217728                                 {product} {ergonomic}
     bool ManagementServer                         = true                                      {product} {command line}
   size_t MarkStackSize                            = 4194304                                   {product} {ergonomic}
   size_t MaxHeapSize                              = 2116026368                                {product} {ergonomic}
   size_t MaxNewSize                               = 1268776960                                {product} {ergonomic}
   size_t MinHeapDeltaBytes                        = 1048576                                   {product} {ergonomic}
   size_t MinHeapSize                              = 8388608                                   {product} {ergonomic}
    uintx NonProfiledCodeHeapSize                  = 0                                      {pd product} {ergonomic}
     bool ProfileInterpreter                       = false                                  {pd product} {command line}
    uintx ProfiledCodeHeapSize                     = 0                                      {pd product} {ergonomic}
     bool ShowCodeDetailsInExceptionMessages       = true                                   {manageable} {command line}
   size_t SoftMaxHeapSize                          = 2116026368                             {manageable} {ergonomic}
     intx TieredStopAtLevel                        = 1                                         {product} {command line}
     bool UseCompressedClassPointers               = true                           {product lp64_product} {ergonomic}
     bool UseCompressedOops                        = true                           {product lp64_product} {ergonomic}
     bool UseG1GC                                  = true                                      {product} {ergonomic}
     bool UseLargePagesIndividualAllocation        = false                                  {pd product} {ergonomic}

Logging:
Log output configuration:
 #0: stdout all=warning uptime,level,tags
 #1: stderr all=off uptime,level,tags

Environment Variables:
JAVA_HOME=C:\Program Files\Java\jdk-16.0.2
CLASSPATH=.;C:\Program Files\Java\jdk-16.0.2\lib
PATH=C:/sts-4.19.1.RELEASE//plugins/org.eclipse.justj.openjdk.hotspot.jre.full.win32.x86_64_17.0.7.v20230425-1502/jre/bin/server;C:/sts-4.19.1.RELEASE//plugins/org.eclipse.justj.openjdk.hotspot.jre.full.win32.x86_64_17.0.7.v20230425-1502/jre/bin;C:\Program Files\Java\jdk-16.0.2;C:\Program Files\Java\jdk-16.0.2\bin;C:\apache-tomcat-10.0.12\bin;C:\Program Files\Common Files\Oracle\Java\javapath;C:\Windows\system32;C:\Windows;C:\Windows\System32\Wbem;C:\Windows\System32\WindowsPowerShell\v1.0\;C:\Program Files (x86)\NVIDIA Corporation\PhysX\Common;C:\WINDOWS\system32;C:\WINDOWS;C:\WINDOWS\System32\Wbem;C:\WINDOWS\System32\WindowsPowerShell\v1.0\;C:\WINDOWS\System32\OpenSSH\;C:\Program Files\NVIDIA Corporation\NVIDIA NvDLISR;C:\apache-maven-3.8.5\bin;C:\Program Files\Git\cmd;C:\Users\Lenovo\AppData\Local\Microsoft\WindowsApps;C:\Program Files\JetBrains\IntelliJ IDEA 2023.2\bin;;C:\sts-4.19.1.RELEASE;
USERNAME=Lenovo
OS=Windows_NT
PROCESSOR_IDENTIFIER=Intel64 Family 6 Model 142 Stepping 9, GenuineIntel
TMP=C:\Users\Lenovo\AppData\Local\Temp
TEMP=C:\Users\Lenovo\AppData\Local\Temp



---------------  S Y S T E M  ---------------

OS:
 Windows 10 , 64 bit Build 19041 (10.0.19041.3155)
OS uptime: 12 days 10:09 hours

CPU: total 4 (initial active 4) (2 cores per cpu, 2 threads per core) family 6 model 142 stepping 9 microcode 0xd6, cx8, cmov, fxsr, ht, mmx, 3dnowpref, sse, sse2, sse3, ssse3, sse4.1, sse4.2, popcnt, lzcnt, tsc, tscinvbit, avx, avx2, aes, erms, clmul, bmi1, bmi2, adx, fma, vzeroupper, clflush, clflushopt

Memory: 4k page, system-wide physical 8066M (1027M free)
TotalPageFile size 11266M (AvailPageFile size 5M)
current process WorkingSet (physical memory assigned to process): 77M, peak: 77M
current process commit charge ("private bytes"): 215M, peak: 215M

vm_info: OpenJDK 64-Bit Server VM (17.0.7+7) for windows-amd64 JRE (17.0.7+7), built on Apr 18 2023 22:10:42 by "temurin" with MS VC++ 16.7 (VS2019)

END.
